[0.018s] Invoking command in '/home/jun/ros2_ws/build/pcl_processing': CMAKE_PREFIX_PATH=${CMAKE_PREFIX_PATH}:/opt/ros/humble /usr/bin/cmake --build /home/jun/ros2_ws/build/pcl_processing -- -j8 -l8
[0.134s] [ 14%] Built target kitti_voxel
[0.147s] [ 28%] Built target pcd_import
[0.147s] [ 42%] Built target circular_cloud
[0.147s] [ 57%] Built target pcl_filter
[0.150s] [ 71%] Built target kd_tree
[0.150s] [ 85%] Built target traffic_segmentation
[0.158s] [100%] Built target plane_cloud
[0.185s] Invoked command in '/home/jun/ros2_ws/build/pcl_processing' returned '0': CMAKE_PREFIX_PATH=${CMAKE_PREFIX_PATH}:/opt/ros/humble /usr/bin/cmake --build /home/jun/ros2_ws/build/pcl_processing -- -j8 -l8
[0.237s] Invoking command in '/home/jun/ros2_ws/build/pcl_processing': CMAKE_PREFIX_PATH=${CMAKE_PREFIX_PATH}:/opt/ros/humble /usr/bin/cmake --install /home/jun/ros2_ws/build/pcl_processing
[0.247s] -- Install configuration: ""
[0.247s] -- Up-to-date: /home/jun/ros2_ws/install/pcl_processing/lib/pcl_processing/kitti_voxel
[0.248s] -- Up-to-date: /home/jun/ros2_ws/install/pcl_processing/lib/pcl_processing/circular_cloud
[0.248s] -- Up-to-date: /home/jun/ros2_ws/install/pcl_processing/lib/pcl_processing/pcd_import
[0.248s] -- Up-to-date: /home/jun/ros2_ws/install/pcl_processing/lib/pcl_processing/plane_cloud
[0.249s] -- Up-to-date: /home/jun/ros2_ws/install/pcl_processing/lib/pcl_processing/kd_tree
[0.249s] -- Up-to-date: /home/jun/ros2_ws/install/pcl_processing/lib/pcl_processing/traffic_segmentation
[0.249s] -- Up-to-date: /home/jun/ros2_ws/install/pcl_processing/share/pcl_processing//launch
[0.250s] -- Up-to-date: /home/jun/ros2_ws/install/pcl_processing/share/pcl_processing//launch/rtab_mapping.launch.py
[0.250s] -- Up-to-date: /home/jun/ros2_ws/install/pcl_processing/share/pcl_processing//launch/bring_rviz.launch.py
[0.250s] -- Up-to-date: /home/jun/ros2_ws/install/pcl_processing/share/pcl_processing//launch/process_kitti.launch.py
[0.250s] -- Up-to-date: /home/jun/ros2_ws/install/pcl_processing/share/pcl_processing//rviz
[0.250s] -- Up-to-date: /home/jun/ros2_ws/install/pcl_processing/share/pcl_processing//rviz/kitti_viz.rviz
[0.250s] -- Up-to-date: /home/jun/ros2_ws/install/pcl_processing/share/pcl_processing//rviz/kitti_viz_old.rviz
[0.250s] -- Up-to-date: /home/jun/ros2_ws/install/pcl_processing/share/ament_index/resource_index/package_run_dependencies/pcl_processing
[0.250s] -- Up-to-date: /home/jun/ros2_ws/install/pcl_processing/share/ament_index/resource_index/parent_prefix_path/pcl_processing
[0.250s] -- Up-to-date: /home/jun/ros2_ws/install/pcl_processing/share/pcl_processing/environment/ament_prefix_path.sh
[0.251s] -- Up-to-date: /home/jun/ros2_ws/install/pcl_processing/share/pcl_processing/environment/ament_prefix_path.dsv
[0.251s] -- Up-to-date: /home/jun/ros2_ws/install/pcl_processing/share/pcl_processing/environment/path.sh
[0.251s] -- Up-to-date: /home/jun/ros2_ws/install/pcl_processing/share/pcl_processing/environment/path.dsv
[0.251s] -- Up-to-date: /home/jun/ros2_ws/install/pcl_processing/share/pcl_processing/local_setup.bash
[0.251s] -- Up-to-date: /home/jun/ros2_ws/install/pcl_processing/share/pcl_processing/local_setup.sh
[0.251s] -- Up-to-date: /home/jun/ros2_ws/install/pcl_processing/share/pcl_processing/local_setup.zsh
[0.251s] -- Up-to-date: /home/jun/ros2_ws/install/pcl_processing/share/pcl_processing/local_setup.dsv
[0.251s] -- Installing: /home/jun/ros2_ws/install/pcl_processing/share/pcl_processing/package.dsv
[0.251s] -- Up-to-date: /home/jun/ros2_ws/install/pcl_processing/share/ament_index/resource_index/packages/pcl_processing
[0.251s] -- Up-to-date: /home/jun/ros2_ws/install/pcl_processing/share/pcl_processing/cmake/pcl_processingConfig.cmake
[0.251s] -- Up-to-date: /home/jun/ros2_ws/install/pcl_processing/share/pcl_processing/cmake/pcl_processingConfig-version.cmake
[0.252s] -- Up-to-date: /home/jun/ros2_ws/install/pcl_processing/share/pcl_processing/package.xml
[0.253s] Invoked command in '/home/jun/ros2_ws/build/pcl_processing' returned '0': CMAKE_PREFIX_PATH=${CMAKE_PREFIX_PATH}:/opt/ros/humble /usr/bin/cmake --install /home/jun/ros2_ws/build/pcl_processing
