[0.013s] Invoking command in '/home/jun/ros2_ws/build/pcl_processing': CMAKE_PREFIX_PATH=${CMAKE_PREFIX_PATH}:/opt/ros/humble /usr/bin/cmake --build /home/jun/ros2_ws/build/pcl_processing -- -j8 -l8
[0.044s] -- Found ament_cmake: 1.3.8 (/opt/ros/humble/share/ament_cmake/cmake)
[0.160s] -- Eigen found (include: /usr/include/eigen3, version: 3.4.0)
[0.193s] -- FLANN found (include: /usr/include, lib: /usr/lib/x86_64-linux-gnu/libflann_cpp.so)
[0.424s] -- OpenNI found (version: 1.5.4.0, include: /usr/include/ni, lib: /usr/lib/libOpenNI.so;libusb::libusb)
[0.429s] -- OpenNI2 found (version: 2.2.0.33, include: /usr/include/openni2, lib: /usr/lib/x86_64-linux-gnu/libOpenNI2.so;libusb::libusb)
[0.429s] [0m** WARNING ** io features related to pcap will be disabled[0m
[0.549s] -- Eigen found (include: /usr/include/eigen3, version: 3.4.0)
[0.554s] -- OpenNI found (version: 1.5.4.0, include: /usr/include/ni, lib: /usr/lib/libOpenNI.so;libusb::libusb)
[0.558s] -- OpenNI2 found (version: 2.2.0.33, include: /usr/include/openni2, lib: /usr/lib/x86_64-linux-gnu/libOpenNI2.so;libusb::libusb)
[0.660s] -- Found Qhull version 8.0.2
[0.764s] -- OpenNI found (version: 1.5.4.0, include: /usr/include/ni, lib: /usr/lib/libOpenNI.so;libusb::libusb)
[0.864s] -- looking for PCL_COMMON
[0.864s] -- looking for PCL_KDTREE
[0.864s] -- looking for PCL_OCTREE
[0.864s] -- looking for PCL_SEARCH
[0.865s] -- looking for PCL_SAMPLE_CONSENSUS
[0.865s] -- looking for PCL_FILTERS
[0.865s] -- looking for PCL_2D
[0.865s] -- looking for PCL_GEOMETRY
[0.866s] -- looking for PCL_IO
[0.866s] -- looking for PCL_FEATURES
[0.866s] -- looking for PCL_ML
[0.866s] -- looking for PCL_SEGMENTATION
[0.867s] -- looking for PCL_VISUALIZATION
[0.867s] -- looking for PCL_SURFACE
[0.867s] -- looking for PCL_REGISTRATION
[0.867s] -- looking for PCL_KEYPOINTS
[0.868s] -- looking for PCL_TRACKING
[0.868s] -- looking for PCL_RECOGNITION
[0.868s] -- looking for PCL_STEREO
[0.869s] -- looking for PCL_APPS
[0.869s] -- looking for PCL_IN_HAND_SCANNER
[0.869s] -- looking for PCL_MODELER
[0.869s] -- looking for PCL_POINT_CLOUD_EDITOR
[0.870s] -- looking for PCL_OUTOFCORE
[0.870s] -- looking for PCL_PEOPLE
[0.922s] -- Configuring done
[0.977s] -- Generating done
[0.978s] -- Build files have been written to: /home/jun/ros2_ws/build/pcl_processing
[0.999s] [35m[1mConsolidate compiler generated dependencies of target plane_cloud[0m
[0.999s] [35m[1mConsolidate compiler generated dependencies of target pcd_import[0m
[1.000s] [35m[1mConsolidate compiler generated dependencies of target circular_cloud[0m
[1.001s] [35m[1mConsolidate compiler generated dependencies of target pcl_filter[0m
[1.009s] [ 10%] [32mBuilding CXX object CMakeFiles/pcl_path.dir/src/4_path.cpp.o[0m
[1.015s] [ 30%] Built target pcd_import
[1.018s] [ 50%] Built target circular_cloud
[1.019s] [ 70%] Built target plane_cloud
[1.021s] [ 80%] [32mBuilding CXX object CMakeFiles/pcl_filter.dir/src/3_filtering.cpp.o[0m
[4.991s] [01m[K/home/jun/ros2_ws/src/pcl_processing/src/4_path.cpp:[m[K In function ‘[01m[Kint main()[m[K’:
[4.991s] [01m[K/home/jun/ros2_ws/src/pcl_processing/src/4_path.cpp:19:22:[m[K [01;35m[Kwarning: [m[Kcomparison of integer expressions of different signedness: ‘[01m[Kint[m[K’ and ‘[01m[Kstd::vector<pcl::PointXYZ, Eigen::aligned_allocator<pcl::PointXYZ> >::size_type[m[K’ {aka ‘[01m[Klong unsigned int[m[K’} [[01;35m[K]8;;https://gcc.gnu.org/onlinedocs/gcc/Warning-Options.html#index-Wsign-compare-Wsign-compare]8;;[m[K]
[4.991s]    19 |         for(int i=0;[01;35m[Ki<cloud->points.size()[m[K;i++){
[4.991s]       |                     [01;35m[K~^~~~~~~~~~~~~~~~~~~~~[m[K
[5.986s] [ 90%] [32m[1mLinking CXX executable pcl_path[0m
[6.601s] [ 90%] Built target pcl_path
[8.349s] [100%] [32m[1mLinking CXX executable pcl_filter[0m
[10.956s] [100%] Built target pcl_filter
[10.968s] Invoked command in '/home/jun/ros2_ws/build/pcl_processing' returned '0': CMAKE_PREFIX_PATH=${CMAKE_PREFIX_PATH}:/opt/ros/humble /usr/bin/cmake --build /home/jun/ros2_ws/build/pcl_processing -- -j8 -l8
[11.012s] Invoking command in '/home/jun/ros2_ws/build/pcl_processing': CMAKE_PREFIX_PATH=${CMAKE_PREFIX_PATH}:/opt/ros/humble /usr/bin/cmake --install /home/jun/ros2_ws/build/pcl_processing
[11.022s] -- Install configuration: ""
[11.022s] -- Installing: /home/jun/ros2_ws/install/pcl_processing/lib/pcl_processing/pcl_filter
[11.024s] -- Up-to-date: /home/jun/ros2_ws/install/pcl_processing/lib/pcl_processing/circular_cloud
[11.024s] -- Up-to-date: /home/jun/ros2_ws/install/pcl_processing/lib/pcl_processing/pcd_import
[11.024s] -- Up-to-date: /home/jun/ros2_ws/install/pcl_processing/lib/pcl_processing/plane_cloud
[11.025s] -- Up-to-date: /home/jun/ros2_ws/install/pcl_processing/share/pcl_processing//launch
[11.026s] -- Up-to-date: /home/jun/ros2_ws/install/pcl_processing/share/pcl_processing//launch/rtab_mapping.launch.py
[11.026s] -- Up-to-date: /home/jun/ros2_ws/install/pcl_processing/share/ament_index/resource_index/package_run_dependencies/pcl_processing
[11.026s] -- Up-to-date: /home/jun/ros2_ws/install/pcl_processing/share/ament_index/resource_index/parent_prefix_path/pcl_processing
[11.028s] -- Up-to-date: /home/jun/ros2_ws/install/pcl_processing/share/pcl_processing/environment/ament_prefix_path.sh
[11.028s] -- Installing: /home/jun/ros2_ws/install/pcl_processing/share/pcl_processing/environment/ament_prefix_path.dsv
[11.028s] -- Up-to-date: /home/jun/ros2_ws/install/pcl_processing/share/pcl_processing/environment/path.sh
[11.028s] -- Installing: /home/jun/ros2_ws/install/pcl_processing/share/pcl_processing/environment/path.dsv
[11.028s] -- Up-to-date: /home/jun/ros2_ws/install/pcl_processing/share/pcl_processing/local_setup.bash
[11.028s] -- Up-to-date: /home/jun/ros2_ws/install/pcl_processing/share/pcl_processing/local_setup.sh
[11.029s] -- Up-to-date: /home/jun/ros2_ws/install/pcl_processing/share/pcl_processing/local_setup.zsh
[11.029s] -- Installing: /home/jun/ros2_ws/install/pcl_processing/share/pcl_processing/local_setup.dsv
[11.029s] -- Installing: /home/jun/ros2_ws/install/pcl_processing/share/pcl_processing/package.dsv
[11.029s] -- Up-to-date: /home/jun/ros2_ws/install/pcl_processing/share/ament_index/resource_index/packages/pcl_processing
[11.029s] -- Up-to-date: /home/jun/ros2_ws/install/pcl_processing/share/pcl_processing/cmake/pcl_processingConfig.cmake
[11.029s] -- Up-to-date: /home/jun/ros2_ws/install/pcl_processing/share/pcl_processing/cmake/pcl_processingConfig-version.cmake
[11.029s] -- Up-to-date: /home/jun/ros2_ws/install/pcl_processing/share/pcl_processing/package.xml
[11.032s] Invoked command in '/home/jun/ros2_ws/build/pcl_processing' returned '0': CMAKE_PREFIX_PATH=${CMAKE_PREFIX_PATH}:/opt/ros/humble /usr/bin/cmake --install /home/jun/ros2_ws/build/pcl_processing
