[0.017s] Invoking command in '/home/jun/ros2_ws/build/pcl_processing': CMAKE_PREFIX_PATH=${CMAKE_PREFIX_PATH}:/opt/ros/humble /usr/bin/cmake --build /home/jun/ros2_ws/build/pcl_processing -- -j8 -l8
[0.045s] -- Found ament_cmake: 1.3.8 (/opt/ros/humble/share/ament_cmake/cmake)
[0.204s] -- Eigen found (include: /usr/include/eigen3, version: 3.4.0)
[0.249s] -- FLANN found (include: /usr/include, lib: /usr/lib/x86_64-linux-gnu/libflann_cpp.so)
[0.549s] -- OpenNI found (version: 1.5.4.0, include: /usr/include/ni, lib: /usr/lib/libOpenNI.so;libusb::libusb)
[0.553s] [0m** WARNING ** io features related to pcap will be disabled[0m
[0.553s] -- OpenNI2 found (version: 2.2.0.33, include: /usr/include/openni2, lib: /usr/lib/x86_64-linux-gnu/libOpenNI2.so;libusb::libusb)
[0.678s] -- Eigen found (include: /usr/include/eigen3, version: 3.4.0)
[0.682s] -- OpenNI found (version: 1.5.4.0, include: /usr/include/ni, lib: /usr/lib/libOpenNI.so;libusb::libusb)
[0.686s] -- OpenNI2 found (version: 2.2.0.33, include: /usr/include/openni2, lib: /usr/lib/x86_64-linux-gnu/libOpenNI2.so;libusb::libusb)
[0.804s] -- Found Qhull version 8.0.2
[0.926s] -- OpenNI found (version: 1.5.4.0, include: /usr/include/ni, lib: /usr/lib/libOpenNI.so;libusb::libusb)
[1.039s] -- looking for PCL_COMMON
[1.039s] -- looking for PCL_KDTREE
[1.039s] -- looking for PCL_OCTREE
[1.039s] -- looking for PCL_SEARCH
[1.039s] -- looking for PCL_SAMPLE_CONSENSUS
[1.040s] -- looking for PCL_FILTERS
[1.040s] -- looking for PCL_2D
[1.040s] -- looking for PCL_GEOMETRY
[1.040s] -- looking for PCL_IO
[1.041s] -- looking for PCL_FEATURES
[1.041s] -- looking for PCL_ML
[1.042s] -- looking for PCL_SEGMENTATION
[1.042s] -- looking for PCL_VISUALIZATION
[1.042s] -- looking for PCL_SURFACE
[1.043s] -- looking for PCL_REGISTRATION
[1.043s] -- looking for PCL_KEYPOINTS
[1.043s] -- looking for PCL_TRACKING
[1.044s] -- looking for PCL_RECOGNITION
[1.044s] -- looking for PCL_STEREO
[1.044s] -- looking for PCL_APPS
[1.045s] -- looking for PCL_IN_HAND_SCANNER
[1.045s] -- looking for PCL_MODELER
[1.045s] -- looking for PCL_POINT_CLOUD_EDITOR
[1.046s] -- looking for PCL_OUTOFCORE
[1.046s] -- looking for PCL_PEOPLE
[1.105s] -- Configuring done
[1.149s] -- Generating done
[1.151s] -- Build files have been written to: /home/jun/ros2_ws/build/pcl_processing
[1.173s] [35m[1mConsolidate compiler generated dependencies of target pcd_import[0m
[1.173s] [35m[1mConsolidate compiler generated dependencies of target plane_cloud[0m
[1.174s] [35m[1mConsolidate compiler generated dependencies of target circular_cloud[0m
[1.191s] [ 66%] Built target plane_cloud
[1.191s] [ 66%] Built target pcd_import
[1.196s] [100%] Built target circular_cloud
[1.204s] Invoked command in '/home/jun/ros2_ws/build/pcl_processing' returned '0': CMAKE_PREFIX_PATH=${CMAKE_PREFIX_PATH}:/opt/ros/humble /usr/bin/cmake --build /home/jun/ros2_ws/build/pcl_processing -- -j8 -l8
[1.232s] Invoking command in '/home/jun/ros2_ws/build/pcl_processing': CMAKE_PREFIX_PATH=${CMAKE_PREFIX_PATH}:/opt/ros/humble /usr/bin/cmake --install /home/jun/ros2_ws/build/pcl_processing
[1.235s] -- Install configuration: ""
[1.236s] -- Up-to-date: /home/jun/ros2_ws/install/pcl_processing/lib/pcl_processing/circular_cloud
[1.236s] -- Up-to-date: /home/jun/ros2_ws/install/pcl_processing/lib/pcl_processing/pcd_import
[1.236s] -- Up-to-date: /home/jun/ros2_ws/install/pcl_processing/lib/pcl_processing/plane_cloud
[1.236s] -- Installing: /home/jun/ros2_ws/install/pcl_processing/share/pcl_processing//launch
[1.236s] -- Installing: /home/jun/ros2_ws/install/pcl_processing/share/pcl_processing//launch/rtab_mapping.launch.py
[1.236s] -- Up-to-date: /home/jun/ros2_ws/install/pcl_processing/share/ament_index/resource_index/package_run_dependencies/pcl_processing
[1.236s] -- Installing: /home/jun/ros2_ws/install/pcl_processing/share/ament_index/resource_index/parent_prefix_path/pcl_processing
[1.236s] -- Up-to-date: /home/jun/ros2_ws/install/pcl_processing/share/pcl_processing/environment/ament_prefix_path.sh
[1.236s] -- Installing: /home/jun/ros2_ws/install/pcl_processing/share/pcl_processing/environment/ament_prefix_path.dsv
[1.236s] -- Up-to-date: /home/jun/ros2_ws/install/pcl_processing/share/pcl_processing/environment/path.sh
[1.236s] -- Installing: /home/jun/ros2_ws/install/pcl_processing/share/pcl_processing/environment/path.dsv
[1.237s] -- Up-to-date: /home/jun/ros2_ws/install/pcl_processing/share/pcl_processing/local_setup.bash
[1.237s] -- Up-to-date: /home/jun/ros2_ws/install/pcl_processing/share/pcl_processing/local_setup.sh
[1.237s] -- Up-to-date: /home/jun/ros2_ws/install/pcl_processing/share/pcl_processing/local_setup.zsh
[1.237s] -- Installing: /home/jun/ros2_ws/install/pcl_processing/share/pcl_processing/local_setup.dsv
[1.237s] -- Installing: /home/jun/ros2_ws/install/pcl_processing/share/pcl_processing/package.dsv
[1.237s] -- Up-to-date: /home/jun/ros2_ws/install/pcl_processing/share/ament_index/resource_index/packages/pcl_processing
[1.237s] -- Up-to-date: /home/jun/ros2_ws/install/pcl_processing/share/pcl_processing/cmake/pcl_processingConfig.cmake
[1.237s] -- Up-to-date: /home/jun/ros2_ws/install/pcl_processing/share/pcl_processing/cmake/pcl_processingConfig-version.cmake
[1.237s] -- Up-to-date: /home/jun/ros2_ws/install/pcl_processing/share/pcl_processing/package.xml
[1.238s] Invoked command in '/home/jun/ros2_ws/build/pcl_processing' returned '0': CMAKE_PREFIX_PATH=${CMAKE_PREFIX_PATH}:/opt/ros/humble /usr/bin/cmake --install /home/jun/ros2_ws/build/pcl_processing
