[0.025s] Invoking command in '/home/jun/ros2_ws/build/pcl_processing': CMAKE_PREFIX_PATH=${CMAKE_PREFIX_PATH}:/opt/ros/humble /usr/bin/cmake --build /home/jun/ros2_ws/build/pcl_processing -- -j8 -l8
[0.059s] -- Found ament_cmake: 1.3.8 (/opt/ros/humble/share/ament_cmake/cmake)
[0.273s] -- Eigen found (include: /usr/include/eigen3, version: 3.4.0)
[0.340s] -- FLANN found (include: /usr/include, lib: /usr/lib/x86_64-linux-gnu/libflann_cpp.so)
[0.779s] -- OpenNI found (version: 1.5.4.0, include: /usr/include/ni, lib: /usr/lib/libOpenNI.so;libusb::libusb)
[0.793s] -- OpenNI2 found (version: 2.2.0.33, include: /usr/include/openni2, lib: /usr/lib/x86_64-linux-gnu/libOpenNI2.so;libusb::libusb)
[0.794s] [0m** WARNING ** io features related to pcap will be disabled[0m
[0.980s] -- Eigen found (include: /usr/include/eigen3, version: 3.4.0)
[0.986s] -- OpenNI found (version: 1.5.4.0, include: /usr/include/ni, lib: /usr/lib/libOpenNI.so;libusb::libusb)
[0.995s] -- OpenNI2 found (version: 2.2.0.33, include: /usr/include/openni2, lib: /usr/lib/x86_64-linux-gnu/libOpenNI2.so;libusb::libusb)
[1.178s] -- Found Qhull version 8.0.2
[1.350s] -- OpenNI found (version: 1.5.4.0, include: /usr/include/ni, lib: /usr/lib/libOpenNI.so;libusb::libusb)
[1.526s] -- looking for PCL_COMMON
[1.526s] -- looking for PCL_KDTREE
[1.526s] -- looking for PCL_OCTREE
[1.527s] -- looking for PCL_SEARCH
[1.527s] -- looking for PCL_SAMPLE_CONSENSUS
[1.527s] -- looking for PCL_FILTERS
[1.528s] -- looking for PCL_2D
[1.528s] -- looking for PCL_GEOMETRY
[1.529s] -- looking for PCL_IO
[1.530s] -- looking for PCL_FEATURES
[1.530s] -- looking for PCL_ML
[1.531s] -- looking for PCL_SEGMENTATION
[1.531s] -- looking for PCL_VISUALIZATION
[1.532s] -- looking for PCL_SURFACE
[1.532s] -- looking for PCL_REGISTRATION
[1.533s] -- looking for PCL_KEYPOINTS
[1.534s] -- looking for PCL_TRACKING
[1.534s] -- looking for PCL_RECOGNITION
[1.535s] -- looking for PCL_STEREO
[1.535s] -- looking for PCL_APPS
[1.536s] -- looking for PCL_IN_HAND_SCANNER
[1.537s] -- looking for PCL_MODELER
[1.537s] -- looking for PCL_POINT_CLOUD_EDITOR
[1.538s] -- looking for PCL_OUTOFCORE
[1.539s] -- looking for PCL_PEOPLE
[1.540s] -- Found rclcpp: 16.0.8 (/opt/ros/humble/share/rclcpp/cmake)
[1.566s] -- Found rosidl_generator_c: 3.1.5 (/opt/ros/humble/share/rosidl_generator_c/cmake)
[1.568s] -- Found rosidl_adapter: 3.1.5 (/opt/ros/humble/share/rosidl_adapter/cmake)
[1.574s] -- Found rosidl_generator_cpp: 3.1.5 (/opt/ros/humble/share/rosidl_generator_cpp/cmake)
[1.585s] -- Using all available rosidl_typesupport_c: rosidl_typesupport_fastrtps_c;rosidl_typesupport_introspection_c
[1.604s] -- Using all available rosidl_typesupport_cpp: rosidl_typesupport_fastrtps_cpp;rosidl_typesupport_introspection_cpp
[1.667s] -- Found rmw_implementation_cmake: 6.1.1 (/opt/ros/humble/share/rmw_implementation_cmake/cmake)
[1.668s] -- Found rmw_fastrtps_cpp: 6.2.6 (/opt/ros/humble/share/rmw_fastrtps_cpp/cmake)
[1.818s] -- Using RMW implementation 'rmw_fastrtps_cpp' as default
[2.031s] -- Found sensor_msgs: 4.2.3 (/opt/ros/humble/share/sensor_msgs/cmake)
[2.205s] -- Found pcl_conversions: 2.4.0 (/opt/ros/humble/share/pcl_conversions/cmake)
[2.601s] -- Configuring done
[2.751s] -- Generating done
[2.754s] -- Build files have been written to: /home/jun/ros2_ws/build/pcl_processing
[2.801s] [35m[1mConsolidate compiler generated dependencies of target plane_cloud[0m
[2.801s] [35m[1mConsolidate compiler generated dependencies of target pcd_import[0m
[2.802s] [35m[1mConsolidate compiler generated dependencies of target pcl_filter[0m
[2.814s] [35m[1mConsolidate compiler generated dependencies of target circular_cloud[0m
[2.815s] [ 10%] [32mBuilding CXX object CMakeFiles/kitti_voxel.dir/src/5_kitti_voxel.cpp.o[0m
[2.842s] [ 30%] Built target circular_cloud
[2.843s] [ 50%] Built target plane_cloud
[2.846s] [ 70%] Built target pcd_import
[2.856s] [ 90%] Built target pcl_filter
