[0.038s] Invoking command in '/home/jun/ros2_ws/build/pcl_processing': CMAKE_PREFIX_PATH=${CMAKE_PREFIX_PATH}:/opt/ros/humble /usr/bin/cmake --build /home/jun/ros2_ws/build/pcl_processing -- -j8 -l8
[0.121s] -- Found ament_cmake: 1.3.8 (/opt/ros/humble/share/ament_cmake/cmake)
[0.374s] -- Eigen found (include: /usr/include/eigen3, version: 3.4.0)
[0.437s] -- FLANN found (include: /usr/include, lib: /usr/lib/x86_64-linux-gnu/libflann_cpp.so)
[1.048s] -- OpenNI found (version: 1.5.4.0, include: /usr/include/ni, lib: /usr/lib/libOpenNI.so;libusb::libusb)
[1.058s] -- OpenNI2 found (version: 2.2.0.33, include: /usr/include/openni2, lib: /usr/lib/x86_64-linux-gnu/libOpenNI2.so;libusb::libusb)
[1.058s] [0m** WARNING ** io features related to pcap will be disabled[0m
[1.290s] -- Eigen found (include: /usr/include/eigen3, version: 3.4.0)
[1.297s] -- OpenNI found (version: 1.5.4.0, include: /usr/include/ni, lib: /usr/lib/libOpenNI.so;libusb::libusb)
[1.305s] -- OpenNI2 found (version: 2.2.0.33, include: /usr/include/openni2, lib: /usr/lib/x86_64-linux-gnu/libOpenNI2.so;libusb::libusb)
[1.527s] -- Found Qhull version 8.0.2
[1.741s] -- OpenNI found (version: 1.5.4.0, include: /usr/include/ni, lib: /usr/lib/libOpenNI.so;libusb::libusb)
[1.984s] -- looking for PCL_COMMON
[1.985s] -- looking for PCL_KDTREE
[1.986s] -- looking for PCL_OCTREE
[1.986s] -- looking for PCL_SEARCH
[1.988s] -- looking for PCL_SAMPLE_CONSENSUS
[1.988s] -- looking for PCL_FILTERS
[1.990s] -- looking for PCL_2D
[1.991s] -- looking for PCL_GEOMETRY
[1.991s] -- looking for PCL_IO
[1.991s] -- looking for PCL_FEATURES
[1.991s] -- looking for PCL_ML
[1.992s] -- looking for PCL_SEGMENTATION
[1.992s] -- looking for PCL_VISUALIZATION
[1.996s] -- looking for PCL_SURFACE
[1.996s] -- looking for PCL_REGISTRATION
[1.996s] -- looking for PCL_KEYPOINTS
[1.996s] -- looking for PCL_TRACKING
[1.997s] -- looking for PCL_RECOGNITION
[1.998s] -- looking for PCL_STEREO
[1.998s] -- looking for PCL_APPS
[2.003s] -- looking for PCL_IN_HAND_SCANNER
[2.003s] -- looking for PCL_MODELER
[2.003s] -- looking for PCL_POINT_CLOUD_EDITOR
[2.003s] -- looking for PCL_OUTOFCORE
[2.004s] -- looking for PCL_PEOPLE
[2.128s] -- Configuring done
[2.213s] -- Generating done
[2.215s] -- Build files have been written to: /home/jun/ros2_ws/build/pcl_processing
[2.264s] [35m[1mConsolidate compiler generated dependencies of target pcd_import[0m
[2.294s] [ 25%] Built target pcd_import
[2.308s] [35m[1mConsolidate compiler generated dependencies of target pcl_filter[0m
[2.337s] [ 37%] [32mBuilding CXX object CMakeFiles/pcl_filter.dir/src/3_filtering.cpp.o[0m
[7.154s] [01m[K/home/jun/ros2_ws/src/pcl_processing/src/3_filtering.cpp:[m[K In function ‘[01m[Kint main()[m[K’:
[7.154s] [01m[K/home/jun/ros2_ws/src/pcl_processing/src/3_filtering.cpp:21:20:[m[K [01;31m[Kerror: [m[K‘[01m[KPointT[m[K’ was not declared in this scope; did you mean ‘[01m[KPoinT[m[K’?
[7.155s]    21 |     pcl::VoxelGrid<[01;31m[KPointT[m[K> voxel_filter;
[7.155s]       |                    [01;31m[K^~~~~~[m[K
[7.155s]       |                    [32m[KPoinT[m[K
[7.155s] [01m[K/home/jun/ros2_ws/src/pcl_processing/src/3_filtering.cpp:21:26:[m[K [01;31m[Kerror: [m[Ktemplate argument 1 is invalid
[7.155s]    21 |     pcl::VoxelGrid<PointT[01;31m[K>[m[K voxel_filter;
[7.155s]       |                          [01;31m[K^[m[K
[7.155s] [01m[K/home/jun/ros2_ws/src/pcl_processing/src/3_filtering.cpp:22:18:[m[K [01;31m[Kerror: [m[Krequest for member ‘[01m[KsetInputCloud[m[K’ in ‘[01m[Kvoxel_filter[m[K’, which is of non-class type ‘[01m[Kint[m[K’
[7.155s]    22 |     voxel_filter.[01;31m[KsetInputCloud[m[K(cloud);
[7.155s]       |                  [01;31m[K^~~~~~~~~~~~~[m[K
[7.155s] [01m[K/home/jun/ros2_ws/src/pcl_processing/src/3_filtering.cpp:23:18:[m[K [01;31m[Kerror: [m[Krequest for member ‘[01m[KsetLeafSize[m[K’ in ‘[01m[Kvoxel_filter[m[K’, which is of non-class type ‘[01m[Kint[m[K’
[7.156s]    23 |     voxel_filter.[01;31m[KsetLeafSize[m[K(0.05, 0.05, 0.05);
[7.156s]       |                  [01;31m[K^~~~~~~~~~~[m[K
[7.156s] [01m[K/home/jun/ros2_ws/src/pcl_processing/src/3_filtering.cpp:24:18:[m[K [01;31m[Kerror: [m[Krequest for member ‘[01m[Kfilter[m[K’ in ‘[01m[Kvoxel_filter[m[K’, which is of non-class type ‘[01m[Kint[m[K’
[7.156s]    24 |     voxel_filter.[01;31m[Kfilter[m[K(*voxel_cloud);
[7.156s]       |                  [01;31m[K^~~~~~[m[K
[7.156s] [01m[K/home/jun/ros2_ws/src/pcl_processing/src/3_filtering.cpp:26:30:[m[K [01;31m[Kerror: [m[Kno matching function for call to ‘[01m[Kpcl::PCDWriter::write<PoinT>(std::string&, std::string&, std::__shared_ptr_access<pcl::PointCloud<pcl::PointXYZRGB>, __gnu_cxx::_S_atomic, false, false>::element_type&)[m[K’
[7.163s]    26 |     [01;31m[Kcloud_writer.write<PoinT>(path, output_name, *voxel_cloud)[m[K
[7.164s]       |     [01;31m[K~~~~~~~~~~~~~~~~~~~~~~~~~^~~~~~~~~~~~~~~~~~~~~~~~~~~~~~~~~[m[K
[7.164s] In file included from [01m[K/home/jun/ros2_ws/src/pcl_processing/src/3_filtering.cpp:2[m[K:
[7.164s] [01m[K/usr/include/pcl-1.12/pcl/io/pcd_io.h:553:7:[m[K [01;36m[Knote: [m[Kcandidate: ‘[01m[Kint pcl::PCDWriter::write(const string&, const pcl::PointCloud<PointT>&, bool) [with PointT = pcl::PointXYZRGB; std::string = std::__cxx11::basic_string<char>][m[K’
[7.164s]   553 |       [01;36m[Kwrite[m[K (const std::string &file_name,
[7.164s]       |       [01;36m[K^~~~~[m[K
[7.164s] [01m[K/usr/include/pcl-1.12/pcl/io/pcd_io.h:554:45:[m[K [01;36m[Knote: [m[K  no known conversion for argument 2 from ‘[01m[Kstd::string[m[K’ {aka ‘[01m[Kstd::__cxx11::basic_string<char>[m[K’} to ‘[01m[Kconst pcl::PointCloud<pcl::PointXYZRGB>&[m[K’
[7.164s]   554 |              [01;36m[Kconst pcl::PointCloud<PointT> &cloud[m[K,
[7.164s]       |              [01;36m[K~~~~~~~~~~~~~~~~~~~~~~~~~~~~~~~^~~~~[m[K
[7.164s] [01m[K/usr/include/pcl-1.12/pcl/io/pcd_io.h:577:7:[m[K [01;36m[Knote: [m[Kcandidate: ‘[01m[Kint pcl::PCDWriter::write(const string&, const pcl::PointCloud<PointT>&, const Indices&, bool) [with PointT = pcl::PointXYZRGB; std::string = std::__cxx11::basic_string<char>; pcl::Indices = std::vector<int, std::allocator<int> >][m[K’
[7.165s]   577 |       [01;36m[Kwrite[m[K (const std::string &file_name,
[7.165s]       |       [01;36m[K^~~~~[m[K
[7.165s] [01m[K/usr/include/pcl-1.12/pcl/io/pcd_io.h:578:45:[m[K [01;36m[Knote: [m[K  no known conversion for argument 2 from ‘[01m[Kstd::string[m[K’ {aka ‘[01m[Kstd::__cxx11::basic_string<char>[m[K’} to ‘[01m[Kconst pcl::PointCloud<pcl::PointXYZRGB>&[m[K’
[7.165s]   578 |              [01;36m[Kconst pcl::PointCloud<PointT> &cloud[m[K,
[7.165s]       |              [01;36m[K~~~~~~~~~~~~~~~~~~~~~~~~~~~~~~~^~~~~[m[K
[7.858s] gmake[2]: *** [CMakeFiles/pcl_filter.dir/build.make:76: CMakeFiles/pcl_filter.dir/src/3_filtering.cpp.o] Error 1
[7.862s] gmake[1]: *** [CMakeFiles/Makefile2:221: CMakeFiles/pcl_filter.dir/all] Error 2
[7.863s] gmake: *** [Makefile:146: all] Error 2
[7.863s] Invoked command in '/home/jun/ros2_ws/build/pcl_processing' returned '2': CMAKE_PREFIX_PATH=${CMAKE_PREFIX_PATH}:/opt/ros/humble /usr/bin/cmake --build /home/jun/ros2_ws/build/pcl_processing -- -j8 -l8
