[0.008s] Invoking command in '/home/jun/ros2_ws/build/pcl_processing': CMAKE_PREFIX_PATH=${CMAKE_PREFIX_PATH}:/home/jun/ros2_ws/install/py_pubsub:/opt/ros/humble /usr/bin/cmake --build /home/jun/ros2_ws/build/pcl_processing -- -j8 -l8
[0.024s] -- Found ament_cmake: 1.3.8 (/opt/ros/humble/share/ament_cmake/cmake)
[0.117s] -- Eigen found (include: /usr/include/eigen3, version: 3.4.0)
[0.147s] -- FLANN found (include: /usr/include, lib: /usr/lib/x86_64-linux-gnu/libflann_cpp.so)
[0.369s] -- OpenNI found (version: 1.5.4.0, include: /usr/include/ni, lib: /usr/lib/libOpenNI.so;libusb::libusb)
[0.373s] -- OpenNI2 found (version: 2.2.0.33, include: /usr/include/openni2, lib: /usr/lib/x86_64-linux-gnu/libOpenNI2.so;libusb::libusb)
[0.373s] [0m** WARNING ** io features related to pcap will be disabled[0m
[0.477s] -- Eigen found (include: /usr/include/eigen3, version: 3.4.0)
[0.481s] -- OpenNI found (version: 1.5.4.0, include: /usr/include/ni, lib: /usr/lib/libOpenNI.so;libusb::libusb)
[0.485s] -- OpenNI2 found (version: 2.2.0.33, include: /usr/include/openni2, lib: /usr/lib/x86_64-linux-gnu/libOpenNI2.so;libusb::libusb)
[0.581s] -- Found Qhull version 8.0.2
[0.682s] -- OpenNI found (version: 1.5.4.0, include: /usr/include/ni, lib: /usr/lib/libOpenNI.so;libusb::libusb)
[0.778s] -- looking for PCL_COMMON
[0.778s] -- looking for PCL_KDTREE
[0.778s] -- looking for PCL_OCTREE
[0.779s] -- looking for PCL_SEARCH
[0.779s] -- looking for PCL_SAMPLE_CONSENSUS
[0.779s] -- looking for PCL_FILTERS
[0.779s] -- looking for PCL_2D
[0.780s] -- looking for PCL_GEOMETRY
[0.780s] -- looking for PCL_IO
[0.780s] -- looking for PCL_FEATURES
[0.780s] -- looking for PCL_ML
[0.781s] -- looking for PCL_SEGMENTATION
[0.781s] -- looking for PCL_VISUALIZATION
[0.781s] -- looking for PCL_SURFACE
[0.781s] -- looking for PCL_REGISTRATION
[0.782s] -- looking for PCL_KEYPOINTS
[0.782s] -- looking for PCL_TRACKING
[0.782s] -- looking for PCL_RECOGNITION
[0.782s] -- looking for PCL_STEREO
[0.783s] -- looking for PCL_APPS
[0.783s] -- looking for PCL_IN_HAND_SCANNER
[0.783s] -- looking for PCL_MODELER
[0.784s] -- looking for PCL_POINT_CLOUD_EDITOR
[0.784s] -- looking for PCL_OUTOFCORE
[0.784s] -- looking for PCL_PEOPLE
[0.835s] -- Configuring done
[0.839s] -- Generating done
[0.840s] -- Build files have been written to: /home/jun/ros2_ws/build/pcl_processing
[0.864s] [ 50%] [32mBuilding CXX object CMakeFiles/pcd_import.dir/src/0_table_scene.cpp.o[0m
[0.877s] [100%] [32m[1mLinking CXX executable pcd_import[0m
[0.903s] /usr/bin/ld: /usr/lib/gcc/x86_64-linux-gnu/11/../../../x86_64-linux-gnu/Scrt1.o: in function `_start':
[0.903s] (.text+0x1b): undefined reference to `main'
[0.904s] collect2: error: ld returned 1 exit status
[0.906s] gmake[2]: *** [CMakeFiles/pcd_import.dir/build.make:97: pcd_import] Error 1
[0.906s] gmake[1]: *** [CMakeFiles/Makefile2:137: CMakeFiles/pcd_import.dir/all] Error 2
[0.906s] gmake: *** [Makefile:146: all] Error 2
[0.907s] Invoked command in '/home/jun/ros2_ws/build/pcl_processing' returned '2': CMAKE_PREFIX_PATH=${CMAKE_PREFIX_PATH}:/home/jun/ros2_ws/install/py_pubsub:/opt/ros/humble /usr/bin/cmake --build /home/jun/ros2_ws/build/pcl_processing -- -j8 -l8
