[0.015s] Invoking command in '/home/jun/ros2_ws/build/pcl_processing': CMAKE_PREFIX_PATH=${CMAKE_PREFIX_PATH}:/home/jun/ros2_ws/install/py_pubsub:/opt/ros/humble /usr/bin/cmake --build /home/jun/ros2_ws/build/pcl_processing -- -j8 -l8
[0.038s] [35m[1mConsolidate compiler generated dependencies of target circular_cloud[0m
[0.057s] [ 83%] Built target pcd_import
[0.057s] [ 83%] Built target plane_cloud
[0.057s] [ 66%] [32mBuilding CXX object CMakeFiles/circular_cloud.dir/src/2_circular_cloud.cpp.o[0m
[1.894s] [01m[K/home/jun/ros2_ws/src/pcl_processing/src/2_circular_cloud.cpp:[m[K In function ‘[01m[Kint main()[m[K’:
[1.894s] [01m[K/home/jun/ros2_ws/src/pcl_processing/src/2_circular_cloud.cpp:17:16:[m[K [01;31m[Kerror: [m[K‘[01m[Kradius[m[K’ was not declared in this scope; did you mean ‘[01m[Kpcl::fields::radius[m[K’?
[1.894s]    17 |      point.x = [01;31m[Kradius[m[K * std::cos(angel);
[1.894s]       |                [01;31m[K^~~~~~[m[K
[1.894s]       |                [32m[Kpcl::fields::radius[m[K
[1.895s] In file included from [01m[K/usr/include/boost/preprocessor/tuple/elem.hpp:23[m[K,
[1.895s]                  from [01m[K/usr/include/boost/preprocessor/arithmetic/add.hpp:21[m[K,
[1.895s]                  from [01m[K/usr/include/boost/mpl/aux_/preprocessor/def_params_tail.hpp:66[m[K,
[1.895s]                  from [01m[K/usr/include/boost/mpl/aux_/na_spec.hpp:28[m[K,
[1.895s]                  from [01m[K/usr/include/boost/mpl/not.hpp:20[m[K,
[1.895s]                  from [01m[K/usr/include/boost/mpl/assert.hpp:17[m[K,
[1.895s]                  from [01m[K/usr/include/pcl-1.12/pcl/point_struct_traits.h:40[m[K,
[1.895s]                  from [01m[K/usr/include/pcl-1.12/pcl/type_traits.h:40[m[K,
[1.895s]                  from [01m[K/usr/include/pcl-1.12/pcl/memory.h:46[m[K,
[1.895s]                  from [01m[K/usr/include/pcl-1.12/pcl/io/pcd_io.h:42[m[K,
[1.895s]                  from [01m[K/home/jun/ros2_ws/src/pcl_processing/src/2_circular_cloud.cpp:2[m[K:
[1.895s] [01m[K/usr/include/pcl-1.12/pcl/impl/point_types.hpp:2244:1:[m[K [01;36m[Knote: [m[K‘[01m[Kpcl::fields::radius[m[K’ declared here
[1.895s]  2244 | [01;36m[KPOINT_CLOUD_REGISTER_POINT_STRUCT[m[K(pcl::PointSurfel,
[1.895s]       | [01;36m[K^~~~~~~~~~~~~~~~~~~~~~~~~~~~~~~~~[m[K
[1.897s] [01m[K/home/jun/ros2_ws/src/pcl_processing/src/2_circular_cloud.cpp:17:34:[m[K [01;31m[Kerror: [m[K‘[01m[Kangel[m[K’ was not declared in this scope; did you mean ‘[01m[Kangle[m[K’?
[1.897s]    17 |      point.x = radius * std::cos([01;31m[Kangel[m[K);
[1.897s]       |                                  [01;31m[K^~~~~[m[K
[1.897s]       |                                  [32m[Kangle[m[K
[1.897s] [01m[K/home/jun/ros2_ws/src/pcl_processing/src/2_circular_cloud.cpp:15:13:[m[K [01;35m[Kwarning: [m[Kunused variable ‘[01m[Kangle[m[K’ [[01;35m[K]8;;https://gcc.gnu.org/onlinedocs/gcc/Warning-Options.html#index-Wunused-variable-Wunused-variable]8;;[m[K]
[1.898s]    15 |      double [01;35m[Kangle[m[K = i * angular_step_size;
[1.898s]       |             [01;35m[K^~~~~[m[K
[1.898s] [01m[K/home/jun/ros2_ws/src/pcl_processing/src/2_circular_cloud.cpp:9:13:[m[K [01;35m[Kwarning: [m[Kunused variable ‘[01m[Kraidus[m[K’ [[01;35m[K]8;;https://gcc.gnu.org/onlinedocs/gcc/Warning-Options.html#index-Wunused-variable-Wunused-variable]8;;[m[K]
[1.898s]     9 |      double [01;35m[Kraidus[m[K = 3.0;
[1.898s]       |             [01;35m[K^~~~~~[m[K
[2.111s] gmake[2]: *** [CMakeFiles/circular_cloud.dir/build.make:76: CMakeFiles/circular_cloud.dir/src/2_circular_cloud.cpp.o] Error 1
[2.111s] gmake[1]: *** [CMakeFiles/Makefile2:193: CMakeFiles/circular_cloud.dir/all] Error 2
[2.111s] gmake: *** [Makefile:146: all] Error 2
[2.113s] Invoked command in '/home/jun/ros2_ws/build/pcl_processing' returned '2': CMAKE_PREFIX_PATH=${CMAKE_PREFIX_PATH}:/home/jun/ros2_ws/install/py_pubsub:/opt/ros/humble /usr/bin/cmake --build /home/jun/ros2_ws/build/pcl_processing -- -j8 -l8
