[0.023s] Invoking command in '/home/jun/ros2_ws/build/ros2_kitti_publishers': CMAKE_PREFIX_PATH=${CMAKE_PREFIX_PATH}:/opt/ros/humble /usr/bin/cmake --build /home/jun/ros2_ws/build/ros2_kitti_publishers -- -j8 -l8
[0.103s] [ 50%] Built target ros2_kitti_publishers
[0.176s] [100%] Built target kitti_publishers
[0.194s] Invoked command in '/home/jun/ros2_ws/build/ros2_kitti_publishers' returned '0': CMAKE_PREFIX_PATH=${CMAKE_PREFIX_PATH}:/opt/ros/humble /usr/bin/cmake --build /home/jun/ros2_ws/build/ros2_kitti_publishers -- -j8 -l8
[0.246s] Invoking command in '/home/jun/ros2_ws/build/ros2_kitti_publishers': CMAKE_PREFIX_PATH=${CMAKE_PREFIX_PATH}:/opt/ros/humble /usr/bin/cmake --install /home/jun/ros2_ws/build/ros2_kitti_publishers
[0.261s] -- Install configuration: ""
[0.261s] -- Up-to-date: /home/jun/ros2_ws/install/ros2_kitti_publishers/include/
[0.261s] -- Up-to-date: /home/jun/ros2_ws/install/ros2_kitti_publishers/include//ros2_kitti_publishers
[0.261s] -- Up-to-date: /home/jun/ros2_ws/install/ros2_kitti_publishers/include//ros2_kitti_publishers/visibility.h
[0.261s] -- Up-to-date: /home/jun/ros2_ws/install/ros2_kitti_publishers/include//ros2_kitti_publishers/WGS84toCartesian.hpp
[0.261s] -- Up-to-date: /home/jun/ros2_ws/install/ros2_kitti_publishers/include//ros2_kitti_publishers/kitti_publishers_node.hpp
[0.261s] -- Up-to-date: /home/jun/ros2_ws/install/ros2_kitti_publishers/share/ros2_kitti_publishers/launch
[0.261s] -- Up-to-date: /home/jun/ros2_ws/install/ros2_kitti_publishers/share/ros2_kitti_publishers/launch/README.md
[0.261s] -- Up-to-date: /home/jun/ros2_ws/install/ros2_kitti_publishers/lib/libros2_kitti_publishers.so
[0.261s] -- Up-to-date: /home/jun/ros2_ws/install/ros2_kitti_publishers/lib/ros2_kitti_publishers/kitti_publishers
[0.262s] -- Up-to-date: /home/jun/ros2_ws/install/ros2_kitti_publishers/share/ament_index/resource_index/package_run_dependencies/ros2_kitti_publishers
[0.262s] -- Up-to-date: /home/jun/ros2_ws/install/ros2_kitti_publishers/share/ament_index/resource_index/parent_prefix_path/ros2_kitti_publishers
[0.262s] -- Up-to-date: /home/jun/ros2_ws/install/ros2_kitti_publishers/share/ros2_kitti_publishers/environment/ament_prefix_path.sh
[0.262s] -- Up-to-date: /home/jun/ros2_ws/install/ros2_kitti_publishers/share/ros2_kitti_publishers/environment/ament_prefix_path.dsv
[0.262s] -- Up-to-date: /home/jun/ros2_ws/install/ros2_kitti_publishers/share/ros2_kitti_publishers/environment/path.sh
[0.262s] -- Up-to-date: /home/jun/ros2_ws/install/ros2_kitti_publishers/share/ros2_kitti_publishers/environment/path.dsv
[0.262s] -- Up-to-date: /home/jun/ros2_ws/install/ros2_kitti_publishers/share/ros2_kitti_publishers/local_setup.bash
[0.262s] -- Up-to-date: /home/jun/ros2_ws/install/ros2_kitti_publishers/share/ros2_kitti_publishers/local_setup.sh
[0.262s] -- Up-to-date: /home/jun/ros2_ws/install/ros2_kitti_publishers/share/ros2_kitti_publishers/local_setup.zsh
[0.262s] -- Up-to-date: /home/jun/ros2_ws/install/ros2_kitti_publishers/share/ros2_kitti_publishers/local_setup.dsv
[0.262s] -- Installing: /home/jun/ros2_ws/install/ros2_kitti_publishers/share/ros2_kitti_publishers/package.dsv
[0.262s] -- Up-to-date: /home/jun/ros2_ws/install/ros2_kitti_publishers/share/ament_index/resource_index/packages/ros2_kitti_publishers
[0.262s] -- Up-to-date: /home/jun/ros2_ws/install/ros2_kitti_publishers/share/ros2_kitti_publishers/cmake/ros2_kitti_publishersConfig.cmake
[0.262s] -- Up-to-date: /home/jun/ros2_ws/install/ros2_kitti_publishers/share/ros2_kitti_publishers/cmake/ros2_kitti_publishersConfig-version.cmake
[0.262s] -- Up-to-date: /home/jun/ros2_ws/install/ros2_kitti_publishers/share/ros2_kitti_publishers/package.xml
[0.283s] Invoked command in '/home/jun/ros2_ws/build/ros2_kitti_publishers' returned '0': CMAKE_PREFIX_PATH=${CMAKE_PREFIX_PATH}:/opt/ros/humble /usr/bin/cmake --install /home/jun/ros2_ws/build/ros2_kitti_publishers
