[0.031s] Invoking command in '/home/jun/ros2_ws/build/pcl_processing': CMAKE_PREFIX_PATH=${CMAKE_PREFIX_PATH}:/opt/ros/humble /usr/bin/cmake --build /home/jun/ros2_ws/build/pcl_processing -- -j8 -l8
[0.101s] -- Found ament_cmake: 1.3.8 (/opt/ros/humble/share/ament_cmake/cmake)
[0.324s] -- Eigen found (include: /usr/include/eigen3, version: 3.4.0)
[0.401s] -- FLANN found (include: /usr/include, lib: /usr/lib/x86_64-linux-gnu/libflann_cpp.so)
[0.899s] -- OpenNI found (version: 1.5.4.0, include: /usr/include/ni, lib: /usr/lib/libOpenNI.so;libusb::libusb)
[0.909s] -- OpenNI2 found (version: 2.2.0.33, include: /usr/include/openni2, lib: /usr/lib/x86_64-linux-gnu/libOpenNI2.so;libusb::libusb)
[0.909s] [0m** WARNING ** io features related to pcap will be disabled[0m
[1.136s] -- Eigen found (include: /usr/include/eigen3, version: 3.4.0)
[1.145s] -- OpenNI found (version: 1.5.4.0, include: /usr/include/ni, lib: /usr/lib/libOpenNI.so;libusb::libusb)
[1.154s] -- OpenNI2 found (version: 2.2.0.33, include: /usr/include/openni2, lib: /usr/lib/x86_64-linux-gnu/libOpenNI2.so;libusb::libusb)
[1.365s] -- Found Qhull version 8.0.2
[1.571s] -- OpenNI found (version: 1.5.4.0, include: /usr/include/ni, lib: /usr/lib/libOpenNI.so;libusb::libusb)
[1.760s] -- looking for PCL_COMMON
[1.760s] -- looking for PCL_KDTREE
[1.761s] -- looking for PCL_OCTREE
[1.761s] -- looking for PCL_SEARCH
[1.762s] -- looking for PCL_SAMPLE_CONSENSUS
[1.763s] -- looking for PCL_FILTERS
[1.763s] -- looking for PCL_2D
[1.764s] -- looking for PCL_GEOMETRY
[1.764s] -- looking for PCL_IO
[1.765s] -- looking for PCL_FEATURES
[1.765s] -- looking for PCL_ML
[1.765s] -- looking for PCL_SEGMENTATION
[1.766s] -- looking for PCL_VISUALIZATION
[1.766s] -- looking for PCL_SURFACE
[1.767s] -- looking for PCL_REGISTRATION
[1.767s] -- looking for PCL_KEYPOINTS
[1.767s] -- looking for PCL_TRACKING
[1.768s] -- looking for PCL_RECOGNITION
[1.768s] -- looking for PCL_STEREO
[1.769s] -- looking for PCL_APPS
[1.769s] -- looking for PCL_IN_HAND_SCANNER
[1.770s] -- looking for PCL_MODELER
[1.770s] -- looking for PCL_POINT_CLOUD_EDITOR
[1.770s] -- looking for PCL_OUTOFCORE
[1.771s] -- looking for PCL_PEOPLE
[1.862s] -- Configuring done
[1.928s] -- Generating done
[1.931s] -- Build files have been written to: /home/jun/ros2_ws/build/pcl_processing
[1.970s] [35m[1mConsolidate compiler generated dependencies of target pcd_import[0m
[1.993s] [ 25%] Built target pcd_import
[2.011s] [ 37%] [32mBuilding CXX object CMakeFiles/pcl_filter.dir/src/3_filtering.cpp.o[0m
[6.673s] [01m[K/home/jun/ros2_ws/src/pcl_processing/src/3_filtering.cpp:7:1:[m[K [01;31m[Kerror: [m[K‘[01m[Ktype[m[K’ does not name a type; did you mean ‘[01m[Ktypeof[m[K’?
[6.673s]     7 | [01;31m[Ktype[m[K def pcl::PointXYZRGB PoinT;
[6.673s]       | [01;31m[K^~~~[m[K
[6.673s]       | [32m[Ktypeof[m[K
[6.679s] [01m[K/home/jun/ros2_ws/src/pcl_processing/src/3_filtering.cpp:[m[K In function ‘[01m[Kint main()[m[K’:
[6.679s] [01m[K/home/jun/ros2_ws/src/pcl_processing/src/3_filtering.cpp:10:21:[m[K [01;31m[Kerror: [m[K‘[01m[KPoinT[m[K’ was not declared in this scope
[6.680s]    10 |     pcl::PointCloud<[01;31m[KPoinT[m[K>::Ptr cloud(new pcl::PointCloud<PoinT>);
[6.680s]       |                     [01;31m[K^~~~~[m[K
[6.680s] [01m[K/home/jun/ros2_ws/src/pcl_processing/src/3_filtering.cpp:10:26:[m[K [01;31m[Kerror: [m[Ktemplate argument 1 is invalid
[6.680s]    10 |     pcl::PointCloud<PoinT[01;31m[K>[m[K::Ptr cloud(new pcl::PointCloud<PoinT>);
[6.680s]       |                          [01;31m[K^[m[K
[6.680s] [01m[K/home/jun/ros2_ws/src/pcl_processing/src/3_filtering.cpp:10:33:[m[K [01;31m[Kerror: [m[Kexpected initializer before ‘[01m[Kcloud[m[K’
[6.680s]    10 |     pcl::PointCloud<PoinT>::Ptr [01;31m[Kcloud[m[K(new pcl::PointCloud<PoinT>);
[6.680s]       |                                 [01;31m[K^~~~~[m[K
[6.680s] [01m[K/home/jun/ros2_ws/src/pcl_processing/src/3_filtering.cpp:11:33:[m[K [01;31m[Kerror: [m[Kexpected initializer before ‘[01m[Kvoxel_cloud[m[K’
[6.680s]    11 |     pcl::PointCloud<PoinT>::Ptr [01;31m[Kvoxel_cloud[m[K(new pcl::PointCloud<PoinT>);
[6.681s]       |                                 [01;31m[K^~~~~~~~~~~[m[K
[6.685s] [01m[K/home/jun/ros2_ws/src/pcl_processing/src/3_filtering.cpp:19:43:[m[K [01;31m[Kerror: [m[K‘[01m[Kcloud[m[K’ was not declared in this scope
[6.685s]    19 |     cloud_reader.read(path + cloud_name, *[01;31m[Kcloud[m[K);
[6.685s]       |                                           [01;31m[K^~~~~[m[K
[6.691s] [01m[K/home/jun/ros2_ws/src/pcl_processing/src/3_filtering.cpp:21:20:[m[K [01;31m[Kerror: [m[K‘[01m[KPointT[m[K’ was not declared in this scope
[6.691s]    21 |     pcl::VoxelGrid<[01;31m[KPointT[m[K> voxel_filter;
[6.691s]       |                    [01;31m[K^~~~~~[m[K
[6.691s] [01m[K/home/jun/ros2_ws/src/pcl_processing/src/3_filtering.cpp:21:26:[m[K [01;31m[Kerror: [m[Ktemplate argument 1 is invalid
[6.691s]    21 |     pcl::VoxelGrid<PointT[01;31m[K>[m[K voxel_filter;
[6.692s]       |                          [01;31m[K^[m[K
[6.692s] [01m[K/home/jun/ros2_ws/src/pcl_processing/src/3_filtering.cpp:22:18:[m[K [01;31m[Kerror: [m[Krequest for member ‘[01m[KsetInputCloud[m[K’ in ‘[01m[Kvoxel_filter[m[K’, which is of non-class type ‘[01m[Kint[m[K’
[6.692s]    22 |     voxel_filter.[01;31m[KsetInputCloud[m[K(cloud);
[6.692s]       |                  [01;31m[K^~~~~~~~~~~~~[m[K
[6.692s] [01m[K/home/jun/ros2_ws/src/pcl_processing/src/3_filtering.cpp:23:18:[m[K [01;31m[Kerror: [m[Krequest for member ‘[01m[KsetLeafSize[m[K’ in ‘[01m[Kvoxel_filter[m[K’, which is of non-class type ‘[01m[Kint[m[K’
[6.692s]    23 |     voxel_filter.[01;31m[KsetLeafSize[m[K(0.05, 0.05, 0.05);
[6.692s]       |                  [01;31m[K^~~~~~~~~~~[m[K
[6.692s] [01m[K/home/jun/ros2_ws/src/pcl_processing/src/3_filtering.cpp:24:18:[m[K [01;31m[Kerror: [m[Krequest for member ‘[01m[Kfilter[m[K’ in ‘[01m[Kvoxel_filter[m[K’, which is of non-class type ‘[01m[Kint[m[K’
[6.692s]    24 |     voxel_filter.[01;31m[Kfilter[m[K(*voxel_cloud);
[6.692s]       |                  [01;31m[K^~~~~~[m[K
[6.703s] [01m[K/home/jun/ros2_ws/src/pcl_processing/src/3_filtering.cpp:24:26:[m[K [01;31m[Kerror: [m[K‘[01m[Kvoxel_cloud[m[K’ was not declared in this scope
[6.703s]    24 |     voxel_filter.filter(*[01;31m[Kvoxel_cloud[m[K);
[6.703s]       |                          [01;31m[K^~~~~~~~~~~[m[K
[7.356s] gmake[2]: *** [CMakeFiles/pcl_filter.dir/build.make:76: CMakeFiles/pcl_filter.dir/src/3_filtering.cpp.o] Error 1
[7.356s] gmake[1]: *** [CMakeFiles/Makefile2:221: CMakeFiles/pcl_filter.dir/all] Error 2
[7.356s] gmake: *** [Makefile:146: all] Error 2
[7.356s] Invoked command in '/home/jun/ros2_ws/build/pcl_processing' returned '2': CMAKE_PREFIX_PATH=${CMAKE_PREFIX_PATH}:/opt/ros/humble /usr/bin/cmake --build /home/jun/ros2_ws/build/pcl_processing -- -j8 -l8
