[0.019s] Invoking command in '/home/jun/ros2_ws/build/pcl_processing': CMAKE_PREFIX_PATH=${CMAKE_PREFIX_PATH}:/opt/ros/humble /usr/bin/cmake --build /home/jun/ros2_ws/build/pcl_processing -- -j8 -l8
[0.099s] [ 25%] Built target pcd_import
[0.119s] [35m[1mConsolidate compiler generated dependencies of target pcl_filter[0m
[0.151s] [ 37%] [32mBuilding CXX object CMakeFiles/pcl_filter.dir/src/3_filtering.cpp.o[0m
[4.578s] [01m[K/home/jun/ros2_ws/src/pcl_processing/src/3_filtering.cpp:[m[K In function ‘[01m[Kint main()[m[K’:
[4.578s] [01m[K/home/jun/ros2_ws/src/pcl_processing/src/3_filtering.cpp:20:20:[m[K [01;31m[Kerror: [m[K‘[01m[KPointT[m[K’ was not declared in this scope; did you mean ‘[01m[KPoinT[m[K’?
[4.578s]    20 |     pcl::VoxelGrid<[01;31m[KPointT[m[K> voxel_filter;
[4.578s]       |                    [01;31m[K^~~~~~[m[K
[4.578s]       |                    [32m[KPoinT[m[K
[4.582s] [01m[K/home/jun/ros2_ws/src/pcl_processing/src/3_filtering.cpp:20:26:[m[K [01;31m[Kerror: [m[Ktemplate argument 1 is invalid
[4.582s]    20 |     pcl::VoxelGrid<PointT[01;31m[K>[m[K voxel_filter;
[4.582s]       |                          [01;31m[K^[m[K
[4.582s] [01m[K/home/jun/ros2_ws/src/pcl_processing/src/3_filtering.cpp:21:18:[m[K [01;31m[Kerror: [m[Krequest for member ‘[01m[KsetInputCloud[m[K’ in ‘[01m[Kvoxel_filter[m[K’, which is of non-class type ‘[01m[Kint[m[K’
[4.582s]    21 |     voxel_filter.[01;31m[KsetInputCloud[m[K(cloud);
[4.582s]       |                  [01;31m[K^~~~~~~~~~~~~[m[K
[4.582s] [01m[K/home/jun/ros2_ws/src/pcl_processing/src/3_filtering.cpp:22:18:[m[K [01;31m[Kerror: [m[Krequest for member ‘[01m[KsetLeafSize[m[K’ in ‘[01m[Kvoxel_filter[m[K’, which is of non-class type ‘[01m[Kint[m[K’
[4.582s]    22 |     voxel_filter.[01;31m[KsetLeafSize[m[K(0.05, 0.05, 0.05);
[4.583s]       |                  [01;31m[K^~~~~~~~~~~[m[K
[4.583s] [01m[K/home/jun/ros2_ws/src/pcl_processing/src/3_filtering.cpp:23:18:[m[K [01;31m[Kerror: [m[Krequest for member ‘[01m[Kfilter[m[K’ in ‘[01m[Kvoxel_filter[m[K’, which is of non-class type ‘[01m[Kint[m[K’
[4.583s]    23 |     voxel_filter.[01;31m[Kfilter[m[K(*voxel_cloud);
[4.583s]       |                  [01;31m[K^~~~~~[m[K
[4.583s] [01m[K/home/jun/ros2_ws/src/pcl_processing/src/3_filtering.cpp:25:30:[m[K [01;31m[Kerror: [m[Kno matching function for call to ‘[01m[Kpcl::PCDWriter::write<PoinT>(std::string&, std::string&, std::__shared_ptr_access<pcl::PointCloud<pcl::PointXYZRGB>, __gnu_cxx::_S_atomic, false, false>::element_type&)[m[K’
[4.583s]    25 |     [01;31m[Kcloud_writer.write<PoinT>(path, output_name, *voxel_cloud)[m[K
[4.583s]       |     [01;31m[K~~~~~~~~~~~~~~~~~~~~~~~~~^~~~~~~~~~~~~~~~~~~~~~~~~~~~~~~~~[m[K
[4.583s] In file included from [01m[K/home/jun/ros2_ws/src/pcl_processing/src/3_filtering.cpp:2[m[K:
[4.583s] [01m[K/usr/include/pcl-1.12/pcl/io/pcd_io.h:553:7:[m[K [01;36m[Knote: [m[Kcandidate: ‘[01m[Kint pcl::PCDWriter::write(const string&, const pcl::PointCloud<PointT>&, bool) [with PointT = pcl::PointXYZRGB; std::string = std::__cxx11::basic_string<char>][m[K’
[4.584s]   553 |       [01;36m[Kwrite[m[K (const std::string &file_name,
[4.584s]       |       [01;36m[K^~~~~[m[K
[4.584s] [01m[K/usr/include/pcl-1.12/pcl/io/pcd_io.h:554:45:[m[K [01;36m[Knote: [m[K  no known conversion for argument 2 from ‘[01m[Kstd::string[m[K’ {aka ‘[01m[Kstd::__cxx11::basic_string<char>[m[K’} to ‘[01m[Kconst pcl::PointCloud<pcl::PointXYZRGB>&[m[K’
[4.584s]   554 |              [01;36m[Kconst pcl::PointCloud<PointT> &cloud[m[K,
[4.584s]       |              [01;36m[K~~~~~~~~~~~~~~~~~~~~~~~~~~~~~~~^~~~~[m[K
[4.584s] [01m[K/usr/include/pcl-1.12/pcl/io/pcd_io.h:577:7:[m[K [01;36m[Knote: [m[Kcandidate: ‘[01m[Kint pcl::PCDWriter::write(const string&, const pcl::PointCloud<PointT>&, const Indices&, bool) [with PointT = pcl::PointXYZRGB; std::string = std::__cxx11::basic_string<char>; pcl::Indices = std::vector<int, std::allocator<int> >][m[K’
[4.584s]   577 |       [01;36m[Kwrite[m[K (const std::string &file_name,
[4.584s]       |       [01;36m[K^~~~~[m[K
[4.585s] [01m[K/usr/include/pcl-1.12/pcl/io/pcd_io.h:578:45:[m[K [01;36m[Knote: [m[K  no known conversion for argument 2 from ‘[01m[Kstd::string[m[K’ {aka ‘[01m[Kstd::__cxx11::basic_string<char>[m[K’} to ‘[01m[Kconst pcl::PointCloud<pcl::PointXYZRGB>&[m[K’
[4.585s]   578 |              [01;36m[Kconst pcl::PointCloud<PointT> &cloud[m[K,
[4.585s]       |              [01;36m[K~~~~~~~~~~~~~~~~~~~~~~~~~~~~~~~^~~~~[m[K
[5.170s] gmake[2]: *** [CMakeFiles/pcl_filter.dir/build.make:76: CMakeFiles/pcl_filter.dir/src/3_filtering.cpp.o] Error 1
[5.170s] gmake[1]: *** [CMakeFiles/Makefile2:221: CMakeFiles/pcl_filter.dir/all] Error 2
[5.171s] gmake: *** [Makefile:146: all] Error 2
[5.172s] Invoked command in '/home/jun/ros2_ws/build/pcl_processing' returned '2': CMAKE_PREFIX_PATH=${CMAKE_PREFIX_PATH}:/opt/ros/humble /usr/bin/cmake --build /home/jun/ros2_ws/build/pcl_processing -- -j8 -l8
