[0.014s] Invoking command in '/home/jun/ros2_ws/build/pcl_processing': CMAKE_PREFIX_PATH=${CMAKE_PREFIX_PATH}:/opt/ros/humble /usr/bin/cmake --build /home/jun/ros2_ws/build/pcl_processing -- -j8 -l8
[0.057s] -- Found ament_cmake: 1.3.8 (/opt/ros/humble/share/ament_cmake/cmake)
[0.192s] -- Eigen found (include: /usr/include/eigen3, version: 3.4.0)
[0.229s] -- FLANN found (include: /usr/include, lib: /usr/lib/x86_64-linux-gnu/libflann_cpp.so)
[0.492s] -- OpenNI found (version: 1.5.4.0, include: /usr/include/ni, lib: /usr/lib/libOpenNI.so;libusb::libusb)
[0.497s] -- OpenNI2 found (version: 2.2.0.33, include: /usr/include/openni2, lib: /usr/lib/x86_64-linux-gnu/libOpenNI2.so;libusb::libusb)
[0.497s] [0m** WARNING ** io features related to pcap will be disabled[0m
[0.616s] -- Eigen found (include: /usr/include/eigen3, version: 3.4.0)
[0.620s] -- OpenNI found (version: 1.5.4.0, include: /usr/include/ni, lib: /usr/lib/libOpenNI.so;libusb::libusb)
[0.624s] -- OpenNI2 found (version: 2.2.0.33, include: /usr/include/openni2, lib: /usr/lib/x86_64-linux-gnu/libOpenNI2.so;libusb::libusb)
[0.734s] -- Found Qhull version 8.0.2
[0.846s] -- OpenNI found (version: 1.5.4.0, include: /usr/include/ni, lib: /usr/lib/libOpenNI.so;libusb::libusb)
[0.952s] -- looking for PCL_COMMON
[0.953s] -- looking for PCL_KDTREE
[0.953s] -- looking for PCL_OCTREE
[0.953s] -- looking for PCL_SEARCH
[0.953s] -- looking for PCL_SAMPLE_CONSENSUS
[0.954s] -- looking for PCL_FILTERS
[0.954s] -- looking for PCL_2D
[0.954s] -- looking for PCL_GEOMETRY
[0.955s] -- looking for PCL_IO
[0.955s] -- looking for PCL_FEATURES
[0.955s] -- looking for PCL_ML
[0.956s] -- looking for PCL_SEGMENTATION
[0.956s] -- looking for PCL_VISUALIZATION
[0.956s] -- looking for PCL_SURFACE
[0.957s] -- looking for PCL_REGISTRATION
[0.957s] -- looking for PCL_KEYPOINTS
[0.957s] -- looking for PCL_TRACKING
[0.958s] -- looking for PCL_RECOGNITION
[0.958s] -- looking for PCL_STEREO
[0.959s] -- looking for PCL_APPS
[0.959s] -- looking for PCL_IN_HAND_SCANNER
[0.959s] -- looking for PCL_MODELER
[0.959s] -- looking for PCL_POINT_CLOUD_EDITOR
[0.960s] -- looking for PCL_OUTOFCORE
[0.960s] -- looking for PCL_PEOPLE
[1.028s] -- Configuring done
[1.034s] [31mCMake Error at CMakeLists.txt:28 (add_executable):
[1.034s]   Cannot find source file:
[1.034s] 
[1.034s]     src/4_path.cpp
[1.034s] 
[1.034s]   Tried extensions .c .C .c++ .cc .cpp .cxx .cu .mpp .m .M .mm .ixx .cppm .h
[1.034s]   .hh .h++ .hm .hpp .hxx .in .txx .f .F .for .f77 .f90 .f95 .f03 .hip .ispc
[1.034s] 
[1.034s] [0m
[1.036s] [31mCMake Error at CMakeLists.txt:28 (add_executable):
[1.037s]   No SOURCES given to target: pcl_path
[1.037s] 
[1.037s] [0m
[1.037s] [0mCMake Generate step failed.  Build files cannot be regenerated correctly.[0m
[1.053s] gmake: *** [Makefile:390: cmake_check_build_system] Error 1
[1.059s] Invoked command in '/home/jun/ros2_ws/build/pcl_processing' returned '2': CMAKE_PREFIX_PATH=${CMAKE_PREFIX_PATH}:/opt/ros/humble /usr/bin/cmake --build /home/jun/ros2_ws/build/pcl_processing -- -j8 -l8
