[0.036s] Invoking command in '/home/jun/ros2_ws/build/pcl_processing': CMAKE_PREFIX_PATH=${CMAKE_PREFIX_PATH}:/opt/ros/humble /usr/bin/cmake --build /home/jun/ros2_ws/build/pcl_processing -- -j8 -l8
[0.072s] -- Found ament_cmake: 1.3.8 (/opt/ros/humble/share/ament_cmake/cmake)
[0.319s] -- Eigen found (include: /usr/include/eigen3, version: 3.4.0)
[0.385s] -- FLANN found (include: /usr/include, lib: /usr/lib/x86_64-linux-gnu/libflann_cpp.so)
[0.893s] -- OpenNI found (version: 1.5.4.0, include: /usr/include/ni, lib: /usr/lib/libOpenNI.so;libusb::libusb)
[0.900s] -- OpenNI2 found (version: 2.2.0.33, include: /usr/include/openni2, lib: /usr/lib/x86_64-linux-gnu/libOpenNI2.so;libusb::libusb)
[0.900s] [0m** WARNING ** io features related to pcap will be disabled[0m
[1.097s] -- Eigen found (include: /usr/include/eigen3, version: 3.4.0)
[1.106s] -- OpenNI found (version: 1.5.4.0, include: /usr/include/ni, lib: /usr/lib/libOpenNI.so;libusb::libusb)
[1.115s] -- OpenNI2 found (version: 2.2.0.33, include: /usr/include/openni2, lib: /usr/lib/x86_64-linux-gnu/libOpenNI2.so;libusb::libusb)
[1.330s] -- Found Qhull version 8.0.2
[1.503s] -- OpenNI found (version: 1.5.4.0, include: /usr/include/ni, lib: /usr/lib/libOpenNI.so;libusb::libusb)
[1.671s] -- looking for PCL_COMMON
[1.672s] -- looking for PCL_KDTREE
[1.672s] -- looking for PCL_OCTREE
[1.673s] -- looking for PCL_SEARCH
[1.673s] -- looking for PCL_SAMPLE_CONSENSUS
[1.674s] -- looking for PCL_FILTERS
[1.674s] -- looking for PCL_2D
[1.675s] -- looking for PCL_GEOMETRY
[1.675s] -- looking for PCL_IO
[1.676s] -- looking for PCL_FEATURES
[1.676s] -- looking for PCL_ML
[1.677s] -- looking for PCL_SEGMENTATION
[1.678s] -- looking for PCL_VISUALIZATION
[1.678s] -- looking for PCL_SURFACE
[1.679s] -- looking for PCL_REGISTRATION
[1.680s] -- looking for PCL_KEYPOINTS
[1.680s] -- looking for PCL_TRACKING
[1.681s] -- looking for PCL_RECOGNITION
[1.682s] -- looking for PCL_STEREO
[1.682s] -- looking for PCL_APPS
[1.683s] -- looking for PCL_IN_HAND_SCANNER
[1.684s] -- looking for PCL_MODELER
[1.684s] -- looking for PCL_POINT_CLOUD_EDITOR
[1.685s] -- looking for PCL_OUTOFCORE
[1.685s] -- looking for PCL_PEOPLE
[1.696s] -- Found rclcpp: 16.0.8 (/opt/ros/humble/share/rclcpp/cmake)
[1.751s] -- Found rosidl_generator_c: 3.1.5 (/opt/ros/humble/share/rosidl_generator_c/cmake)
[1.761s] -- Found rosidl_adapter: 3.1.5 (/opt/ros/humble/share/rosidl_adapter/cmake)
[1.777s] -- Found rosidl_generator_cpp: 3.1.5 (/opt/ros/humble/share/rosidl_generator_cpp/cmake)
[1.800s] -- Using all available rosidl_typesupport_c: rosidl_typesupport_fastrtps_c;rosidl_typesupport_introspection_c
[1.826s] -- Using all available rosidl_typesupport_cpp: rosidl_typesupport_fastrtps_cpp;rosidl_typesupport_introspection_cpp
[1.920s] -- Found rmw_implementation_cmake: 6.1.1 (/opt/ros/humble/share/rmw_implementation_cmake/cmake)
[1.924s] -- Found rmw_fastrtps_cpp: 6.2.6 (/opt/ros/humble/share/rmw_fastrtps_cpp/cmake)
[2.054s] -- Found OpenSSL: /usr/lib/x86_64-linux-gnu/libcrypto.so (found version "3.0.2")  
[2.084s] -- Found FastRTPS: /opt/ros/humble/include  
[2.150s] -- Using RMW implementation 'rmw_fastrtps_cpp' as default
[2.374s] -- Found sensor_msgs: 4.2.3 (/opt/ros/humble/share/sensor_msgs/cmake)
[2.569s] -- Found pcl_conversions: 2.4.0 (/opt/ros/humble/share/pcl_conversions/cmake)
[2.755s] [31mCMake Error at CMakeLists.txt:28 (add_execuadd_executable):
[2.755s]   Unknown CMake command "add_execuadd_executable".
[2.756s] 
[2.756s] [0m
[2.756s] -- Configuring incomplete, errors occurred!
[2.756s] See also "/home/jun/ros2_ws/build/pcl_processing/CMakeFiles/CMakeOutput.log".
[2.771s] gmake: *** [Makefile:390: cmake_check_build_system] Error 1
[2.773s] Invoked command in '/home/jun/ros2_ws/build/pcl_processing' returned '2': CMAKE_PREFIX_PATH=${CMAKE_PREFIX_PATH}:/opt/ros/humble /usr/bin/cmake --build /home/jun/ros2_ws/build/pcl_processing -- -j8 -l8
