[0.015s] Invoking command in '/home/jun/ros2_ws/src/build/pcl_processing': CMAKE_PREFIX_PATH=${CMAKE_PREFIX_PATH}:/home/jun/ros2_ws/install/py_pubsub:/opt/ros/humble /usr/bin/cmake /home/jun/ros2_ws/src/pcl_processing -DCMAKE_INSTALL_PREFIX=/home/jun/ros2_ws/src/install/pcl_processing
[0.068s] -- The C compiler identification is GNU 11.4.0
[0.108s] -- The CXX compiler identification is GNU 11.4.0
[0.112s] -- Detecting C compiler ABI info
[0.166s] -- Detecting C compiler ABI info - done
[0.170s] -- Check for working C compiler: /usr/bin/cc - skipped
[0.170s] -- Detecting C compile features
[0.171s] -- Detecting C compile features - done
[0.173s] -- Detecting CXX compiler ABI info
[0.227s] -- Detecting CXX compiler ABI info - done
[0.233s] -- Check for working CXX compiler: /usr/bin/c++ - skipped
[0.233s] -- Detecting CXX compile features
[0.233s] -- Detecting CXX compile features - done
[0.235s] -- Found ament_cmake: 1.3.8 (/opt/ros/humble/share/ament_cmake/cmake)
[0.353s] -- Found Python3: /usr/bin/python3 (found version "3.10.12") found components: Interpreter 
[0.435s] -- Checking for module 'eigen3'
[0.445s] --   Found eigen3, version 3.4.0
[0.463s] -- Found Eigen: /usr/include/eigen3 (Required is at least version "3.1") 
[0.463s] -- Eigen found (include: /usr/include/eigen3, version: 3.4.0)
[0.481s] -- Found Boost: /usr/lib/x86_64-linux-gnu/cmake/Boost-1.74.0/BoostConfig.cmake (found suitable version "1.74.0", minimum required is "1.65.0") found components: system filesystem date_time iostreams serialization 
[0.493s] -- Checking for module 'flann'
[0.501s] --   Found flann, version 1.9.1
[0.530s] -- Found FLANN: /usr/lib/x86_64-linux-gnu/libflann_cpp.so  
[0.530s] -- FLANN found (include: /usr/include, lib: /usr/lib/x86_64-linux-gnu/libflann_cpp.so)
[0.561s] -- Looking for pthread.h
[0.610s] -- Looking for pthread.h - found
[0.610s] -- Performing Test CMAKE_HAVE_LIBC_PTHREAD
[0.667s] -- Performing Test CMAKE_HAVE_LIBC_PTHREAD - Success
[0.668s] -- Found Threads: TRUE  
[0.669s] -- Found GLEW: /usr/lib/x86_64-linux-gnu/libGLEW.so  
[0.673s] -- Found OpenGL: /usr/lib/x86_64-linux-gnu/libOpenGL.so  found components: OpenGL GLX 
[0.802s] -- Found MPI_C: /usr/lib/x86_64-linux-gnu/libmpi.so (found version "3.1") 
[0.803s] -- Found MPI: TRUE (found version "3.1") found components: C 
[0.804s] -- Found JsonCpp: /usr/lib/x86_64-linux-gnu/libjsoncpp.so (found suitable version "1.9.5", minimum required is "0.7.0") 
[0.811s] -- Found ZLIB: /usr/lib/x86_64-linux-gnu/libz.so (found version "1.2.11") 
[0.825s] -- Found PNG: /usr/lib/x86_64-linux-gnu/libpng.so (found version "1.6.37") 
[0.835s] -- Found Eigen3: /usr/include/eigen3 (found version "3.4.0") 
[0.896s] -- Found X11: /usr/include   
[0.896s] -- Looking for XOpenDisplay in /usr/lib/x86_64-linux-gnu/libX11.so;/usr/lib/x86_64-linux-gnu/libXext.so
[0.950s] -- Looking for XOpenDisplay in /usr/lib/x86_64-linux-gnu/libX11.so;/usr/lib/x86_64-linux-gnu/libXext.so - found
[0.950s] -- Looking for gethostbyname
[0.997s] -- Looking for gethostbyname - found
[0.997s] -- Looking for connect
[1.044s] -- Looking for connect - found
[1.044s] -- Looking for remove
[1.094s] -- Looking for remove - found
[1.094s] -- Looking for shmat
[1.140s] -- Looking for shmat - found
[1.140s] -- Looking for IceConnectionNumber in ICE
[1.192s] -- Looking for IceConnectionNumber in ICE - found
[1.245s] -- Found EXPAT: /usr/lib/x86_64-linux-gnu/libexpat.so (found version "2.4.7") 
[1.246s] -- Found double-conversion: /usr/lib/x86_64-linux-gnu/libdouble-conversion.so  
[1.248s] -- Found LZ4: /usr/lib/x86_64-linux-gnu/liblz4.so (found version "1.9.3") 
[1.249s] -- Found LZMA: /usr/lib/x86_64-linux-gnu/liblzma.so (found version "5.2.5") 
[1.260s] -- Found JPEG: /usr/lib/x86_64-linux-gnu/libjpeg.so (found version "80") 
[1.264s] -- Found TIFF: /usr/lib/x86_64-linux-gnu/libtiff.so (found version "4.3.0")  
[1.267s] -- Found Freetype: /usr/lib/x86_64-linux-gnu/libfreetype.so (found version "2.11.1") 
[1.271s] -- Found utf8cpp: /usr/include/utf8cpp  
[1.321s] -- Checking for module 'libusb-1.0'
[1.333s] --   Found libusb-1.0, version 1.0.25
[1.354s] -- Found libusb: /usr/lib/x86_64-linux-gnu/libusb-1.0.so  
[1.358s] -- Found OpenNI: /usr/lib/libOpenNI.so;libusb::libusb (found version "1.5.4.0") 
[1.358s] -- OpenNI found (version: 1.5.4.0, include: /usr/include/ni, lib: /usr/lib/libOpenNI.so;libusb::libusb)
[1.388s] -- Found OpenNI2: /usr/lib/x86_64-linux-gnu/libOpenNI2.so;libusb::libusb (found version "2.2.0.33") 
[1.388s] -- OpenNI2 found (version: 2.2.0.33, include: /usr/include/openni2, lib: /usr/lib/x86_64-linux-gnu/libOpenNI2.so;libusb::libusb)
[1.392s] [0m** WARNING ** io features related to pcap will be disabled[0m
[1.503s] -- Eigen found (include: /usr/include/eigen3, version: 3.4.0)
[1.507s] -- OpenNI found (version: 1.5.4.0, include: /usr/include/ni, lib: /usr/lib/libOpenNI.so;libusb::libusb)
[1.511s] -- OpenNI2 found (version: 2.2.0.33, include: /usr/include/openni2, lib: /usr/lib/x86_64-linux-gnu/libOpenNI2.so;libusb::libusb)
[1.627s] -- Found Qhull version 8.0.2
[1.739s] -- OpenNI found (version: 1.5.4.0, include: /usr/include/ni, lib: /usr/lib/libOpenNI.so;libusb::libusb)
[1.845s] -- looking for PCL_COMMON
[1.846s] -- Found PCL_COMMON: /usr/lib/x86_64-linux-gnu/libpcl_common.so  
[1.846s] -- looking for PCL_KDTREE
[1.847s] -- Found PCL_KDTREE: /usr/lib/x86_64-linux-gnu/libpcl_kdtree.so  
[1.847s] -- looking for PCL_OCTREE
[1.847s] -- Found PCL_OCTREE: /usr/lib/x86_64-linux-gnu/libpcl_octree.so  
[1.847s] -- looking for PCL_SEARCH
[1.848s] -- Found PCL_SEARCH: /usr/lib/x86_64-linux-gnu/libpcl_search.so  
[1.848s] -- looking for PCL_SAMPLE_CONSENSUS
[1.849s] -- Found PCL_SAMPLE_CONSENSUS: /usr/lib/x86_64-linux-gnu/libpcl_sample_consensus.so  
[1.849s] -- looking for PCL_FILTERS
[1.849s] -- Found PCL_FILTERS: /usr/lib/x86_64-linux-gnu/libpcl_filters.so  
[1.849s] -- looking for PCL_2D
[1.849s] -- Found PCL_2D: /usr/include/pcl-1.12  
[1.849s] -- looking for PCL_GEOMETRY
[1.850s] -- Found PCL_GEOMETRY: /usr/include/pcl-1.12  
[1.850s] -- looking for PCL_IO
[1.850s] -- Found PCL_IO: /usr/lib/x86_64-linux-gnu/libpcl_io.so  
[1.850s] -- looking for PCL_FEATURES
[1.851s] -- Found PCL_FEATURES: /usr/lib/x86_64-linux-gnu/libpcl_features.so  
[1.851s] -- looking for PCL_ML
[1.852s] -- Found PCL_ML: /usr/lib/x86_64-linux-gnu/libpcl_ml.so  
[1.852s] -- looking for PCL_SEGMENTATION
[1.853s] -- Found PCL_SEGMENTATION: /usr/lib/x86_64-linux-gnu/libpcl_segmentation.so  
[1.853s] -- looking for PCL_VISUALIZATION
[1.854s] -- Found PCL_VISUALIZATION: /usr/lib/x86_64-linux-gnu/libpcl_visualization.so  
[1.854s] -- looking for PCL_SURFACE
[1.855s] -- Found PCL_SURFACE: /usr/lib/x86_64-linux-gnu/libpcl_surface.so  
[1.855s] -- looking for PCL_REGISTRATION
[1.856s] -- Found PCL_REGISTRATION: /usr/lib/x86_64-linux-gnu/libpcl_registration.so  
[1.857s] -- looking for PCL_KEYPOINTS
[1.857s] -- Found PCL_KEYPOINTS: /usr/lib/x86_64-linux-gnu/libpcl_keypoints.so  
[1.858s] -- looking for PCL_TRACKING
[1.858s] -- Found PCL_TRACKING: /usr/lib/x86_64-linux-gnu/libpcl_tracking.so  
[1.858s] -- looking for PCL_RECOGNITION
[1.859s] -- Found PCL_RECOGNITION: /usr/lib/x86_64-linux-gnu/libpcl_recognition.so  
[1.859s] -- looking for PCL_STEREO
[1.860s] -- Found PCL_STEREO: /usr/lib/x86_64-linux-gnu/libpcl_stereo.so  
[1.860s] -- looking for PCL_APPS
[1.860s] -- Found PCL_APPS: /usr/lib/x86_64-linux-gnu/libpcl_apps.so  
[1.861s] -- looking for PCL_IN_HAND_SCANNER
[1.861s] -- Found PCL_IN_HAND_SCANNER: /usr/include/pcl-1.12  
[1.861s] -- looking for PCL_MODELER
[1.861s] -- Found PCL_MODELER: /usr/include/pcl-1.12  
[1.861s] -- looking for PCL_POINT_CLOUD_EDITOR
[1.861s] -- Found PCL_POINT_CLOUD_EDITOR: /usr/include/pcl-1.12  
[1.862s] -- looking for PCL_OUTOFCORE
[1.862s] -- Found PCL_OUTOFCORE: /usr/lib/x86_64-linux-gnu/libpcl_outofcore.so  
[1.862s] -- looking for PCL_PEOPLE
[1.863s] -- Found PCL_PEOPLE: /usr/lib/x86_64-linux-gnu/libpcl_people.so  
[1.863s] -- Found PCL: pcl_common;pcl_kdtree;pcl_octree;pcl_search;pcl_sample_consensus;pcl_filters;pcl_io;pcl_features;pcl_ml;pcl_segmentation;pcl_visualization;pcl_surface;pcl_registration;pcl_keypoints;pcl_tracking;pcl_recognition;pcl_stereo;pcl_apps;pcl_outofcore;pcl_people;Boost::system;Boost::filesystem;Boost::date_time;Boost::iostreams;Boost::serialization;/usr/lib/libOpenNI.so;libusb::libusb;/usr/lib/x86_64-linux-gnu/libOpenNI2.so;libusb::libusb;VTK::ChartsCore;VTK::CommonColor;VTK::CommonComputationalGeometry;VTK::CommonCore;VTK::CommonDataModel;VTK::CommonExecutionModel;VTK::CommonMath;VTK::CommonMisc;VTK::CommonTransforms;VTK::FiltersCore;VTK::FiltersExtraction;VTK::FiltersGeneral;VTK::FiltersGeometry;VTK::FiltersModeling;VTK::FiltersSources;VTK::ImagingCore;VTK::ImagingSources;VTK::InteractionImage;VTK::InteractionStyle;VTK::InteractionWidgets;VTK::IOCore;VTK::IOGeometry;VTK::IOImage;VTK::IOLegacy;VTK::IOPLY;VTK::RenderingAnnotation;VTK::RenderingCore;VTK::RenderingContext2D;VTK::RenderingLOD;VTK::RenderingFreeType;VTK::ViewsCore;VTK::ViewsContext2D;VTK::RenderingOpenGL2;VTK::GUISupportQt;FLANN::FLANN;QHULL::QHULL  
[1.864s] -- Configuring incomplete, errors occurred!
[1.864s] See also "/home/jun/ros2_ws/src/build/pcl_processing/CMakeFiles/CMakeOutput.log".
[1.864s] [31mCMake Error at CMakeLists.txt:14 (add_definition):
[1.864s]   Unknown CMake command "add_definition".
[1.864s] 
[1.864s] [0m
[1.873s] Invoked command in '/home/jun/ros2_ws/src/build/pcl_processing' returned '1': CMAKE_PREFIX_PATH=${CMAKE_PREFIX_PATH}:/home/jun/ros2_ws/install/py_pubsub:/opt/ros/humble /usr/bin/cmake /home/jun/ros2_ws/src/pcl_processing -DCMAKE_INSTALL_PREFIX=/home/jun/ros2_ws/src/install/pcl_processing
