[0.011s] Invoking command in '/home/jun/ros2_ws/build/ros2_kitti_publishers': CMAKE_PREFIX_PATH=/opt/ros/humble /usr/bin/cmake --build /home/jun/ros2_ws/build/ros2_kitti_publishers -- -j8 -l8
[0.067s] [35m[1mConsolidate compiler generated dependencies of target ros2_kitti_publishers[0m
[0.095s] [ 50%] Built target ros2_kitti_publishers
[0.104s] [35m[1mConsolidate compiler generated dependencies of target kitti_publishers[0m
[0.125s] [100%] Built target kitti_publishers
[0.132s] Invoked command in '/home/jun/ros2_ws/build/ros2_kitti_publishers' returned '0': CMAKE_PREFIX_PATH=/opt/ros/humble /usr/bin/cmake --build /home/jun/ros2_ws/build/ros2_kitti_publishers -- -j8 -l8
[0.150s] Invoking command in '/home/jun/ros2_ws/build/ros2_kitti_publishers': CMAKE_PREFIX_PATH=/opt/ros/humble /usr/bin/cmake --install /home/jun/ros2_ws/build/ros2_kitti_publishers
[0.157s] -- Install configuration: ""
[0.158s] -- Up-to-date: /home/jun/ros2_ws/install/ros2_kitti_publishers/include/
[0.158s] -- Up-to-date: /home/jun/ros2_ws/install/ros2_kitti_publishers/include//ros2_kitti_publishers
[0.158s] -- Up-to-date: /home/jun/ros2_ws/install/ros2_kitti_publishers/include//ros2_kitti_publishers/visibility.h
[0.158s] -- Up-to-date: /home/jun/ros2_ws/install/ros2_kitti_publishers/include//ros2_kitti_publishers/WGS84toCartesian.hpp
[0.158s] -- Up-to-date: /home/jun/ros2_ws/install/ros2_kitti_publishers/include//ros2_kitti_publishers/kitti_publishers_node.hpp
[0.158s] -- Up-to-date: /home/jun/ros2_ws/install/ros2_kitti_publishers/share/ros2_kitti_publishers/launch
[0.158s] -- Up-to-date: /home/jun/ros2_ws/install/ros2_kitti_publishers/share/ros2_kitti_publishers/launch/README.md
[0.158s] -- Up-to-date: /home/jun/ros2_ws/install/ros2_kitti_publishers/lib/libros2_kitti_publishers.so
[0.158s] -- Up-to-date: /home/jun/ros2_ws/install/ros2_kitti_publishers/lib/ros2_kitti_publishers/kitti_publishers
[0.158s] -- Up-to-date: /home/jun/ros2_ws/install/ros2_kitti_publishers/share/ament_index/resource_index/package_run_dependencies/ros2_kitti_publishers
[0.158s] -- Up-to-date: /home/jun/ros2_ws/install/ros2_kitti_publishers/share/ament_index/resource_index/parent_prefix_path/ros2_kitti_publishers
[0.159s] -- Up-to-date: /home/jun/ros2_ws/install/ros2_kitti_publishers/share/ros2_kitti_publishers/environment/ament_prefix_path.sh
[0.159s] -- Up-to-date: /home/jun/ros2_ws/install/ros2_kitti_publishers/share/ros2_kitti_publishers/environment/ament_prefix_path.dsv
[0.159s] -- Up-to-date: /home/jun/ros2_ws/install/ros2_kitti_publishers/share/ros2_kitti_publishers/environment/path.sh
[0.159s] -- Up-to-date: /home/jun/ros2_ws/install/ros2_kitti_publishers/share/ros2_kitti_publishers/environment/path.dsv
[0.159s] -- Up-to-date: /home/jun/ros2_ws/install/ros2_kitti_publishers/share/ros2_kitti_publishers/local_setup.bash
[0.159s] -- Up-to-date: /home/jun/ros2_ws/install/ros2_kitti_publishers/share/ros2_kitti_publishers/local_setup.sh
[0.159s] -- Up-to-date: /home/jun/ros2_ws/install/ros2_kitti_publishers/share/ros2_kitti_publishers/local_setup.zsh
[0.159s] -- Up-to-date: /home/jun/ros2_ws/install/ros2_kitti_publishers/share/ros2_kitti_publishers/local_setup.dsv
[0.159s] -- Installing: /home/jun/ros2_ws/install/ros2_kitti_publishers/share/ros2_kitti_publishers/package.dsv
[0.159s] -- Up-to-date: /home/jun/ros2_ws/install/ros2_kitti_publishers/share/ament_index/resource_index/packages/ros2_kitti_publishers
[0.159s] -- Up-to-date: /home/jun/ros2_ws/install/ros2_kitti_publishers/share/ros2_kitti_publishers/cmake/ros2_kitti_publishersConfig.cmake
[0.159s] -- Up-to-date: /home/jun/ros2_ws/install/ros2_kitti_publishers/share/ros2_kitti_publishers/cmake/ros2_kitti_publishersConfig-version.cmake
[0.159s] -- Up-to-date: /home/jun/ros2_ws/install/ros2_kitti_publishers/share/ros2_kitti_publishers/package.xml
[0.171s] Invoked command in '/home/jun/ros2_ws/build/ros2_kitti_publishers' returned '0': CMAKE_PREFIX_PATH=/opt/ros/humble /usr/bin/cmake --install /home/jun/ros2_ws/build/ros2_kitti_publishers
