[0.013s] Invoking command in '/home/jun/ros2_ws/build/pcl_processing': CMAKE_PREFIX_PATH=${CMAKE_PREFIX_PATH}:/home/jun/ros2_ws/install/py_pubsub:/opt/ros/humble /usr/bin/cmake --build /home/jun/ros2_ws/build/pcl_processing -- -j8 -l8
[0.038s] [35m[1mConsolidate compiler generated dependencies of target circular_cloud[0m
[0.051s] [ 33%] Built target pcd_import
[0.052s] [ 66%] Built target plane_cloud
[0.057s] [ 83%] [32mBuilding CXX object CMakeFiles/circular_cloud.dir/src/2_circular_cloud.cpp.o[0m
[2.281s] [100%] [32m[1mLinking CXX executable circular_cloud[0m
[2.533s] [100%] Built target circular_cloud
[2.547s] Invoked command in '/home/jun/ros2_ws/build/pcl_processing' returned '0': CMAKE_PREFIX_PATH=${CMAKE_PREFIX_PATH}:/home/jun/ros2_ws/install/py_pubsub:/opt/ros/humble /usr/bin/cmake --build /home/jun/ros2_ws/build/pcl_processing -- -j8 -l8
[2.571s] Invoking command in '/home/jun/ros2_ws/build/pcl_processing': CMAKE_PREFIX_PATH=${CMAKE_PREFIX_PATH}:/home/jun/ros2_ws/install/py_pubsub:/opt/ros/humble /usr/bin/cmake --install /home/jun/ros2_ws/build/pcl_processing
[2.576s] -- Install configuration: ""
[2.576s] -- Installing: /home/jun/ros2_ws/install/pcl_processing/lib/pcl_processing/circular_cloud
[2.576s] -- Up-to-date: /home/jun/ros2_ws/install/pcl_processing/lib/pcl_processing/pcd_import
[2.576s] -- Up-to-date: /home/jun/ros2_ws/install/pcl_processing/lib/pcl_processing/plane_cloud
[2.576s] -- Up-to-date: /home/jun/ros2_ws/install/pcl_processing/share/ament_index/resource_index/package_run_dependencies/pcl_processing
[2.576s] -- Up-to-date: /home/jun/ros2_ws/install/pcl_processing/share/ament_index/resource_index/parent_prefix_path/pcl_processing
[2.576s] -- Up-to-date: /home/jun/ros2_ws/install/pcl_processing/share/pcl_processing/environment/ament_prefix_path.sh
[2.576s] -- Installing: /home/jun/ros2_ws/install/pcl_processing/share/pcl_processing/environment/ament_prefix_path.dsv
[2.576s] -- Up-to-date: /home/jun/ros2_ws/install/pcl_processing/share/pcl_processing/environment/path.sh
[2.576s] -- Installing: /home/jun/ros2_ws/install/pcl_processing/share/pcl_processing/environment/path.dsv
[2.576s] -- Up-to-date: /home/jun/ros2_ws/install/pcl_processing/share/pcl_processing/local_setup.bash
[2.577s] -- Up-to-date: /home/jun/ros2_ws/install/pcl_processing/share/pcl_processing/local_setup.sh
[2.577s] -- Up-to-date: /home/jun/ros2_ws/install/pcl_processing/share/pcl_processing/local_setup.zsh
[2.577s] -- Installing: /home/jun/ros2_ws/install/pcl_processing/share/pcl_processing/local_setup.dsv
[2.577s] -- Installing: /home/jun/ros2_ws/install/pcl_processing/share/pcl_processing/package.dsv
[2.577s] -- Up-to-date: /home/jun/ros2_ws/install/pcl_processing/share/ament_index/resource_index/packages/pcl_processing
[2.577s] -- Up-to-date: /home/jun/ros2_ws/install/pcl_processing/share/pcl_processing/cmake/pcl_processingConfig.cmake
[2.577s] -- Up-to-date: /home/jun/ros2_ws/install/pcl_processing/share/pcl_processing/cmake/pcl_processingConfig-version.cmake
[2.577s] -- Up-to-date: /home/jun/ros2_ws/install/pcl_processing/share/pcl_processing/package.xml
[2.578s] Invoked command in '/home/jun/ros2_ws/build/pcl_processing' returned '0': CMAKE_PREFIX_PATH=${CMAKE_PREFIX_PATH}:/home/jun/ros2_ws/install/py_pubsub:/opt/ros/humble /usr/bin/cmake --install /home/jun/ros2_ws/build/pcl_processing
