[0.192s] DEBUG:colcon:Command line arguments: ['/usr/bin/colcon', 'build']
[0.192s] DEBUG:colcon:Parsed command line arguments: Namespace(log_base=None, log_level=None, verb_name='build', build_base='build', install_base='install', merge_install=False, symlink_install=False, test_result_base=None, continue_on_error=False, executor='parallel', parallel_workers=8, event_handlers=None, ignore_user_meta=False, metas=['./colcon.meta'], base_paths=['.'], packages_ignore=None, packages_ignore_regex=None, paths=None, packages_up_to=None, packages_up_to_regex=None, packages_above=None, packages_above_and_dependencies=None, packages_above_depth=None, packages_select_by_dep=None, packages_skip_by_dep=None, packages_skip_up_to=None, packages_select_build_failed=False, packages_skip_build_finished=False, packages_select_test_failures=False, packages_skip_test_passed=False, packages_select=None, packages_skip=None, packages_select_regex=None, packages_skip_regex=None, packages_start=None, packages_end=None, allow_overriding=[], cmake_args=None, cmake_target=None, cmake_target_skip_unavailable=False, cmake_clean_cache=False, cmake_clean_first=False, cmake_force_configure=False, ament_cmake_args=None, catkin_cmake_args=None, catkin_skip_building_tests=False, mixin_files=None, mixin=None, verb_parser=<colcon_mixin.mixin.mixin_argument.MixinArgumentDecorator object at 0x7f7fcb215a80>, verb_extension=<colcon_core.verb.build.BuildVerb object at 0x7f7fcb0290c0>, main=<bound method BuildVerb.main of <colcon_core.verb.build.BuildVerb object at 0x7f7fcb0290c0>>, mixin_verb=('build',))
[0.359s] Level 1:colcon.colcon_core.package_discovery:discover_packages(colcon_meta) check parameters
[0.360s] Level 1:colcon.colcon_core.package_discovery:discover_packages(recursive) check parameters
[0.360s] Level 1:colcon.colcon_core.package_discovery:discover_packages(ignore) check parameters
[0.360s] Level 1:colcon.colcon_core.package_discovery:discover_packages(path) check parameters
[0.360s] Level 1:colcon.colcon_core.package_discovery:discover_packages(colcon_meta) discover
[0.360s] Level 1:colcon.colcon_core.package_discovery:discover_packages(recursive) discover
[0.360s] INFO:colcon.colcon_core.package_discovery:Crawling recursively for packages in '/home/jun/ros2_ws'
[0.360s] Level 1:colcon.colcon_core.package_identification:_identify(.) by extensions ['ignore', 'ignore_ament_install']
[0.360s] Level 1:colcon.colcon_core.package_identification:_identify(.) by extension 'ignore'
[0.360s] Level 1:colcon.colcon_core.package_identification:_identify(.) by extension 'ignore_ament_install'
[0.360s] Level 1:colcon.colcon_core.package_identification:_identify(.) by extensions ['colcon_pkg']
[0.360s] Level 1:colcon.colcon_core.package_identification:_identify(.) by extension 'colcon_pkg'
[0.360s] Level 1:colcon.colcon_core.package_identification:_identify(.) by extensions ['colcon_meta']
[0.360s] Level 1:colcon.colcon_core.package_identification:_identify(.) by extension 'colcon_meta'
[0.360s] Level 1:colcon.colcon_core.package_identification:_identify(.) by extensions ['ros']
[0.360s] Level 1:colcon.colcon_core.package_identification:_identify(.) by extension 'ros'
[0.369s] Level 1:colcon.colcon_core.package_identification:_identify(.) by extensions ['cmake', 'python']
[0.369s] Level 1:colcon.colcon_core.package_identification:_identify(.) by extension 'cmake'
[0.369s] Level 1:colcon.colcon_core.package_identification:_identify(.) by extension 'python'
[0.369s] Level 1:colcon.colcon_core.package_identification:_identify(.) by extensions ['python_setup_py']
[0.369s] Level 1:colcon.colcon_core.package_identification:_identify(.) by extension 'python_setup_py'
[0.369s] Level 1:colcon.colcon_core.package_identification:_identify(build) by extensions ['ignore', 'ignore_ament_install']
[0.369s] Level 1:colcon.colcon_core.package_identification:_identify(build) by extension 'ignore'
[0.369s] Level 1:colcon.colcon_core.package_identification:_identify(build) ignored
[0.370s] Level 1:colcon.colcon_core.package_identification:_identify(install) by extensions ['ignore', 'ignore_ament_install']
[0.370s] Level 1:colcon.colcon_core.package_identification:_identify(install) by extension 'ignore'
[0.370s] Level 1:colcon.colcon_core.package_identification:_identify(install) ignored
[0.370s] Level 1:colcon.colcon_core.package_identification:_identify(log) by extensions ['ignore', 'ignore_ament_install']
[0.370s] Level 1:colcon.colcon_core.package_identification:_identify(log) by extension 'ignore'
[0.370s] Level 1:colcon.colcon_core.package_identification:_identify(log) ignored
[0.370s] Level 1:colcon.colcon_core.package_identification:_identify(src) by extensions ['ignore', 'ignore_ament_install']
[0.370s] Level 1:colcon.colcon_core.package_identification:_identify(src) by extension 'ignore'
[0.370s] Level 1:colcon.colcon_core.package_identification:_identify(src) by extension 'ignore_ament_install'
[0.370s] Level 1:colcon.colcon_core.package_identification:_identify(src) by extensions ['colcon_pkg']
[0.370s] Level 1:colcon.colcon_core.package_identification:_identify(src) by extension 'colcon_pkg'
[0.370s] Level 1:colcon.colcon_core.package_identification:_identify(src) by extensions ['colcon_meta']
[0.370s] Level 1:colcon.colcon_core.package_identification:_identify(src) by extension 'colcon_meta'
[0.370s] Level 1:colcon.colcon_core.package_identification:_identify(src) by extensions ['ros']
[0.370s] Level 1:colcon.colcon_core.package_identification:_identify(src) by extension 'ros'
[0.370s] Level 1:colcon.colcon_core.package_identification:_identify(src) by extensions ['cmake', 'python']
[0.370s] Level 1:colcon.colcon_core.package_identification:_identify(src) by extension 'cmake'
[0.370s] Level 1:colcon.colcon_core.package_identification:_identify(src) by extension 'python'
[0.370s] Level 1:colcon.colcon_core.package_identification:_identify(src) by extensions ['python_setup_py']
[0.370s] Level 1:colcon.colcon_core.package_identification:_identify(src) by extension 'python_setup_py'
[0.371s] Level 1:colcon.colcon_core.package_identification:_identify(src/build) by extensions ['ignore', 'ignore_ament_install']
[0.371s] Level 1:colcon.colcon_core.package_identification:_identify(src/build) by extension 'ignore'
[0.371s] Level 1:colcon.colcon_core.package_identification:_identify(src/build) ignored
[0.371s] Level 1:colcon.colcon_core.package_identification:_identify(src/install) by extensions ['ignore', 'ignore_ament_install']
[0.371s] Level 1:colcon.colcon_core.package_identification:_identify(src/install) by extension 'ignore'
[0.371s] Level 1:colcon.colcon_core.package_identification:_identify(src/install) ignored
[0.371s] Level 1:colcon.colcon_core.package_identification:_identify(src/log) by extensions ['ignore', 'ignore_ament_install']
[0.371s] Level 1:colcon.colcon_core.package_identification:_identify(src/log) by extension 'ignore'
[0.371s] Level 1:colcon.colcon_core.package_identification:_identify(src/log) ignored
[0.371s] Level 1:colcon.colcon_core.package_identification:_identify(src/pcl_processing) by extensions ['ignore', 'ignore_ament_install']
[0.371s] Level 1:colcon.colcon_core.package_identification:_identify(src/pcl_processing) by extension 'ignore'
[0.371s] Level 1:colcon.colcon_core.package_identification:_identify(src/pcl_processing) by extension 'ignore_ament_install'
[0.371s] Level 1:colcon.colcon_core.package_identification:_identify(src/pcl_processing) by extensions ['colcon_pkg']
[0.371s] Level 1:colcon.colcon_core.package_identification:_identify(src/pcl_processing) by extension 'colcon_pkg'
[0.371s] Level 1:colcon.colcon_core.package_identification:_identify(src/pcl_processing) by extensions ['colcon_meta']
[0.371s] Level 1:colcon.colcon_core.package_identification:_identify(src/pcl_processing) by extension 'colcon_meta'
[0.371s] Level 1:colcon.colcon_core.package_identification:_identify(src/pcl_processing) by extensions ['ros']
[0.371s] Level 1:colcon.colcon_core.package_identification:_identify(src/pcl_processing) by extension 'ros'
[0.378s] DEBUG:colcon.colcon_core.package_identification:Package 'src/pcl_processing' with type 'ros.ament_cmake' and name 'pcl_processing'
[0.378s] Level 1:colcon.colcon_core.package_identification:_identify(src/turtlebot3_gazebo) by extensions ['ignore', 'ignore_ament_install']
[0.378s] Level 1:colcon.colcon_core.package_identification:_identify(src/turtlebot3_gazebo) by extension 'ignore'
[0.378s] Level 1:colcon.colcon_core.package_identification:_identify(src/turtlebot3_gazebo) by extension 'ignore_ament_install'
[0.378s] Level 1:colcon.colcon_core.package_identification:_identify(src/turtlebot3_gazebo) by extensions ['colcon_pkg']
[0.378s] Level 1:colcon.colcon_core.package_identification:_identify(src/turtlebot3_gazebo) by extension 'colcon_pkg'
[0.378s] Level 1:colcon.colcon_core.package_identification:_identify(src/turtlebot3_gazebo) by extensions ['colcon_meta']
[0.378s] Level 1:colcon.colcon_core.package_identification:_identify(src/turtlebot3_gazebo) by extension 'colcon_meta'
[0.378s] Level 1:colcon.colcon_core.package_identification:_identify(src/turtlebot3_gazebo) by extensions ['ros']
[0.378s] Level 1:colcon.colcon_core.package_identification:_identify(src/turtlebot3_gazebo) by extension 'ros'
[0.379s] DEBUG:colcon.colcon_core.package_identification:Package 'src/turtlebot3_gazebo' with type 'ros.ament_cmake' and name 'turtlebot3_gazebo'
[0.379s] Level 1:colcon.colcon_core.package_discovery:discover_packages(recursive) using defaults
[0.379s] Level 1:colcon.colcon_core.package_discovery:discover_packages(ignore) discover
[0.379s] Level 1:colcon.colcon_core.package_discovery:discover_packages(ignore) using defaults
[0.379s] Level 1:colcon.colcon_core.package_discovery:discover_packages(path) discover
[0.379s] Level 1:colcon.colcon_core.package_discovery:discover_packages(path) using defaults
[0.422s] Level 1:colcon.colcon_core.package_discovery:discover_packages(prefix_path) check parameters
[0.422s] Level 1:colcon.colcon_core.package_discovery:discover_packages(prefix_path) discover
[0.425s] DEBUG:colcon.colcon_installed_package_information.package_discovery:Found 2 installed packages in /home/jun/ros2_ws/install
[0.426s] DEBUG:colcon.colcon_installed_package_information.package_discovery:Found 296 installed packages in /opt/ros/humble
[0.427s] Level 1:colcon.colcon_core.package_discovery:discover_packages(prefix_path) using defaults
[0.473s] Level 5:colcon.colcon_core.verb:set package 'pcl_processing' build argument 'cmake_args' from command line to 'None'
[0.473s] Level 5:colcon.colcon_core.verb:set package 'pcl_processing' build argument 'cmake_target' from command line to 'None'
[0.473s] Level 5:colcon.colcon_core.verb:set package 'pcl_processing' build argument 'cmake_target_skip_unavailable' from command line to 'False'
[0.473s] Level 5:colcon.colcon_core.verb:set package 'pcl_processing' build argument 'cmake_clean_cache' from command line to 'False'
[0.473s] Level 5:colcon.colcon_core.verb:set package 'pcl_processing' build argument 'cmake_clean_first' from command line to 'False'
[0.473s] Level 5:colcon.colcon_core.verb:set package 'pcl_processing' build argument 'cmake_force_configure' from command line to 'False'
[0.473s] Level 5:colcon.colcon_core.verb:set package 'pcl_processing' build argument 'ament_cmake_args' from command line to 'None'
[0.473s] Level 5:colcon.colcon_core.verb:set package 'pcl_processing' build argument 'catkin_cmake_args' from command line to 'None'
[0.473s] Level 5:colcon.colcon_core.verb:set package 'pcl_processing' build argument 'catkin_skip_building_tests' from command line to 'False'
[0.473s] DEBUG:colcon.colcon_core.verb:Building package 'pcl_processing' with the following arguments: {'ament_cmake_args': None, 'build_base': '/home/jun/ros2_ws/build/pcl_processing', 'catkin_cmake_args': None, 'catkin_skip_building_tests': False, 'cmake_args': None, 'cmake_clean_cache': False, 'cmake_clean_first': False, 'cmake_force_configure': False, 'cmake_target': None, 'cmake_target_skip_unavailable': False, 'install_base': '/home/jun/ros2_ws/install/pcl_processing', 'merge_install': False, 'path': '/home/jun/ros2_ws/src/pcl_processing', 'symlink_install': False, 'test_result_base': None}
[0.473s] Level 5:colcon.colcon_core.verb:set package 'turtlebot3_gazebo' build argument 'cmake_args' from command line to 'None'
[0.473s] Level 5:colcon.colcon_core.verb:set package 'turtlebot3_gazebo' build argument 'cmake_target' from command line to 'None'
[0.474s] Level 5:colcon.colcon_core.verb:set package 'turtlebot3_gazebo' build argument 'cmake_target_skip_unavailable' from command line to 'False'
[0.474s] Level 5:colcon.colcon_core.verb:set package 'turtlebot3_gazebo' build argument 'cmake_clean_cache' from command line to 'False'
[0.474s] Level 5:colcon.colcon_core.verb:set package 'turtlebot3_gazebo' build argument 'cmake_clean_first' from command line to 'False'
[0.474s] Level 5:colcon.colcon_core.verb:set package 'turtlebot3_gazebo' build argument 'cmake_force_configure' from command line to 'False'
[0.474s] Level 5:colcon.colcon_core.verb:set package 'turtlebot3_gazebo' build argument 'ament_cmake_args' from command line to 'None'
[0.474s] Level 5:colcon.colcon_core.verb:set package 'turtlebot3_gazebo' build argument 'catkin_cmake_args' from command line to 'None'
[0.474s] Level 5:colcon.colcon_core.verb:set package 'turtlebot3_gazebo' build argument 'catkin_skip_building_tests' from command line to 'False'
[0.474s] DEBUG:colcon.colcon_core.verb:Building package 'turtlebot3_gazebo' with the following arguments: {'ament_cmake_args': None, 'build_base': '/home/jun/ros2_ws/build/turtlebot3_gazebo', 'catkin_cmake_args': None, 'catkin_skip_building_tests': False, 'cmake_args': None, 'cmake_clean_cache': False, 'cmake_clean_first': False, 'cmake_force_configure': False, 'cmake_target': None, 'cmake_target_skip_unavailable': False, 'install_base': '/home/jun/ros2_ws/install/turtlebot3_gazebo', 'merge_install': False, 'path': '/home/jun/ros2_ws/src/turtlebot3_gazebo', 'symlink_install': False, 'test_result_base': None}
[0.474s] INFO:colcon.colcon_core.executor:Executing jobs using 'parallel' executor
[0.474s] DEBUG:colcon.colcon_parallel_executor.executor.parallel:run_until_complete
[0.475s] INFO:colcon.colcon_ros.task.ament_cmake.build:Building ROS package in '/home/jun/ros2_ws/src/pcl_processing' with build type 'ament_cmake'
[0.475s] INFO:colcon.colcon_cmake.task.cmake.build:Building CMake package in '/home/jun/ros2_ws/src/pcl_processing'
[0.477s] INFO:colcon.colcon_core.plugin_system:Skipping extension 'colcon_core.shell.bat': Not used on non-Windows systems
[0.477s] INFO:colcon.colcon_core.shell:Skip shell extension 'powershell' for command environment: Not usable outside of PowerShell
[0.477s] DEBUG:colcon.colcon_core.shell:Skip shell extension 'dsv' for command environment
[0.479s] INFO:colcon.colcon_ros.task.ament_cmake.build:Building ROS package in '/home/jun/ros2_ws/src/turtlebot3_gazebo' with build type 'ament_cmake'
[0.479s] INFO:colcon.colcon_cmake.task.cmake.build:Building CMake package in '/home/jun/ros2_ws/src/turtlebot3_gazebo'
[0.480s] INFO:colcon.colcon_core.shell:Skip shell extension 'powershell' for command environment: Not usable outside of PowerShell
[0.480s] DEBUG:colcon.colcon_core.shell:Skip shell extension 'dsv' for command environment
[0.485s] DEBUG:colcon.colcon_core.event_handler.log_command:Invoking command in '/home/jun/ros2_ws/build/pcl_processing': CMAKE_PREFIX_PATH=${CMAKE_PREFIX_PATH}:/opt/ros/humble /usr/bin/cmake --build /home/jun/ros2_ws/build/pcl_processing -- -j8 -l8
[0.489s] DEBUG:colcon.colcon_core.event_handler.log_command:Invoking command in '/home/jun/ros2_ws/build/turtlebot3_gazebo': CMAKE_PREFIX_PATH=${CMAKE_PREFIX_PATH}:/opt/ros/humble /usr/bin/cmake /home/jun/ros2_ws/src/turtlebot3_gazebo -DCMAKE_INSTALL_PREFIX=/home/jun/ros2_ws/install/turtlebot3_gazebo
[0.570s] DEBUG:colcon.colcon_core.event_handler.log_command:Invoked command in '/home/jun/ros2_ws/build/pcl_processing' returned '0': CMAKE_PREFIX_PATH=${CMAKE_PREFIX_PATH}:/opt/ros/humble /usr/bin/cmake --build /home/jun/ros2_ws/build/pcl_processing -- -j8 -l8
[0.594s] DEBUG:colcon.colcon_core.event_handler.log_command:Invoking command in '/home/jun/ros2_ws/build/pcl_processing': CMAKE_PREFIX_PATH=${CMAKE_PREFIX_PATH}:/opt/ros/humble /usr/bin/cmake --install /home/jun/ros2_ws/build/pcl_processing
[0.602s] Level 1:colcon.colcon_core.environment:create_environment_scripts_only(pcl_processing)
[0.603s] DEBUG:colcon.colcon_core.event_handler.log_command:Invoked command in '/home/jun/ros2_ws/build/pcl_processing' returned '0': CMAKE_PREFIX_PATH=${CMAKE_PREFIX_PATH}:/opt/ros/humble /usr/bin/cmake --install /home/jun/ros2_ws/build/pcl_processing
[0.605s] Level 1:colcon.colcon_core.environment:checking '/home/jun/ros2_ws/install/pcl_processing' for CMake module files
[0.605s] Level 1:colcon.colcon_core.environment:checking '/home/jun/ros2_ws/install/pcl_processing' for CMake config files
[0.606s] Level 1:colcon.colcon_core.shell:create_environment_hook('pcl_processing', 'cmake_prefix_path')
[0.606s] INFO:colcon.colcon_core.shell:Creating environment hook '/home/jun/ros2_ws/install/pcl_processing/share/pcl_processing/hook/cmake_prefix_path.ps1'
[0.607s] INFO:colcon.colcon_core.shell:Creating environment descriptor '/home/jun/ros2_ws/install/pcl_processing/share/pcl_processing/hook/cmake_prefix_path.dsv'
[0.607s] INFO:colcon.colcon_core.shell:Creating environment hook '/home/jun/ros2_ws/install/pcl_processing/share/pcl_processing/hook/cmake_prefix_path.sh'
[0.608s] Level 1:colcon.colcon_core.environment:checking '/home/jun/ros2_ws/install/pcl_processing/lib'
[0.608s] Level 1:colcon.colcon_core.environment:checking '/home/jun/ros2_ws/install/pcl_processing/bin'
[0.608s] Level 1:colcon.colcon_core.environment:checking '/home/jun/ros2_ws/install/pcl_processing/lib/pkgconfig/pcl_processing.pc'
[0.608s] Level 1:colcon.colcon_core.environment:checking '/home/jun/ros2_ws/install/pcl_processing/lib/python3.10/site-packages'
[0.608s] Level 1:colcon.colcon_core.environment:checking '/home/jun/ros2_ws/install/pcl_processing/bin'
[0.609s] INFO:colcon.colcon_core.shell:Creating package script '/home/jun/ros2_ws/install/pcl_processing/share/pcl_processing/package.ps1'
[0.609s] INFO:colcon.colcon_core.shell:Creating package descriptor '/home/jun/ros2_ws/install/pcl_processing/share/pcl_processing/package.dsv'
[0.610s] INFO:colcon.colcon_core.shell:Creating package script '/home/jun/ros2_ws/install/pcl_processing/share/pcl_processing/package.sh'
[0.610s] INFO:colcon.colcon_core.shell:Creating package script '/home/jun/ros2_ws/install/pcl_processing/share/pcl_processing/package.bash'
[0.610s] INFO:colcon.colcon_core.shell:Creating package script '/home/jun/ros2_ws/install/pcl_processing/share/pcl_processing/package.zsh'
[0.611s] Level 1:colcon.colcon_core.environment:create_file_with_runtime_dependencies(/home/jun/ros2_ws/install/pcl_processing/share/colcon-core/packages/pcl_processing)
[0.632s] Level 1:colcon.colcon_core.environment:create_environment_scripts_only(pcl_processing)
[0.632s] Level 1:colcon.colcon_core.environment:checking '/home/jun/ros2_ws/install/pcl_processing' for CMake module files
[0.632s] Level 1:colcon.colcon_core.environment:checking '/home/jun/ros2_ws/install/pcl_processing' for CMake config files
[0.632s] Level 1:colcon.colcon_core.shell:create_environment_hook('pcl_processing', 'cmake_prefix_path')
[0.632s] INFO:colcon.colcon_core.shell:Creating environment hook '/home/jun/ros2_ws/install/pcl_processing/share/pcl_processing/hook/cmake_prefix_path.ps1'
[0.633s] INFO:colcon.colcon_core.shell:Creating environment descriptor '/home/jun/ros2_ws/install/pcl_processing/share/pcl_processing/hook/cmake_prefix_path.dsv'
[0.633s] INFO:colcon.colcon_core.shell:Creating environment hook '/home/jun/ros2_ws/install/pcl_processing/share/pcl_processing/hook/cmake_prefix_path.sh'
[0.633s] Level 1:colcon.colcon_core.environment:checking '/home/jun/ros2_ws/install/pcl_processing/lib'
[0.633s] Level 1:colcon.colcon_core.environment:checking '/home/jun/ros2_ws/install/pcl_processing/bin'
[0.633s] Level 1:colcon.colcon_core.environment:checking '/home/jun/ros2_ws/install/pcl_processing/lib/pkgconfig/pcl_processing.pc'
[0.634s] Level 1:colcon.colcon_core.environment:checking '/home/jun/ros2_ws/install/pcl_processing/lib/python3.10/site-packages'
[0.634s] Level 1:colcon.colcon_core.environment:checking '/home/jun/ros2_ws/install/pcl_processing/bin'
[0.634s] INFO:colcon.colcon_core.shell:Creating package script '/home/jun/ros2_ws/install/pcl_processing/share/pcl_processing/package.ps1'
[0.634s] INFO:colcon.colcon_core.shell:Creating package descriptor '/home/jun/ros2_ws/install/pcl_processing/share/pcl_processing/package.dsv'
[0.634s] INFO:colcon.colcon_core.shell:Creating package script '/home/jun/ros2_ws/install/pcl_processing/share/pcl_processing/package.sh'
[0.635s] INFO:colcon.colcon_core.shell:Creating package script '/home/jun/ros2_ws/install/pcl_processing/share/pcl_processing/package.bash'
[0.635s] INFO:colcon.colcon_core.shell:Creating package script '/home/jun/ros2_ws/install/pcl_processing/share/pcl_processing/package.zsh'
[0.635s] Level 1:colcon.colcon_core.environment:create_file_with_runtime_dependencies(/home/jun/ros2_ws/install/pcl_processing/share/colcon-core/packages/pcl_processing)
[1.949s] DEBUG:colcon.colcon_core.event_handler.log_command:Invoked command in '/home/jun/ros2_ws/build/turtlebot3_gazebo' returned '0': CMAKE_PREFIX_PATH=${CMAKE_PREFIX_PATH}:/opt/ros/humble /usr/bin/cmake /home/jun/ros2_ws/src/turtlebot3_gazebo -DCMAKE_INSTALL_PREFIX=/home/jun/ros2_ws/install/turtlebot3_gazebo
[1.950s] DEBUG:colcon.colcon_core.event_handler.log_command:Invoking command in '/home/jun/ros2_ws/build/turtlebot3_gazebo': CMAKE_PREFIX_PATH=${CMAKE_PREFIX_PATH}:/opt/ros/humble /usr/bin/cmake --build /home/jun/ros2_ws/build/turtlebot3_gazebo -- -j8 -l8
[11.998s] DEBUG:colcon.colcon_core.event_handler.log_command:Invoked command in '/home/jun/ros2_ws/build/turtlebot3_gazebo' returned '0': CMAKE_PREFIX_PATH=${CMAKE_PREFIX_PATH}:/opt/ros/humble /usr/bin/cmake --build /home/jun/ros2_ws/build/turtlebot3_gazebo -- -j8 -l8
[12.017s] DEBUG:colcon.colcon_core.event_handler.log_command:Invoking command in '/home/jun/ros2_ws/build/turtlebot3_gazebo': CMAKE_PREFIX_PATH=${CMAKE_PREFIX_PATH}:/opt/ros/humble /usr/bin/cmake --install /home/jun/ros2_ws/build/turtlebot3_gazebo
[12.034s] Level 1:colcon.colcon_core.environment:create_environment_scripts_only(turtlebot3_gazebo)
[12.035s] Level 1:colcon.colcon_core.environment:checking '/home/jun/ros2_ws/install/turtlebot3_gazebo' for CMake module files
[12.035s] DEBUG:colcon.colcon_core.event_handler.log_command:Invoked command in '/home/jun/ros2_ws/build/turtlebot3_gazebo' returned '0': CMAKE_PREFIX_PATH=${CMAKE_PREFIX_PATH}:/opt/ros/humble /usr/bin/cmake --install /home/jun/ros2_ws/build/turtlebot3_gazebo
[12.035s] Level 1:colcon.colcon_core.environment:checking '/home/jun/ros2_ws/install/turtlebot3_gazebo' for CMake config files
[12.035s] Level 1:colcon.colcon_core.shell:create_environment_hook('turtlebot3_gazebo', 'cmake_prefix_path')
[12.036s] INFO:colcon.colcon_core.shell:Creating environment hook '/home/jun/ros2_ws/install/turtlebot3_gazebo/share/turtlebot3_gazebo/hook/cmake_prefix_path.ps1'
[12.036s] INFO:colcon.colcon_core.shell:Creating environment descriptor '/home/jun/ros2_ws/install/turtlebot3_gazebo/share/turtlebot3_gazebo/hook/cmake_prefix_path.dsv'
[12.036s] INFO:colcon.colcon_core.shell:Creating environment hook '/home/jun/ros2_ws/install/turtlebot3_gazebo/share/turtlebot3_gazebo/hook/cmake_prefix_path.sh'
[12.036s] Level 1:colcon.colcon_core.environment:checking '/home/jun/ros2_ws/install/turtlebot3_gazebo/lib'
[12.037s] Level 1:colcon.colcon_core.environment:checking '/home/jun/ros2_ws/install/turtlebot3_gazebo/bin'
[12.037s] Level 1:colcon.colcon_core.environment:checking '/home/jun/ros2_ws/install/turtlebot3_gazebo/lib/pkgconfig/turtlebot3_gazebo.pc'
[12.037s] Level 1:colcon.colcon_core.environment:checking '/home/jun/ros2_ws/install/turtlebot3_gazebo/lib/python3.10/site-packages'
[12.037s] Level 1:colcon.colcon_core.environment:checking '/home/jun/ros2_ws/install/turtlebot3_gazebo/bin'
[12.037s] INFO:colcon.colcon_core.shell:Creating package script '/home/jun/ros2_ws/install/turtlebot3_gazebo/share/turtlebot3_gazebo/package.ps1'
[12.037s] INFO:colcon.colcon_core.shell:Creating package descriptor '/home/jun/ros2_ws/install/turtlebot3_gazebo/share/turtlebot3_gazebo/package.dsv'
[12.038s] INFO:colcon.colcon_core.shell:Creating package script '/home/jun/ros2_ws/install/turtlebot3_gazebo/share/turtlebot3_gazebo/package.sh'
[12.038s] INFO:colcon.colcon_core.shell:Creating package script '/home/jun/ros2_ws/install/turtlebot3_gazebo/share/turtlebot3_gazebo/package.bash'
[12.038s] INFO:colcon.colcon_core.shell:Creating package script '/home/jun/ros2_ws/install/turtlebot3_gazebo/share/turtlebot3_gazebo/package.zsh'
[12.038s] Level 1:colcon.colcon_core.environment:create_file_with_runtime_dependencies(/home/jun/ros2_ws/install/turtlebot3_gazebo/share/colcon-core/packages/turtlebot3_gazebo)
[12.058s] Level 1:colcon.colcon_core.environment:create_environment_scripts_only(turtlebot3_gazebo)
[12.058s] Level 1:colcon.colcon_core.environment:checking '/home/jun/ros2_ws/install/turtlebot3_gazebo' for CMake module files
[12.058s] Level 1:colcon.colcon_core.environment:checking '/home/jun/ros2_ws/install/turtlebot3_gazebo' for CMake config files
[12.059s] Level 1:colcon.colcon_core.shell:create_environment_hook('turtlebot3_gazebo', 'cmake_prefix_path')
[12.059s] INFO:colcon.colcon_core.shell:Creating environment hook '/home/jun/ros2_ws/install/turtlebot3_gazebo/share/turtlebot3_gazebo/hook/cmake_prefix_path.ps1'
[12.059s] INFO:colcon.colcon_core.shell:Creating environment descriptor '/home/jun/ros2_ws/install/turtlebot3_gazebo/share/turtlebot3_gazebo/hook/cmake_prefix_path.dsv'
[12.059s] INFO:colcon.colcon_core.shell:Creating environment hook '/home/jun/ros2_ws/install/turtlebot3_gazebo/share/turtlebot3_gazebo/hook/cmake_prefix_path.sh'
[12.060s] Level 1:colcon.colcon_core.environment:checking '/home/jun/ros2_ws/install/turtlebot3_gazebo/lib'
[12.060s] Level 1:colcon.colcon_core.environment:checking '/home/jun/ros2_ws/install/turtlebot3_gazebo/bin'
[12.060s] Level 1:colcon.colcon_core.environment:checking '/home/jun/ros2_ws/install/turtlebot3_gazebo/lib/pkgconfig/turtlebot3_gazebo.pc'
[12.060s] Level 1:colcon.colcon_core.environment:checking '/home/jun/ros2_ws/install/turtlebot3_gazebo/lib/python3.10/site-packages'
[12.060s] Level 1:colcon.colcon_core.environment:checking '/home/jun/ros2_ws/install/turtlebot3_gazebo/bin'
[12.060s] INFO:colcon.colcon_core.shell:Creating package script '/home/jun/ros2_ws/install/turtlebot3_gazebo/share/turtlebot3_gazebo/package.ps1'
[12.060s] INFO:colcon.colcon_core.shell:Creating package descriptor '/home/jun/ros2_ws/install/turtlebot3_gazebo/share/turtlebot3_gazebo/package.dsv'
[12.061s] INFO:colcon.colcon_core.shell:Creating package script '/home/jun/ros2_ws/install/turtlebot3_gazebo/share/turtlebot3_gazebo/package.sh'
[12.061s] INFO:colcon.colcon_core.shell:Creating package script '/home/jun/ros2_ws/install/turtlebot3_gazebo/share/turtlebot3_gazebo/package.bash'
[12.061s] INFO:colcon.colcon_core.shell:Creating package script '/home/jun/ros2_ws/install/turtlebot3_gazebo/share/turtlebot3_gazebo/package.zsh'
[12.061s] Level 1:colcon.colcon_core.environment:create_file_with_runtime_dependencies(/home/jun/ros2_ws/install/turtlebot3_gazebo/share/colcon-core/packages/turtlebot3_gazebo)
[12.061s] DEBUG:colcon.colcon_parallel_executor.executor.parallel:closing loop
[12.062s] DEBUG:colcon.colcon_parallel_executor.executor.parallel:loop closed
[12.062s] DEBUG:colcon.colcon_parallel_executor.executor.parallel:run_until_complete finished with '0'
[12.062s] DEBUG:colcon.colcon_core.event_reactor:joining thread
[12.065s] INFO:colcon.colcon_core.plugin_system:Skipping extension 'colcon_notification.desktop_notification.terminal_notifier': Not used on non-Darwin systems
[12.065s] INFO:colcon.colcon_core.plugin_system:Skipping extension 'colcon_notification.desktop_notification.win32': Not used on non-Windows systems
[12.065s] INFO:colcon.colcon_notification.desktop_notification:Sending desktop notification using 'notify2'
[12.067s] DEBUG:colcon.colcon_core.event_reactor:joined thread
[12.067s] INFO:colcon.colcon_core.shell:Creating prefix script '/home/jun/ros2_ws/install/local_setup.ps1'
[12.068s] INFO:colcon.colcon_core.shell:Creating prefix util module '/home/jun/ros2_ws/install/_local_setup_util_ps1.py'
[12.069s] INFO:colcon.colcon_core.shell:Creating prefix chain script '/home/jun/ros2_ws/install/setup.ps1'
[12.070s] INFO:colcon.colcon_core.shell:Creating prefix script '/home/jun/ros2_ws/install/local_setup.sh'
[12.070s] INFO:colcon.colcon_core.shell:Creating prefix util module '/home/jun/ros2_ws/install/_local_setup_util_sh.py'
[12.071s] INFO:colcon.colcon_core.shell:Creating prefix chain script '/home/jun/ros2_ws/install/setup.sh'
[12.072s] INFO:colcon.colcon_core.shell:Creating prefix script '/home/jun/ros2_ws/install/local_setup.bash'
[12.072s] INFO:colcon.colcon_core.shell:Creating prefix chain script '/home/jun/ros2_ws/install/setup.bash'
[12.073s] INFO:colcon.colcon_core.shell:Creating prefix script '/home/jun/ros2_ws/install/local_setup.zsh'
[12.073s] INFO:colcon.colcon_core.shell:Creating prefix chain script '/home/jun/ros2_ws/install/setup.zsh'
