[0.007s] Invoking command in '/home/jun/ros2_ws/build/pcl_processing': CMAKE_PREFIX_PATH=${CMAKE_PREFIX_PATH}:/home/jun/ros2_ws/install/py_pubsub:/opt/ros/humble /usr/bin/cmake --build /home/jun/ros2_ws/build/pcl_processing -- -j8 -l8
[0.026s] -- Found ament_cmake: 1.3.8 (/opt/ros/humble/share/ament_cmake/cmake)
[0.119s] -- Eigen found (include: /usr/include/eigen3, version: 3.4.0)
[0.155s] -- FLANN found (include: /usr/include, lib: /usr/lib/x86_64-linux-gnu/libflann_cpp.so)
[0.384s] -- OpenNI found (version: 1.5.4.0, include: /usr/include/ni, lib: /usr/lib/libOpenNI.so;libusb::libusb)
[0.387s] -- OpenNI2 found (version: 2.2.0.33, include: /usr/include/openni2, lib: /usr/lib/x86_64-linux-gnu/libOpenNI2.so;libusb::libusb)
[0.387s] [0m** WARNING ** io features related to pcap will be disabled[0m
[0.493s] -- Eigen found (include: /usr/include/eigen3, version: 3.4.0)
[0.497s] -- OpenNI found (version: 1.5.4.0, include: /usr/include/ni, lib: /usr/lib/libOpenNI.so;libusb::libusb)
[0.500s] -- OpenNI2 found (version: 2.2.0.33, include: /usr/include/openni2, lib: /usr/lib/x86_64-linux-gnu/libOpenNI2.so;libusb::libusb)
[0.598s] -- Found Qhull version 8.0.2
[0.700s] -- OpenNI found (version: 1.5.4.0, include: /usr/include/ni, lib: /usr/lib/libOpenNI.so;libusb::libusb)
[0.798s] -- looking for PCL_COMMON
[0.798s] -- looking for PCL_KDTREE
[0.798s] -- looking for PCL_OCTREE
[0.798s] -- looking for PCL_SEARCH
[0.798s] -- looking for PCL_SAMPLE_CONSENSUS
[0.799s] -- looking for PCL_FILTERS
[0.799s] -- looking for PCL_2D
[0.799s] -- looking for PCL_GEOMETRY
[0.799s] -- looking for PCL_IO
[0.800s] -- looking for PCL_FEATURES
[0.800s] -- looking for PCL_ML
[0.800s] -- looking for PCL_SEGMENTATION
[0.800s] -- looking for PCL_VISUALIZATION
[0.801s] -- looking for PCL_SURFACE
[0.801s] -- looking for PCL_REGISTRATION
[0.801s] -- looking for PCL_KEYPOINTS
[0.802s] -- looking for PCL_TRACKING
[0.802s] -- looking for PCL_RECOGNITION
[0.802s] -- looking for PCL_STEREO
[0.802s] -- looking for PCL_APPS
[0.803s] -- looking for PCL_IN_HAND_SCANNER
[0.803s] -- looking for PCL_MODELER
[0.803s] -- looking for PCL_POINT_CLOUD_EDITOR
[0.803s] -- looking for PCL_OUTOFCORE
[0.804s] -- looking for PCL_PEOPLE
[0.856s] -- Configuring done
[0.875s] -- Generating done
[0.876s] -- Build files have been written to: /home/jun/ros2_ws/build/pcl_processing
[0.895s] [35m[1mConsolidate compiler generated dependencies of target plane_cloud[0m
[0.895s] [35m[1mConsolidate compiler generated dependencies of target pcd_import[0m
[0.908s] [ 75%] Built target pcd_import
[0.908s] [100%] Built target plane_cloud
[0.915s] Invoked command in '/home/jun/ros2_ws/build/pcl_processing' returned '0': CMAKE_PREFIX_PATH=${CMAKE_PREFIX_PATH}:/home/jun/ros2_ws/install/py_pubsub:/opt/ros/humble /usr/bin/cmake --build /home/jun/ros2_ws/build/pcl_processing -- -j8 -l8
[0.946s] Invoking command in '/home/jun/ros2_ws/build/pcl_processing': CMAKE_PREFIX_PATH=${CMAKE_PREFIX_PATH}:/home/jun/ros2_ws/install/py_pubsub:/opt/ros/humble /usr/bin/cmake --install /home/jun/ros2_ws/build/pcl_processing
[0.950s] -- Install configuration: ""
[0.950s] -- Up-to-date: /home/jun/ros2_ws/install/pcl_processing/lib/pcl_processing/pcd_import
[0.950s] -- Installing: /home/jun/ros2_ws/install/pcl_processing/lib/pcl_processing/plane_cloud
[0.951s] -- Up-to-date: /home/jun/ros2_ws/install/pcl_processing/share/ament_index/resource_index/package_run_dependencies/pcl_processing
[0.951s] -- Up-to-date: /home/jun/ros2_ws/install/pcl_processing/share/ament_index/resource_index/parent_prefix_path/pcl_processing
[0.951s] -- Up-to-date: /home/jun/ros2_ws/install/pcl_processing/share/pcl_processing/environment/ament_prefix_path.sh
[0.951s] -- Installing: /home/jun/ros2_ws/install/pcl_processing/share/pcl_processing/environment/ament_prefix_path.dsv
[0.951s] -- Up-to-date: /home/jun/ros2_ws/install/pcl_processing/share/pcl_processing/environment/path.sh
[0.951s] -- Installing: /home/jun/ros2_ws/install/pcl_processing/share/pcl_processing/environment/path.dsv
[0.951s] -- Up-to-date: /home/jun/ros2_ws/install/pcl_processing/share/pcl_processing/local_setup.bash
[0.951s] -- Up-to-date: /home/jun/ros2_ws/install/pcl_processing/share/pcl_processing/local_setup.sh
[0.951s] -- Up-to-date: /home/jun/ros2_ws/install/pcl_processing/share/pcl_processing/local_setup.zsh
[0.951s] -- Installing: /home/jun/ros2_ws/install/pcl_processing/share/pcl_processing/local_setup.dsv
[0.951s] -- Installing: /home/jun/ros2_ws/install/pcl_processing/share/pcl_processing/package.dsv
[0.951s] -- Up-to-date: /home/jun/ros2_ws/install/pcl_processing/share/ament_index/resource_index/packages/pcl_processing
[0.951s] -- Up-to-date: /home/jun/ros2_ws/install/pcl_processing/share/pcl_processing/cmake/pcl_processingConfig.cmake
[0.951s] -- Up-to-date: /home/jun/ros2_ws/install/pcl_processing/share/pcl_processing/cmake/pcl_processingConfig-version.cmake
[0.951s] -- Up-to-date: /home/jun/ros2_ws/install/pcl_processing/share/pcl_processing/package.xml
[0.953s] Invoked command in '/home/jun/ros2_ws/build/pcl_processing' returned '0': CMAKE_PREFIX_PATH=${CMAKE_PREFIX_PATH}:/home/jun/ros2_ws/install/py_pubsub:/opt/ros/humble /usr/bin/cmake --install /home/jun/ros2_ws/build/pcl_processing
