[0.008s] Invoking command in '/home/jun/ros2_ws/build/turtlebot3_gazebo': CMAKE_PREFIX_PATH=${CMAKE_PREFIX_PATH}:/opt/ros/humble /usr/bin/cmake /home/jun/ros2_ws/src/turtlebot3_gazebo -DCMAKE_INSTALL_PREFIX=/home/jun/ros2_ws/install/turtlebot3_gazebo
[0.017s] -- Found ament_cmake: 1.3.8 (/opt/ros/humble/share/ament_cmake/cmake)
[0.117s] -- Configuring incomplete, errors occurred!
[0.117s] See also "/home/jun/ros2_ws/build/turtlebot3_gazebo/CMakeFiles/CMakeOutput.log".
[0.117s] [31mCMake Error at CMakeLists.txt:23 (find_package):
[0.117s]   By not providing "Findgazebo.cmake" in CMAKE_MODULE_PATH this project has
[0.117s]   asked CMake to find a package configuration file provided by "gazebo", but
[0.117s]   CMake did not find one.
[0.117s] 
[0.117s]   Could not find a package configuration file provided by "gazebo" with any
[0.117s]   of the following names:
[0.117s] 
[0.117s]     gazeboConfig.cmake
[0.117s]     gazebo-config.cmake
[0.117s] 
[0.118s]   Add the installation prefix of "gazebo" to CMAKE_PREFIX_PATH or set
[0.118s]   "gazebo_DIR" to a directory containing one of the above files.  If "gazebo"
[0.118s]   provides a separate development package or SDK, be sure it has been
[0.118s]   installed.
[0.118s] 
[0.118s] [0m
[0.119s] Invoked command in '/home/jun/ros2_ws/build/turtlebot3_gazebo' returned '1': CMAKE_PREFIX_PATH=${CMAKE_PREFIX_PATH}:/opt/ros/humble /usr/bin/cmake /home/jun/ros2_ws/src/turtlebot3_gazebo -DCMAKE_INSTALL_PREFIX=/home/jun/ros2_ws/install/turtlebot3_gazebo
