[0.036s] Invoking command in '/home/jun/ros2_ws/build/pcl_processing': CMAKE_PREFIX_PATH=${CMAKE_PREFIX_PATH}:/opt/ros/humble /usr/bin/cmake --build /home/jun/ros2_ws/build/pcl_processing -- -j8 -l8
[0.257s] [ 14%] Built target pcd_import
[0.290s] [35m[1mConsolidate compiler generated dependencies of target traffic_segmentation[0m
[0.373s] [ 28%] Built target traffic_segmentation
[0.418s] [ 42%] Built target kd_tree
[0.500s] [ 57%] Built target kitti_voxel
[0.573s] [ 71%] Built target pcl_filter
[0.635s] [ 85%] Built target circular_cloud
[0.697s] [100%] Built target plane_cloud
[0.719s] Invoked command in '/home/jun/ros2_ws/build/pcl_processing' returned '0': CMAKE_PREFIX_PATH=${CMAKE_PREFIX_PATH}:/opt/ros/humble /usr/bin/cmake --build /home/jun/ros2_ws/build/pcl_processing -- -j8 -l8
[0.843s] Invoking command in '/home/jun/ros2_ws/build/pcl_processing': CMAKE_PREFIX_PATH=${CMAKE_PREFIX_PATH}:/opt/ros/humble /usr/bin/cmake --install /home/jun/ros2_ws/build/pcl_processing
[0.851s] -- Install configuration: ""
[0.851s] -- Up-to-date: /home/jun/ros2_ws/install/pcl_processing/lib/pcl_processing/kitti_voxel
[0.851s] -- Up-to-date: /home/jun/ros2_ws/install/pcl_processing/lib/pcl_processing/circular_cloud
[0.852s] -- Up-to-date: /home/jun/ros2_ws/install/pcl_processing/lib/pcl_processing/pcd_import
[0.852s] -- Up-to-date: /home/jun/ros2_ws/install/pcl_processing/lib/pcl_processing/plane_cloud
[0.852s] -- Up-to-date: /home/jun/ros2_ws/install/pcl_processing/lib/pcl_processing/kd_tree
[0.852s] -- Up-to-date: /home/jun/ros2_ws/install/pcl_processing/lib/pcl_processing/traffic_segmentation
[0.852s] -- Up-to-date: /home/jun/ros2_ws/install/pcl_processing/share/pcl_processing//launch
[0.852s] -- Up-to-date: /home/jun/ros2_ws/install/pcl_processing/share/pcl_processing//launch/rtab_mapping.launch.py
[0.853s] -- Up-to-date: /home/jun/ros2_ws/install/pcl_processing/share/pcl_processing//launch/bring_rviz.launch.py
[0.853s] -- Up-to-date: /home/jun/ros2_ws/install/pcl_processing/share/pcl_processing//launch/process_kitti.launch.py
[0.853s] -- Up-to-date: /home/jun/ros2_ws/install/pcl_processing/share/pcl_processing//rviz
[0.853s] -- Up-to-date: /home/jun/ros2_ws/install/pcl_processing/share/pcl_processing//rviz/kitti_viz.rviz
[0.853s] -- Up-to-date: /home/jun/ros2_ws/install/pcl_processing/share/pcl_processing//rviz/kitti_viz_old.rviz
[0.853s] -- Up-to-date: /home/jun/ros2_ws/install/pcl_processing/share/ament_index/resource_index/package_run_dependencies/pcl_processing
[0.853s] -- Up-to-date: /home/jun/ros2_ws/install/pcl_processing/share/ament_index/resource_index/parent_prefix_path/pcl_processing
[0.853s] -- Up-to-date: /home/jun/ros2_ws/install/pcl_processing/share/pcl_processing/environment/ament_prefix_path.sh
[0.853s] -- Up-to-date: /home/jun/ros2_ws/install/pcl_processing/share/pcl_processing/environment/ament_prefix_path.dsv
[0.853s] -- Up-to-date: /home/jun/ros2_ws/install/pcl_processing/share/pcl_processing/environment/path.sh
[0.854s] -- Up-to-date: /home/jun/ros2_ws/install/pcl_processing/share/pcl_processing/environment/path.dsv
[0.854s] -- Up-to-date: /home/jun/ros2_ws/install/pcl_processing/share/pcl_processing/local_setup.bash
[0.854s] -- Up-to-date: /home/jun/ros2_ws/install/pcl_processing/share/pcl_processing/local_setup.sh
[0.854s] -- Up-to-date: /home/jun/ros2_ws/install/pcl_processing/share/pcl_processing/local_setup.zsh
[0.854s] -- Up-to-date: /home/jun/ros2_ws/install/pcl_processing/share/pcl_processing/local_setup.dsv
[0.854s] -- Installing: /home/jun/ros2_ws/install/pcl_processing/share/pcl_processing/package.dsv
[0.854s] -- Up-to-date: /home/jun/ros2_ws/install/pcl_processing/share/ament_index/resource_index/packages/pcl_processing
[0.854s] -- Up-to-date: /home/jun/ros2_ws/install/pcl_processing/share/pcl_processing/cmake/pcl_processingConfig.cmake
[0.854s] -- Up-to-date: /home/jun/ros2_ws/install/pcl_processing/share/pcl_processing/cmake/pcl_processingConfig-version.cmake
[0.854s] -- Up-to-date: /home/jun/ros2_ws/install/pcl_processing/share/pcl_processing/package.xml
[0.856s] Invoked command in '/home/jun/ros2_ws/build/pcl_processing' returned '0': CMAKE_PREFIX_PATH=${CMAKE_PREFIX_PATH}:/opt/ros/humble /usr/bin/cmake --install /home/jun/ros2_ws/build/pcl_processing
