[0.009s] Invoking command in '/home/jun/ros2_ws/build/turtlebot3_gazebo': CMAKE_PREFIX_PATH=${CMAKE_PREFIX_PATH}:/home/jun/ros2_ws/install/py_pubsub:/opt/ros/humble /usr/bin/cmake /home/jun/ros2_ws/turtlebot3_gazebo -DCMAKE_INSTALL_PREFIX=/home/jun/ros2_ws/install/turtlebot3_gazebo
[0.056s] -- The C compiler identification is GNU 11.4.0
[0.095s] -- The CXX compiler identification is GNU 11.4.0
[0.100s] -- Detecting C compiler ABI info
[0.159s] -- Detecting C compiler ABI info - done
[0.165s] -- Check for working C compiler: /usr/bin/cc - skipped
[0.165s] -- Detecting C compile features
[0.165s] -- Detecting C compile features - done
[0.168s] -- Detecting CXX compiler ABI info
[0.231s] -- Detecting CXX compiler ABI info - done
[0.238s] -- Check for working CXX compiler: /usr/bin/c++ - skipped
[0.238s] -- Detecting CXX compile features
[0.239s] -- Detecting CXX compile features - done
[0.245s] -- Found ament_cmake: 1.3.8 (/opt/ros/humble/share/ament_cmake/cmake)
[0.358s] -- Found Python3: /usr/bin/python3 (found version "3.10.12") found components: Interpreter 
[0.431s] -- Configuring incomplete, errors occurred!
[0.431s] See also "/home/jun/ros2_ws/build/turtlebot3_gazebo/CMakeFiles/CMakeOutput.log".
[0.431s] [31mCMake Error at CMakeLists.txt:23 (find_package):
[0.431s]   By not providing "Findgazebo.cmake" in CMAKE_MODULE_PATH this project has
[0.431s]   asked CMake to find a package configuration file provided by "gazebo", but
[0.431s]   CMake did not find one.
[0.431s] 
[0.431s]   Could not find a package configuration file provided by "gazebo" with any
[0.431s]   of the following names:
[0.431s] 
[0.432s]     gazeboConfig.cmake
[0.432s]     gazebo-config.cmake
[0.432s] 
[0.432s]   Add the installation prefix of "gazebo" to CMAKE_PREFIX_PATH or set
[0.432s]   "gazebo_DIR" to a directory containing one of the above files.  If "gazebo"
[0.432s]   provides a separate development package or SDK, be sure it has been
[0.432s]   installed.
[0.432s] 
[0.432s] [0m
[0.436s] Invoked command in '/home/jun/ros2_ws/build/turtlebot3_gazebo' returned '1': CMAKE_PREFIX_PATH=${CMAKE_PREFIX_PATH}:/home/jun/ros2_ws/install/py_pubsub:/opt/ros/humble /usr/bin/cmake /home/jun/ros2_ws/turtlebot3_gazebo -DCMAKE_INSTALL_PREFIX=/home/jun/ros2_ws/install/turtlebot3_gazebo
