[0.009s] Invoking command in '/home/jun/ros2_ws/build/turtlebot3_gazebo': CMAKE_PREFIX_PATH=${CMAKE_PREFIX_PATH}:/opt/ros/humble /usr/bin/cmake /home/jun/ros2_ws/src/turtlebot3_gazebo -DCMAKE_INSTALL_PREFIX=/home/jun/ros2_ws/install/turtlebot3_gazebo
[0.088s] -- The C compiler identification is GNU 11.4.0
[0.158s] -- The CXX compiler identification is GNU 11.4.0
[0.165s] -- Detecting C compiler ABI info
[0.218s] -- Detecting C compiler ABI info - done
[0.227s] -- Check for working C compiler: /usr/bin/cc - skipped
[0.227s] -- Detecting C compile features
[0.228s] -- Detecting C compile features - done
[0.231s] -- Detecting CXX compiler ABI info
[0.287s] -- Detecting CXX compiler ABI info - done
[0.293s] -- Check for working CXX compiler: /usr/bin/c++ - skipped
[0.293s] -- Detecting CXX compile features
[0.294s] -- Detecting CXX compile features - done
[0.297s] -- Found ament_cmake: 1.3.8 (/opt/ros/humble/share/ament_cmake/cmake)
[0.425s] -- Found Python3: /usr/bin/python3 (found version "3.10.12") found components: Interpreter 
[0.518s] [33mCMake Warning (dev) at /usr/share/cmake-3.22/Modules/FindPackageHandleStandardArgs.cmake:438 (message):
[0.518s]   The package name passed to `find_package_handle_standard_args` (PkgConfig)
[0.518s]   does not match the name of the calling package (gazebo).  This can lead to
[0.518s]   problems in calling code that expects `find_package` result variables
[0.518s]   (e.g., `_FOUND`) to follow a certain pattern.
[0.518s] Call Stack (most recent call first):
[0.518s]   /usr/share/cmake-3.22/Modules/FindPkgConfig.cmake:99 (find_package_handle_standard_args)
[0.518s]   /usr/lib/x86_64-linux-gnu/cmake/gazebo/gazebo-config.cmake:72 (include)
[0.518s]   CMakeLists.txt:23 (find_package)
[0.518s] This warning is for project developers.  Use -Wno-dev to suppress it.
[0.519s] [0m
[0.519s] -- Found PkgConfig: /usr/bin/pkg-config (found version "0.29.2") 
[0.522s] -- Checking for module 'bullet>=2.82'
[0.531s] --   Found bullet, version 3.05
[0.616s] -- Found fcl: /usr/include (found suitable version "0.7.0", minimum required is "0.5.0") 
[0.653s] -- Found assimp: /usr/include (found version "5.2.0") 
[0.672s] -- Found DART: /usr/include (Required is at least version "6.6") found components: dart 
[0.836s] -- Found Boost: /usr/lib/x86_64-linux-gnu/cmake/Boost-1.74.0/BoostConfig.cmake (found suitable version "1.74.0", minimum required is "1.40.0") found components: thread system filesystem program_options regex iostreams date_time 
[0.858s] -- Found Protobuf: /usr/lib/x86_64-linux-gnu/libprotobuf.so (found version "3.12.4") 
[0.862s] -- Looking for ignition-math6 -- found version 6.15.1
[0.868s] -- Searching for dependencies of ignition-math6
[0.869s] -- Looking for OGRE...
[0.870s] -- OGRE_PREFIX_WATCH changed.
[0.874s] -- Checking for module 'OGRE'
[0.881s] --   Found OGRE, version 1.9.0
[0.903s] -- Found Ogre Ghadamon (1.9.0)
[0.911s] -- Found OGRE: optimized;/usr/lib/x86_64-linux-gnu/libOgreMain.so;debug;/usr/lib/x86_64-linux-gnu/libOgreMain.so
[0.919s] -- Looking for OGRE_Paging...
[0.924s] -- Found OGRE_Paging: optimized;/usr/lib/x86_64-linux-gnu/libOgrePaging.so;debug;/usr/lib/x86_64-linux-gnu/libOgrePaging.so
[0.924s] -- Looking for OGRE_Terrain...
[0.929s] -- Found OGRE_Terrain: optimized;/usr/lib/x86_64-linux-gnu/libOgreTerrain.so;debug;/usr/lib/x86_64-linux-gnu/libOgreTerrain.so
[0.929s] -- Looking for OGRE_Property...
[0.937s] -- Found OGRE_Property: optimized;/usr/lib/x86_64-linux-gnu/libOgreProperty.so;debug;/usr/lib/x86_64-linux-gnu/libOgreProperty.so
[0.937s] -- Looking for OGRE_RTShaderSystem...
[0.941s] -- Found OGRE_RTShaderSystem: optimized;/usr/lib/x86_64-linux-gnu/libOgreRTShaderSystem.so;debug;/usr/lib/x86_64-linux-gnu/libOgreRTShaderSystem.so
[0.941s] -- Looking for OGRE_Volume...
[0.945s] -- Found OGRE_Volume: optimized;/usr/lib/x86_64-linux-gnu/libOgreVolume.so;debug;/usr/lib/x86_64-linux-gnu/libOgreVolume.so
[0.945s] -- Looking for OGRE_Overlay...
[0.950s] -- Found OGRE_Overlay: optimized;/usr/lib/x86_64-linux-gnu/libOgreOverlay.so;debug;/usr/lib/x86_64-linux-gnu/libOgreOverlay.so
[1.041s] -- Looking for ignition-math6 -- found version 6.15.1
[1.043s] -- Looking for ignition-transport8 -- found version 8.2.1
[1.043s] -- Searching for dependencies of ignition-transport8
[1.056s] -- Found Protobuf: /usr/lib/x86_64-linux-gnu/libprotobuf.so (found suitable version "3.12.4", minimum required is "3") 
[1.065s] -- Config-file not installed for ZeroMQ -- checking for pkg-config
[1.069s] -- Checking for module 'libzmq >= 4'
[1.079s] --   Found libzmq , version 4.3.4
[1.106s] -- Found ZeroMQ: TRUE (Required is at least version "4") 
[1.110s] -- Checking for module 'uuid'
[1.119s] --   Found uuid, version 2.37.2
[1.143s] -- Found UUID: TRUE  
[1.145s] -- Looking for ignition-msgs5 -- found version 5.8.1
[1.145s] -- Searching for dependencies of ignition-msgs5
[1.160s] -- Looking for ignition-math6 -- found version 6.15.1
[1.166s] -- Checking for module 'tinyxml2'
[1.176s] --   Found tinyxml2, version 9.0.0
[1.201s] -- Looking for ignition-msgs5 -- found version 5.8.1
[1.204s] -- Looking for ignition-common3 -- found version 3.14.0
[1.205s] -- Searching for dependencies of ignition-common3
[1.205s] -- Looking for dlfcn.h - found
[1.207s] -- Looking for libdl - found
[1.208s] -- Found DL: TRUE  
[1.222s] -- Found tinyobjloader: /usr/lib/x86_64-linux-gnu/cmake/tinyobjloader/tinyobjloader-config.cmake (found version "2.0.0") 
[1.223s] -- Searching for <ignition-common3> component [graphics]
[1.225s] -- Looking for ignition-common3-graphics -- found version 3.14.0
[1.226s] -- Searching for dependencies of ignition-common3-graphics
[1.226s] -- Looking for ignition-math6 -- found version 6.15.1
[1.230s] -- Looking for ignition-fuel_tools4 -- found version 4.4.0
[1.230s] -- Searching for dependencies of ignition-fuel_tools4
[1.288s] -- Found CURL: /usr/lib/x86_64-linux-gnu/libcurl.so (found version "7.81.0")  
[1.296s] -- Checking for module 'jsoncpp'
[1.308s] --   Found jsoncpp, version 1.9.5
[1.331s] -- Found JSONCPP: TRUE  
[1.338s] -- Checking for module 'libzip'
[1.347s] --   Found libzip, version 1.7.3
[1.369s] -- Found ZIP: TRUE  
[1.369s] -- Looking for ignition-common3 -- found version 3.14.0
[1.369s] -- Looking for ignition-math6 -- found version 6.15.1
[1.369s] -- Looking for ignition-msgs5 -- found version 5.8.1
[1.374s] -- Found gazebo_ros_pkgs: 3.7.0 (/opt/ros/humble/share/gazebo_ros_pkgs/cmake)
[1.376s] -- Found geometry_msgs: 4.2.3 (/opt/ros/humble/share/geometry_msgs/cmake)
[1.401s] -- Found rosidl_generator_c: 3.1.5 (/opt/ros/humble/share/rosidl_generator_c/cmake)
[1.405s] -- Found rosidl_adapter: 3.1.5 (/opt/ros/humble/share/rosidl_adapter/cmake)
[1.413s] -- Found rosidl_generator_cpp: 3.1.5 (/opt/ros/humble/share/rosidl_generator_cpp/cmake)
[1.424s] -- Using all available rosidl_typesupport_c: rosidl_typesupport_fastrtps_c;rosidl_typesupport_introspection_c
[1.442s] -- Using all available rosidl_typesupport_cpp: rosidl_typesupport_fastrtps_cpp;rosidl_typesupport_introspection_cpp
[1.541s] -- Found nav_msgs: 4.2.3 (/opt/ros/humble/share/nav_msgs/cmake)
[1.615s] -- Found rclcpp: 16.0.8 (/opt/ros/humble/share/rclcpp/cmake)
[1.660s] -- Found rmw_implementation_cmake: 6.1.1 (/opt/ros/humble/share/rmw_implementation_cmake/cmake)
[1.662s] -- Found rmw_fastrtps_cpp: 6.2.6 (/opt/ros/humble/share/rmw_fastrtps_cpp/cmake)
[1.757s] -- Found OpenSSL: /usr/lib/x86_64-linux-gnu/libcrypto.so (found version "3.0.2")  
[1.785s] -- Found FastRTPS: /opt/ros/humble/include  
[1.827s] -- Using RMW implementation 'rmw_fastrtps_cpp' as default
[1.837s] -- Found Threads: TRUE  
[1.944s] -- Found sensor_msgs: 4.2.3 (/opt/ros/humble/share/sensor_msgs/cmake)
[2.034s] -- Found tf2: 0.25.6 (/opt/ros/humble/share/tf2/cmake)
[2.113s] -- Configuring done
[2.149s] -- Generating done
[2.150s] -- Build files have been written to: /home/jun/ros2_ws/build/turtlebot3_gazebo
[2.162s] Invoked command in '/home/jun/ros2_ws/build/turtlebot3_gazebo' returned '0': CMAKE_PREFIX_PATH=${CMAKE_PREFIX_PATH}:/opt/ros/humble /usr/bin/cmake /home/jun/ros2_ws/src/turtlebot3_gazebo -DCMAKE_INSTALL_PREFIX=/home/jun/ros2_ws/install/turtlebot3_gazebo
[2.164s] Invoking command in '/home/jun/ros2_ws/build/turtlebot3_gazebo': CMAKE_PREFIX_PATH=${CMAKE_PREFIX_PATH}:/opt/ros/humble /usr/bin/cmake --build /home/jun/ros2_ws/build/turtlebot3_gazebo -- -j8 -l8
[2.201s] [ 12%] [32mBuilding CXX object CMakeFiles/obstacles.dir/models/turtlebot3_dqn_world/obstacle_plugin/obstacles.cc.o[0m
[2.202s] [ 37%] [32mBuilding CXX object CMakeFiles/obstacle2.dir/models/turtlebot3_dqn_world/obstacle_plugin/obstacle2.cc.o[0m
[2.202s] [ 37%] [32mBuilding CXX object CMakeFiles/turtlebot3_drive.dir/src/turtlebot3_drive.cpp.o[0m
[2.202s] [ 50%] [32mBuilding CXX object CMakeFiles/obstacle1.dir/models/turtlebot3_dqn_world/obstacle_plugin/obstacle1.cc.o[0m
