[0.008s] Invoking command in '/home/jun/ros2_ws/build/pcl_processing': CMAKE_PREFIX_PATH=${CMAKE_PREFIX_PATH}:/home/jun/ros2_ws/install/py_pubsub:/opt/ros/humble /usr/bin/cmake --build /home/jun/ros2_ws/build/pcl_processing -- -j8 -l8
[0.051s] [ 50%] Built target pcd_import
[0.054s] [100%] Built target plane_cloud
[0.061s] Invoked command in '/home/jun/ros2_ws/build/pcl_processing' returned '0': CMAKE_PREFIX_PATH=${CMAKE_PREFIX_PATH}:/home/jun/ros2_ws/install/py_pubsub:/opt/ros/humble /usr/bin/cmake --build /home/jun/ros2_ws/build/pcl_processing -- -j8 -l8
[0.081s] Invoking command in '/home/jun/ros2_ws/build/pcl_processing': CMAKE_PREFIX_PATH=${CMAKE_PREFIX_PATH}:/home/jun/ros2_ws/install/py_pubsub:/opt/ros/humble /usr/bin/cmake --install /home/jun/ros2_ws/build/pcl_processing
[0.085s] -- Install configuration: ""
[0.086s] -- Up-to-date: /home/jun/ros2_ws/install/pcl_processing/lib/pcl_processing/pcd_import
[0.086s] -- Up-to-date: /home/jun/ros2_ws/install/pcl_processing/lib/pcl_processing/plane_cloud
[0.086s] -- Up-to-date: /home/jun/ros2_ws/install/pcl_processing/share/ament_index/resource_index/package_run_dependencies/pcl_processing
[0.086s] -- Up-to-date: /home/jun/ros2_ws/install/pcl_processing/share/ament_index/resource_index/parent_prefix_path/pcl_processing
[0.086s] -- Up-to-date: /home/jun/ros2_ws/install/pcl_processing/share/pcl_processing/environment/ament_prefix_path.sh
[0.086s] -- Up-to-date: /home/jun/ros2_ws/install/pcl_processing/share/pcl_processing/environment/ament_prefix_path.dsv
[0.086s] -- Up-to-date: /home/jun/ros2_ws/install/pcl_processing/share/pcl_processing/environment/path.sh
[0.086s] -- Up-to-date: /home/jun/ros2_ws/install/pcl_processing/share/pcl_processing/environment/path.dsv
[0.086s] -- Up-to-date: /home/jun/ros2_ws/install/pcl_processing/share/pcl_processing/local_setup.bash
[0.086s] -- Up-to-date: /home/jun/ros2_ws/install/pcl_processing/share/pcl_processing/local_setup.sh
[0.086s] -- Up-to-date: /home/jun/ros2_ws/install/pcl_processing/share/pcl_processing/local_setup.zsh
[0.086s] -- Up-to-date: /home/jun/ros2_ws/install/pcl_processing/share/pcl_processing/local_setup.dsv
[0.086s] -- Up-to-date: /home/jun/ros2_ws/install/pcl_processing/share/pcl_processing/package.dsv
[0.086s] -- Up-to-date: /home/jun/ros2_ws/install/pcl_processing/share/ament_index/resource_index/packages/pcl_processing
[0.086s] -- Up-to-date: /home/jun/ros2_ws/install/pcl_processing/share/pcl_processing/cmake/pcl_processingConfig.cmake
[0.086s] -- Up-to-date: /home/jun/ros2_ws/install/pcl_processing/share/pcl_processing/cmake/pcl_processingConfig-version.cmake
[0.086s] -- Up-to-date: /home/jun/ros2_ws/install/pcl_processing/share/pcl_processing/package.xml
[0.087s] Invoked command in '/home/jun/ros2_ws/build/pcl_processing' returned '0': CMAKE_PREFIX_PATH=${CMAKE_PREFIX_PATH}:/home/jun/ros2_ws/install/py_pubsub:/opt/ros/humble /usr/bin/cmake --install /home/jun/ros2_ws/build/pcl_processing
