[ 60%] Built target plane_cloud
[ 60%] Built target circular_cloud
[ 60%] Built target pcd_import
[ 70%] [32mBuilding CXX object CMakeFiles/kitti_voxel.dir/src/5_kitti_voxel.cpp.o[0m
[ 90%] Built target pcl_filter
[100%] [32m[1mLinking CXX executable kitti_voxel[0m
[100%] Built target kitti_voxel
-- Install configuration: ""
-- Installing: /home/jun/ros2_ws/install/pcl_processing/lib/pcl_processing/kitti_voxel
-- Set runtime path of "/home/jun/ros2_ws/install/pcl_processing/lib/pcl_processing/kitti_voxel" to ""
-- Up-to-date: /home/jun/ros2_ws/install/pcl_processing/lib/pcl_processing/circular_cloud
-- Up-to-date: /home/jun/ros2_ws/install/pcl_processing/lib/pcl_processing/pcd_import
-- Up-to-date: /home/jun/ros2_ws/install/pcl_processing/lib/pcl_processing/plane_cloud
-- Up-to-date: /home/jun/ros2_ws/install/pcl_processing/share/pcl_processing//launch
-- Up-to-date: /home/jun/ros2_ws/install/pcl_processing/share/pcl_processing//launch/rtab_mapping.launch.py
-- Up-to-date: /home/jun/ros2_ws/install/pcl_processing/share/pcl_processing//launch/bring_rviz.launch.py
-- Up-to-date: /home/jun/ros2_ws/install/pcl_processing/share/pcl_processing//launch/process_kitti.launch.py
-- Up-to-date: /home/jun/ros2_ws/install/pcl_processing/share/pcl_processing//rviz
-- Up-to-date: /home/jun/ros2_ws/install/pcl_processing/share/pcl_processing//rviz/kitti_viz.rviz
-- Up-to-date: /home/jun/ros2_ws/install/pcl_processing/share/ament_index/resource_index/package_run_dependencies/pcl_processing
-- Up-to-date: /home/jun/ros2_ws/install/pcl_processing/share/ament_index/resource_index/parent_prefix_path/pcl_processing
-- Up-to-date: /home/jun/ros2_ws/install/pcl_processing/share/pcl_processing/environment/ament_prefix_path.sh
-- Installing: /home/jun/ros2_ws/install/pcl_processing/share/pcl_processing/environment/ament_prefix_path.dsv
-- Up-to-date: /home/jun/ros2_ws/install/pcl_processing/share/pcl_processing/environment/path.sh
-- Installing: /home/jun/ros2_ws/install/pcl_processing/share/pcl_processing/environment/path.dsv
-- Up-to-date: /home/jun/ros2_ws/install/pcl_processing/share/pcl_processing/local_setup.bash
-- Up-to-date: /home/jun/ros2_ws/install/pcl_processing/share/pcl_processing/local_setup.sh
-- Up-to-date: /home/jun/ros2_ws/install/pcl_processing/share/pcl_processing/local_setup.zsh
-- Installing: /home/jun/ros2_ws/install/pcl_processing/share/pcl_processing/local_setup.dsv
-- Installing: /home/jun/ros2_ws/install/pcl_processing/share/pcl_processing/package.dsv
-- Up-to-date: /home/jun/ros2_ws/install/pcl_processing/share/ament_index/resource_index/packages/pcl_processing
-- Up-to-date: /home/jun/ros2_ws/install/pcl_processing/share/pcl_processing/cmake/pcl_processingConfig.cmake
-- Up-to-date: /home/jun/ros2_ws/install/pcl_processing/share/pcl_processing/cmake/pcl_processingConfig-version.cmake
-- Up-to-date: /home/jun/ros2_ws/install/pcl_processing/share/pcl_processing/package.xml
