[0.011s] Invoking command in '/home/jun/ros2_ws/build/pcl_processing': CMAKE_PREFIX_PATH=${CMAKE_PREFIX_PATH}:/home/jun/ros2_ws/install/py_pubsub:/opt/ros/humble /usr/bin/cmake --build /home/jun/ros2_ws/build/pcl_processing -- -j8 -l8
[0.027s] -- Found ament_cmake: 1.3.8 (/opt/ros/humble/share/ament_cmake/cmake)
[0.125s] -- Eigen found (include: /usr/include/eigen3, version: 3.4.0)
[0.156s] -- FLANN found (include: /usr/include, lib: /usr/lib/x86_64-linux-gnu/libflann_cpp.so)
[0.395s] -- OpenNI found (version: 1.5.4.0, include: /usr/include/ni, lib: /usr/lib/libOpenNI.so;libusb::libusb)
[0.399s] -- OpenNI2 found (version: 2.2.0.33, include: /usr/include/openni2, lib: /usr/lib/x86_64-linux-gnu/libOpenNI2.so;libusb::libusb)
[0.399s] [0m** WARNING ** io features related to pcap will be disabled[0m
[0.503s] -- Eigen found (include: /usr/include/eigen3, version: 3.4.0)
[0.507s] -- OpenNI found (version: 1.5.4.0, include: /usr/include/ni, lib: /usr/lib/libOpenNI.so;libusb::libusb)
[0.511s] -- OpenNI2 found (version: 2.2.0.33, include: /usr/include/openni2, lib: /usr/lib/x86_64-linux-gnu/libOpenNI2.so;libusb::libusb)
[0.608s] -- Found Qhull version 8.0.2
[0.713s] -- OpenNI found (version: 1.5.4.0, include: /usr/include/ni, lib: /usr/lib/libOpenNI.so;libusb::libusb)
[0.810s] -- looking for PCL_COMMON
[0.810s] -- looking for PCL_KDTREE
[0.810s] -- looking for PCL_OCTREE
[0.810s] -- looking for PCL_SEARCH
[0.811s] -- looking for PCL_SAMPLE_CONSENSUS
[0.811s] -- looking for PCL_FILTERS
[0.811s] -- looking for PCL_2D
[0.811s] -- looking for PCL_GEOMETRY
[0.812s] -- looking for PCL_IO
[0.812s] -- looking for PCL_FEATURES
[0.812s] -- looking for PCL_ML
[0.812s] -- looking for PCL_SEGMENTATION
[0.813s] -- looking for PCL_VISUALIZATION
[0.813s] -- looking for PCL_SURFACE
[0.813s] -- looking for PCL_REGISTRATION
[0.814s] -- looking for PCL_KEYPOINTS
[0.814s] -- looking for PCL_TRACKING
[0.814s] -- looking for PCL_RECOGNITION
[0.815s] -- looking for PCL_STEREO
[0.815s] -- looking for PCL_APPS
[0.815s] -- looking for PCL_IN_HAND_SCANNER
[0.815s] -- looking for PCL_MODELER
[0.816s] -- looking for PCL_POINT_CLOUD_EDITOR
[0.816s] -- looking for PCL_OUTOFCORE
[0.816s] -- looking for PCL_PEOPLE
[0.817s] [31mCMake Error at CMakeLists.txt:19 (install):
[0.817s]   install does not recognize sub-command TARGETScmake_minimum_required
[0.817s] 
[0.817s] [0m
[0.876s] -- Configuring incomplete, errors occurred!
[0.876s] See also "/home/jun/ros2_ws/build/pcl_processing/CMakeFiles/CMakeOutput.log".
[0.884s] gmake: *** [Makefile:267: cmake_check_build_system] Error 1
[0.885s] Invoked command in '/home/jun/ros2_ws/build/pcl_processing' returned '2': CMAKE_PREFIX_PATH=${CMAKE_PREFIX_PATH}:/home/jun/ros2_ws/install/py_pubsub:/opt/ros/humble /usr/bin/cmake --build /home/jun/ros2_ws/build/pcl_processing -- -j8 -l8
