[0.012s] Invoking command in '/home/jun/ros2_ws/build/turtlebot3_gazebo': CMAKE_PREFIX_PATH=${CMAKE_PREFIX_PATH}:/home/jun/ros2_ws/install/py_pubsub:/opt/ros/humble /usr/bin/cmake /home/jun/ros2_ws/src/turtlebot3_gazebo -DCMAKE_INSTALL_PREFIX=/home/jun/ros2_ws/install/turtlebot3_gazebo
[0.051s] -- The C compiler identification is GNU 11.4.0
[0.086s] -- The CXX compiler identification is GNU 11.4.0
[0.091s] -- Detecting C compiler ABI info
[0.143s] -- Detecting C compiler ABI info - done
[0.151s] -- Check for working C compiler: /usr/bin/cc - skipped
[0.151s] -- Detecting C compile features
[0.152s] -- Detecting C compile features - done
[0.154s] -- Detecting CXX compiler ABI info
[0.204s] -- Detecting CXX compiler ABI info - done
[0.209s] -- Check for working CXX compiler: /usr/bin/c++ - skipped
[0.209s] -- Detecting CXX compile features
[0.210s] -- Detecting CXX compile features - done
[0.211s] -- Found ament_cmake: 1.3.8 (/opt/ros/humble/share/ament_cmake/cmake)
[0.321s] -- Found Python3: /usr/bin/python3 (found version "3.10.12") found components: Interpreter 
[0.385s] -- Configuring incomplete, errors occurred!
[0.385s] See also "/home/jun/ros2_ws/build/turtlebot3_gazebo/CMakeFiles/CMakeOutput.log".
[0.385s] [31mCMake Error at CMakeLists.txt:23 (find_package):
[0.385s]   By not providing "Findgazebo.cmake" in CMAKE_MODULE_PATH this project has
[0.385s]   asked CMake to find a package configuration file provided by "gazebo", but
[0.385s]   CMake did not find one.
[0.386s] 
[0.386s]   Could not find a package configuration file provided by "gazebo" with any
[0.386s]   of the following names:
[0.386s] 
[0.386s]     gazeboConfig.cmake
[0.386s]     gazebo-config.cmake
[0.386s] 
[0.386s]   Add the installation prefix of "gazebo" to CMAKE_PREFIX_PATH or set
[0.386s]   "gazebo_DIR" to a directory containing one of the above files.  If "gazebo"
[0.386s]   provides a separate development package or SDK, be sure it has been
[0.386s]   installed.
[0.386s] 
[0.386s] [0m
[0.388s] Invoked command in '/home/jun/ros2_ws/build/turtlebot3_gazebo' returned '1': CMAKE_PREFIX_PATH=${CMAKE_PREFIX_PATH}:/home/jun/ros2_ws/install/py_pubsub:/opt/ros/humble /usr/bin/cmake /home/jun/ros2_ws/src/turtlebot3_gazebo -DCMAKE_INSTALL_PREFIX=/home/jun/ros2_ws/install/turtlebot3_gazebo
