[35m[1mConsolidate compiler generated dependencies of target pcd_import[0m
[35m[1mConsolidate compiler generated dependencies of target kd_tree[0m
[35m[1mConsolidate compiler generated dependencies of target plane_cloud[0m
[35m[1mConsolidate compiler generated dependencies of target circular_cloud[0m
[  7%] [32mBuilding CXX object CMakeFiles/traffic_segmentation.dir/src/7_traffic_segmentation.cpp.o[0m
[ 14%] [32mBuilding CXX object CMakeFiles/kitti_voxel.dir/src/5_kitti_voxel.cpp.o[0m
[ 21%] [32mBuilding CXX object CMakeFiles/pcl_filter.dir/src/3_filtering.cpp.o[0m
[ 35%] Built target kd_tree
[ 64%] Built target pcd_import
[ 64%] Built target circular_cloud
[ 78%] Built target plane_cloud
[ 85%] [32m[1mLinking CXX executable pcl_filter[0m
[ 85%] Built target pcl_filter
[ 92%] [32m[1mLinking CXX executable kitti_voxel[0m
[ 92%] Built target kitti_voxel
[100%] [32m[1mLinking CXX executable traffic_segmentation[0m
[100%] Built target traffic_segmentation
-- Install configuration: ""
-- Installing: /home/jun/ros2_ws/install/pcl_processing/lib/pcl_processing/kitti_voxel
-- Set runtime path of "/home/jun/ros2_ws/install/pcl_processing/lib/pcl_processing/kitti_voxel" to ""
-- Installing: /home/jun/ros2_ws/install/pcl_processing/lib/pcl_processing/circular_cloud
-- Installing: /home/jun/ros2_ws/install/pcl_processing/lib/pcl_processing/pcd_import
-- Installing: /home/jun/ros2_ws/install/pcl_processing/lib/pcl_processing/plane_cloud
-- Installing: /home/jun/ros2_ws/install/pcl_processing/lib/pcl_processing/kd_tree
-- Installing: /home/jun/ros2_ws/install/pcl_processing/lib/pcl_processing/traffic_segmentation
-- Set runtime path of "/home/jun/ros2_ws/install/pcl_processing/lib/pcl_processing/traffic_segmentation" to ""
-- Installing: /home/jun/ros2_ws/install/pcl_processing/share/pcl_processing//launch
-- Installing: /home/jun/ros2_ws/install/pcl_processing/share/pcl_processing//launch/rtab_mapping.launch.py
-- Installing: /home/jun/ros2_ws/install/pcl_processing/share/pcl_processing//launch/bring_rviz.launch.py
-- Installing: /home/jun/ros2_ws/install/pcl_processing/share/pcl_processing//launch/process_kitti.launch.py
-- Installing: /home/jun/ros2_ws/install/pcl_processing/share/pcl_processing//rviz
-- Installing: /home/jun/ros2_ws/install/pcl_processing/share/pcl_processing//rviz/kitti_viz.rviz
-- Installing: /home/jun/ros2_ws/install/pcl_processing/share/ament_index/resource_index/package_run_dependencies/pcl_processing
-- Installing: /home/jun/ros2_ws/install/pcl_processing/share/ament_index/resource_index/parent_prefix_path/pcl_processing
-- Installing: /home/jun/ros2_ws/install/pcl_processing/share/pcl_processing/environment/ament_prefix_path.sh
-- Installing: /home/jun/ros2_ws/install/pcl_processing/share/pcl_processing/environment/ament_prefix_path.dsv
-- Installing: /home/jun/ros2_ws/install/pcl_processing/share/pcl_processing/environment/path.sh
-- Installing: /home/jun/ros2_ws/install/pcl_processing/share/pcl_processing/environment/path.dsv
-- Installing: /home/jun/ros2_ws/install/pcl_processing/share/pcl_processing/local_setup.bash
-- Installing: /home/jun/ros2_ws/install/pcl_processing/share/pcl_processing/local_setup.sh
-- Installing: /home/jun/ros2_ws/install/pcl_processing/share/pcl_processing/local_setup.zsh
-- Installing: /home/jun/ros2_ws/install/pcl_processing/share/pcl_processing/local_setup.dsv
-- Installing: /home/jun/ros2_ws/install/pcl_processing/share/pcl_processing/package.dsv
-- Installing: /home/jun/ros2_ws/install/pcl_processing/share/ament_index/resource_index/packages/pcl_processing
-- Installing: /home/jun/ros2_ws/install/pcl_processing/share/pcl_processing/cmake/pcl_processingConfig.cmake
-- Installing: /home/jun/ros2_ws/install/pcl_processing/share/pcl_processing/cmake/pcl_processingConfig-version.cmake
-- Installing: /home/jun/ros2_ws/install/pcl_processing/share/pcl_processing/package.xml
