[0.014s] Invoking command in '/home/jun/ros2_ws/build/pcl_processing': CMAKE_PREFIX_PATH=/opt/ros/humble /usr/bin/cmake --build /home/jun/ros2_ws/build/pcl_processing -- -j8 -l8
[0.074s] [35m[1mConsolidate compiler generated dependencies of target pcd_import[0m
[0.074s] [35m[1mConsolidate compiler generated dependencies of target kd_tree[0m
[0.075s] [35m[1mConsolidate compiler generated dependencies of target plane_cloud[0m
[0.075s] [35m[1mConsolidate compiler generated dependencies of target circular_cloud[0m
[0.087s] [  7%] [32mBuilding CXX object CMakeFiles/traffic_segmentation.dir/src/7_traffic_segmentation.cpp.o[0m
[0.088s] [ 14%] [32mBuilding CXX object CMakeFiles/kitti_voxel.dir/src/5_kitti_voxel.cpp.o[0m
[0.094s] [ 21%] [32mBuilding CXX object CMakeFiles/pcl_filter.dir/src/3_filtering.cpp.o[0m
[0.119s] [ 35%] Built target kd_tree
[0.125s] [ 64%] Built target pcd_import
[0.125s] [ 64%] Built target circular_cloud
[0.139s] [ 78%] Built target plane_cloud
[11.043s] [ 85%] [32m[1mLinking CXX executable pcl_filter[0m
[13.875s] [ 85%] Built target pcl_filter
[16.009s] [ 92%] [32m[1mLinking CXX executable kitti_voxel[0m
[17.134s] [ 92%] Built target kitti_voxel
[18.919s] [100%] [32m[1mLinking CXX executable traffic_segmentation[0m
[20.952s] [100%] Built target traffic_segmentation
[20.988s] Invoked command in '/home/jun/ros2_ws/build/pcl_processing' returned '0': CMAKE_PREFIX_PATH=/opt/ros/humble /usr/bin/cmake --build /home/jun/ros2_ws/build/pcl_processing -- -j8 -l8
[21.016s] Invoking command in '/home/jun/ros2_ws/build/pcl_processing': CMAKE_PREFIX_PATH=/opt/ros/humble /usr/bin/cmake --install /home/jun/ros2_ws/build/pcl_processing
[21.020s] -- Install configuration: ""
[21.020s] -- Installing: /home/jun/ros2_ws/install/pcl_processing/lib/pcl_processing/kitti_voxel
[21.022s] -- Set runtime path of "/home/jun/ros2_ws/install/pcl_processing/lib/pcl_processing/kitti_voxel" to ""
[21.022s] -- Installing: /home/jun/ros2_ws/install/pcl_processing/lib/pcl_processing/circular_cloud
[21.023s] -- Installing: /home/jun/ros2_ws/install/pcl_processing/lib/pcl_processing/pcd_import
[21.023s] -- Installing: /home/jun/ros2_ws/install/pcl_processing/lib/pcl_processing/plane_cloud
[21.023s] -- Installing: /home/jun/ros2_ws/install/pcl_processing/lib/pcl_processing/kd_tree
[21.024s] -- Installing: /home/jun/ros2_ws/install/pcl_processing/lib/pcl_processing/traffic_segmentation
[21.026s] -- Set runtime path of "/home/jun/ros2_ws/install/pcl_processing/lib/pcl_processing/traffic_segmentation" to ""
[21.027s] -- Installing: /home/jun/ros2_ws/install/pcl_processing/share/pcl_processing//launch
[21.027s] -- Installing: /home/jun/ros2_ws/install/pcl_processing/share/pcl_processing//launch/rtab_mapping.launch.py
[21.027s] -- Installing: /home/jun/ros2_ws/install/pcl_processing/share/pcl_processing//launch/bring_rviz.launch.py
[21.027s] -- Installing: /home/jun/ros2_ws/install/pcl_processing/share/pcl_processing//launch/process_kitti.launch.py
[21.027s] -- Installing: /home/jun/ros2_ws/install/pcl_processing/share/pcl_processing//rviz
[21.028s] -- Installing: /home/jun/ros2_ws/install/pcl_processing/share/pcl_processing//rviz/kitti_viz.rviz
[21.028s] -- Installing: /home/jun/ros2_ws/install/pcl_processing/share/ament_index/resource_index/package_run_dependencies/pcl_processing
[21.029s] -- Installing: /home/jun/ros2_ws/install/pcl_processing/share/ament_index/resource_index/parent_prefix_path/pcl_processing
[21.029s] -- Installing: /home/jun/ros2_ws/install/pcl_processing/share/pcl_processing/environment/ament_prefix_path.sh
[21.029s] -- Installing: /home/jun/ros2_ws/install/pcl_processing/share/pcl_processing/environment/ament_prefix_path.dsv
[21.029s] -- Installing: /home/jun/ros2_ws/install/pcl_processing/share/pcl_processing/environment/path.sh
[21.029s] -- Installing: /home/jun/ros2_ws/install/pcl_processing/share/pcl_processing/environment/path.dsv
[21.029s] -- Installing: /home/jun/ros2_ws/install/pcl_processing/share/pcl_processing/local_setup.bash
[21.029s] -- Installing: /home/jun/ros2_ws/install/pcl_processing/share/pcl_processing/local_setup.sh
[21.029s] -- Installing: /home/jun/ros2_ws/install/pcl_processing/share/pcl_processing/local_setup.zsh
[21.030s] -- Installing: /home/jun/ros2_ws/install/pcl_processing/share/pcl_processing/local_setup.dsv
[21.030s] -- Installing: /home/jun/ros2_ws/install/pcl_processing/share/pcl_processing/package.dsv
[21.030s] -- Installing: /home/jun/ros2_ws/install/pcl_processing/share/ament_index/resource_index/packages/pcl_processing
[21.030s] -- Installing: /home/jun/ros2_ws/install/pcl_processing/share/pcl_processing/cmake/pcl_processingConfig.cmake
[21.030s] -- Installing: /home/jun/ros2_ws/install/pcl_processing/share/pcl_processing/cmake/pcl_processingConfig-version.cmake
[21.030s] -- Installing: /home/jun/ros2_ws/install/pcl_processing/share/pcl_processing/package.xml
[21.032s] Invoked command in '/home/jun/ros2_ws/build/pcl_processing' returned '0': CMAKE_PREFIX_PATH=/opt/ros/humble /usr/bin/cmake --install /home/jun/ros2_ws/build/pcl_processing
