[0.022s] Invoking command in '/home/jun/ros2_ws/build/pcl_processing': CMAKE_PREFIX_PATH=${CMAKE_PREFIX_PATH}:/opt/ros/humble /usr/bin/cmake --build /home/jun/ros2_ws/build/pcl_processing -- -j8 -l8
[0.075s] -- Found ament_cmake: 1.3.8 (/opt/ros/humble/share/ament_cmake/cmake)
[0.324s] -- Eigen found (include: /usr/include/eigen3, version: 3.4.0)
[0.404s] -- FLANN found (include: /usr/include, lib: /usr/lib/x86_64-linux-gnu/libflann_cpp.so)
[0.917s] -- OpenNI found (version: 1.5.4.0, include: /usr/include/ni, lib: /usr/lib/libOpenNI.so;libusb::libusb)
[0.924s] -- OpenNI2 found (version: 2.2.0.33, include: /usr/include/openni2, lib: /usr/lib/x86_64-linux-gnu/libOpenNI2.so;libusb::libusb)
[0.924s] [0m** WARNING ** io features related to pcap will be disabled[0m
[1.146s] -- Eigen found (include: /usr/include/eigen3, version: 3.4.0)
[1.155s] -- OpenNI found (version: 1.5.4.0, include: /usr/include/ni, lib: /usr/lib/libOpenNI.so;libusb::libusb)
[1.164s] -- OpenNI2 found (version: 2.2.0.33, include: /usr/include/openni2, lib: /usr/lib/x86_64-linux-gnu/libOpenNI2.so;libusb::libusb)
[1.378s] -- Found Qhull version 8.0.2
[1.588s] -- OpenNI found (version: 1.5.4.0, include: /usr/include/ni, lib: /usr/lib/libOpenNI.so;libusb::libusb)
[1.786s] -- looking for PCL_COMMON
[1.786s] -- looking for PCL_KDTREE
[1.786s] -- looking for PCL_OCTREE
[1.787s] -- looking for PCL_SEARCH
[1.787s] -- looking for PCL_SAMPLE_CONSENSUS
[1.787s] -- looking for PCL_FILTERS
[1.788s] -- looking for PCL_2D
[1.788s] -- looking for PCL_GEOMETRY
[1.789s] -- looking for PCL_IO
[1.789s] -- looking for PCL_FEATURES
[1.789s] -- looking for PCL_ML
[1.790s] -- looking for PCL_SEGMENTATION
[1.790s] -- looking for PCL_VISUALIZATION
[1.791s] -- looking for PCL_SURFACE
[1.791s] -- looking for PCL_REGISTRATION
[1.792s] -- looking for PCL_KEYPOINTS
[1.792s] -- looking for PCL_TRACKING
[1.793s] -- looking for PCL_RECOGNITION
[1.793s] -- looking for PCL_STEREO
[1.795s] -- looking for PCL_APPS
[1.796s] -- looking for PCL_IN_HAND_SCANNER
[1.796s] -- looking for PCL_MODELER
[1.797s] -- looking for PCL_POINT_CLOUD_EDITOR
[1.798s] -- looking for PCL_OUTOFCORE
[1.798s] -- looking for PCL_PEOPLE
[1.897s] -- Configuring done
[1.904s] [31mCMake Error at CMakeLists.txt:28 (add_executable):
[1.904s]   Cannot find source file:
[1.904s] 
[1.904s]     src/4_path.cpp
[1.904s] 
[1.904s]   Tried extensions .c .C .c++ .cc .cpp .cxx .cu .mpp .m .M .mm .ixx .cppm .h
[1.904s]   .hh .h++ .hm .hpp .hxx .in .txx .f .F .for .f77 .f90 .f95 .f03 .hip .ispc
[1.905s] 
[1.905s] [0m
[1.906s] [31mCMake Error at CMakeLists.txt:28 (add_executable):
[1.906s]   No SOURCES given to target: pcl_path
[1.907s] 
[1.907s] [0m
[1.907s] [0mCMake Generate step failed.  Build files cannot be regenerated correctly.[0m
[1.925s] gmake: *** [Makefile:431: cmake_check_build_system] Error 1
[1.928s] Invoked command in '/home/jun/ros2_ws/build/pcl_processing' returned '2': CMAKE_PREFIX_PATH=${CMAKE_PREFIX_PATH}:/opt/ros/humble /usr/bin/cmake --build /home/jun/ros2_ws/build/pcl_processing -- -j8 -l8
