[0.010s] Invoking command in '/home/jun/ros2_ws/build/pcl_processing': CMAKE_PREFIX_PATH=${CMAKE_PREFIX_PATH}:/home/jun/ros2_ws/install/py_pubsub:/opt/ros/humble /usr/bin/cmake --build /home/jun/ros2_ws/build/pcl_processing -- -j8 -l8
[0.023s] -- Found ament_cmake: 1.3.8 (/opt/ros/humble/share/ament_cmake/cmake)
[0.116s] -- Checking for module 'eigen3'
[0.125s] --   Found eigen3, version 3.4.0
[0.142s] -- Found Eigen: /usr/include/eigen3 (Required is at least version "3.1") 
[0.142s] -- Eigen found (include: /usr/include/eigen3, version: 3.4.0)
[0.153s] -- Found Boost: /usr/lib/x86_64-linux-gnu/cmake/Boost-1.74.0/BoostConfig.cmake (found suitable version "1.74.0", minimum required is "1.65.0") found components: system filesystem date_time iostreams serialization 
[0.162s] -- Checking for module 'flann'
[0.169s] --   Found flann, version 1.9.1
[0.194s] -- Found FLANN: /usr/lib/x86_64-linux-gnu/libflann_cpp.so  
[0.194s] -- FLANN found (include: /usr/include, lib: /usr/lib/x86_64-linux-gnu/libflann_cpp.so)
[0.217s] -- Looking for pthread.h
[0.264s] -- Looking for pthread.h - found
[0.264s] -- Performing Test CMAKE_HAVE_LIBC_PTHREAD
[0.312s] -- Performing Test CMAKE_HAVE_LIBC_PTHREAD - Success
[0.313s] -- Found Threads: TRUE  
[0.314s] -- Found GLEW: /usr/lib/x86_64-linux-gnu/libGLEW.so  
[0.318s] -- Found OpenGL: /usr/lib/x86_64-linux-gnu/libOpenGL.so  found components: OpenGL GLX 
[0.429s] -- Found MPI_C: /usr/lib/x86_64-linux-gnu/libmpi.so (found version "3.1") 
[0.429s] -- Found MPI: TRUE (found version "3.1") found components: C 
[0.431s] -- Found JsonCpp: /usr/lib/x86_64-linux-gnu/libjsoncpp.so (found suitable version "1.9.5", minimum required is "0.7.0") 
[0.439s] -- Found ZLIB: /usr/lib/x86_64-linux-gnu/libz.so (found version "1.2.11") 
[0.450s] -- Found PNG: /usr/lib/x86_64-linux-gnu/libpng.so (found version "1.6.37") 
[0.457s] -- Found Eigen3: /usr/include/eigen3 (found version "3.4.0") 
[0.503s] -- Found X11: /usr/include   
[0.503s] -- Looking for XOpenDisplay in /usr/lib/x86_64-linux-gnu/libX11.so;/usr/lib/x86_64-linux-gnu/libXext.so
[0.558s] -- Looking for XOpenDisplay in /usr/lib/x86_64-linux-gnu/libX11.so;/usr/lib/x86_64-linux-gnu/libXext.so - found
[0.558s] -- Looking for gethostbyname
[0.608s] -- Looking for gethostbyname - found
[0.608s] -- Looking for connect
[0.658s] -- Looking for connect - found
[0.658s] -- Looking for remove
[0.704s] -- Looking for remove - found
[0.705s] -- Looking for shmat
[0.761s] -- Looking for shmat - found
[0.761s] -- Looking for IceConnectionNumber in ICE
[0.808s] -- Looking for IceConnectionNumber in ICE - found
[0.855s] -- Found EXPAT: /usr/lib/x86_64-linux-gnu/libexpat.so (found version "2.4.7") 
[0.857s] -- Found double-conversion: /usr/lib/x86_64-linux-gnu/libdouble-conversion.so  
[0.858s] -- Found LZ4: /usr/lib/x86_64-linux-gnu/liblz4.so (found version "1.9.3") 
[0.859s] -- Found LZMA: /usr/lib/x86_64-linux-gnu/liblzma.so (found version "5.2.5") 
[0.867s] -- Found JPEG: /usr/lib/x86_64-linux-gnu/libjpeg.so (found version "80") 
[0.871s] -- Found TIFF: /usr/lib/x86_64-linux-gnu/libtiff.so (found version "4.3.0")  
[0.874s] -- Found Freetype: /usr/lib/x86_64-linux-gnu/libfreetype.so (found version "2.11.1") 
[0.877s] -- Found utf8cpp: /usr/include/utf8cpp  
[0.919s] -- Checking for module 'libusb-1.0'
[0.926s] --   Found libusb-1.0, version 1.0.25
[0.946s] -- Found libusb: /usr/lib/x86_64-linux-gnu/libusb-1.0.so  
[0.946s] -- Found OpenNI: /usr/lib/libOpenNI.so;libusb::libusb (found version "1.5.4.0") 
[0.946s] -- OpenNI found (version: 1.5.4.0, include: /usr/include/ni, lib: /usr/lib/libOpenNI.so;libusb::libusb)
[0.974s] -- Found OpenNI2: /usr/lib/x86_64-linux-gnu/libOpenNI2.so;libusb::libusb (found version "2.2.0.33") 
[0.974s] -- OpenNI2 found (version: 2.2.0.33, include: /usr/include/openni2, lib: /usr/lib/x86_64-linux-gnu/libOpenNI2.so;libusb::libusb)
[0.974s] [0m** WARNING ** io features related to pcap will be disabled[0m
[1.078s] -- Eigen found (include: /usr/include/eigen3, version: 3.4.0)
[1.082s] -- OpenNI found (version: 1.5.4.0, include: /usr/include/ni, lib: /usr/lib/libOpenNI.so;libusb::libusb)
[1.086s] -- OpenNI2 found (version: 2.2.0.33, include: /usr/include/openni2, lib: /usr/lib/x86_64-linux-gnu/libOpenNI2.so;libusb::libusb)
[1.183s] -- Found Qhull version 8.0.2
[1.284s] -- OpenNI found (version: 1.5.4.0, include: /usr/include/ni, lib: /usr/lib/libOpenNI.so;libusb::libusb)
[1.383s] -- looking for PCL_COMMON
[1.384s] -- Found PCL_COMMON: /usr/lib/x86_64-linux-gnu/libpcl_common.so  
[1.384s] -- looking for PCL_KDTREE
[1.385s] -- Found PCL_KDTREE: /usr/lib/x86_64-linux-gnu/libpcl_kdtree.so  
[1.385s] -- looking for PCL_OCTREE
[1.385s] -- Found PCL_OCTREE: /usr/lib/x86_64-linux-gnu/libpcl_octree.so  
[1.385s] -- looking for PCL_SEARCH
[1.386s] -- Found PCL_SEARCH: /usr/lib/x86_64-linux-gnu/libpcl_search.so  
[1.386s] -- looking for PCL_SAMPLE_CONSENSUS
[1.386s] -- Found PCL_SAMPLE_CONSENSUS: /usr/lib/x86_64-linux-gnu/libpcl_sample_consensus.so  
[1.386s] -- looking for PCL_FILTERS
[1.387s] -- Found PCL_FILTERS: /usr/lib/x86_64-linux-gnu/libpcl_filters.so  
[1.387s] -- looking for PCL_2D
[1.387s] -- Found PCL_2D: /usr/include/pcl-1.12  
[1.387s] -- looking for PCL_GEOMETRY
[1.387s] -- Found PCL_GEOMETRY: /usr/include/pcl-1.12  
[1.387s] -- looking for PCL_IO
[1.388s] -- Found PCL_IO: /usr/lib/x86_64-linux-gnu/libpcl_io.so  
[1.388s] -- looking for PCL_FEATURES
[1.388s] -- Found PCL_FEATURES: /usr/lib/x86_64-linux-gnu/libpcl_features.so  
[1.388s] -- looking for PCL_ML
[1.389s] -- Found PCL_ML: /usr/lib/x86_64-linux-gnu/libpcl_ml.so  
[1.389s] -- looking for PCL_SEGMENTATION
[1.390s] -- Found PCL_SEGMENTATION: /usr/lib/x86_64-linux-gnu/libpcl_segmentation.so  
[1.390s] -- looking for PCL_VISUALIZATION
[1.390s] -- Found PCL_VISUALIZATION: /usr/lib/x86_64-linux-gnu/libpcl_visualization.so  
[1.390s] -- looking for PCL_SURFACE
[1.391s] -- Found PCL_SURFACE: /usr/lib/x86_64-linux-gnu/libpcl_surface.so  
[1.391s] -- looking for PCL_REGISTRATION
[1.392s] -- Found PCL_REGISTRATION: /usr/lib/x86_64-linux-gnu/libpcl_registration.so  
[1.392s] -- looking for PCL_KEYPOINTS
[1.392s] -- Found PCL_KEYPOINTS: /usr/lib/x86_64-linux-gnu/libpcl_keypoints.so  
[1.392s] -- looking for PCL_TRACKING
[1.393s] -- Found PCL_TRACKING: /usr/lib/x86_64-linux-gnu/libpcl_tracking.so  
[1.393s] -- looking for PCL_RECOGNITION
[1.393s] -- Found PCL_RECOGNITION: /usr/lib/x86_64-linux-gnu/libpcl_recognition.so  
[1.394s] -- looking for PCL_STEREO
[1.394s] -- Found PCL_STEREO: /usr/lib/x86_64-linux-gnu/libpcl_stereo.so  
[1.394s] -- looking for PCL_APPS
[1.395s] -- Found PCL_APPS: /usr/lib/x86_64-linux-gnu/libpcl_apps.so  
[1.395s] -- looking for PCL_IN_HAND_SCANNER
[1.395s] -- Found PCL_IN_HAND_SCANNER: /usr/include/pcl-1.12  
[1.395s] -- looking for PCL_MODELER
[1.395s] -- Found PCL_MODELER: /usr/include/pcl-1.12  
[1.396s] -- looking for PCL_POINT_CLOUD_EDITOR
[1.396s] -- Found PCL_POINT_CLOUD_EDITOR: /usr/include/pcl-1.12  
[1.396s] -- looking for PCL_OUTOFCORE
[1.396s] -- Found PCL_OUTOFCORE: /usr/lib/x86_64-linux-gnu/libpcl_outofcore.so  
[1.396s] -- looking for PCL_PEOPLE
[1.397s] -- Found PCL_PEOPLE: /usr/lib/x86_64-linux-gnu/libpcl_people.so  
[1.398s] -- Found PCL: pcl_common;pcl_kdtree;pcl_octree;pcl_search;pcl_sample_consensus;pcl_filters;pcl_io;pcl_features;pcl_ml;pcl_segmentation;pcl_visualization;pcl_surface;pcl_registration;pcl_keypoints;pcl_tracking;pcl_recognition;pcl_stereo;pcl_apps;pcl_outofcore;pcl_people;Boost::system;Boost::filesystem;Boost::date_time;Boost::iostreams;Boost::serialization;/usr/lib/libOpenNI.so;libusb::libusb;/usr/lib/x86_64-linux-gnu/libOpenNI2.so;libusb::libusb;VTK::ChartsCore;VTK::CommonColor;VTK::CommonComputationalGeometry;VTK::CommonCore;VTK::CommonDataModel;VTK::CommonExecutionModel;VTK::CommonMath;VTK::CommonMisc;VTK::CommonTransforms;VTK::FiltersCore;VTK::FiltersExtraction;VTK::FiltersGeneral;VTK::FiltersGeometry;VTK::FiltersModeling;VTK::FiltersSources;VTK::ImagingCore;VTK::ImagingSources;VTK::InteractionImage;VTK::InteractionStyle;VTK::InteractionWidgets;VTK::IOCore;VTK::IOGeometry;VTK::IOImage;VTK::IOLegacy;VTK::IOPLY;VTK::RenderingAnnotation;VTK::RenderingCore;VTK::RenderingContext2D;VTK::RenderingLOD;VTK::RenderingFreeType;VTK::ViewsCore;VTK::ViewsContext2D;VTK::RenderingOpenGL2;VTK::GUISupportQt;FLANN::FLANN;QHULL::QHULL  
[1.398s] [31mCMake Error at CMakeLists.txt:14 (add_definition):
[1.398s]   Unknown CMake command "add_definition".
[1.398s] 
[1.398s] [0m
[1.398s] -- Configuring incomplete, errors occurred!
[1.398s] See also "/home/jun/ros2_ws/build/pcl_processing/CMakeFiles/CMakeOutput.log".
[1.412s] gmake: *** [Makefile:226: cmake_check_build_system] Error 1
[1.413s] Invoked command in '/home/jun/ros2_ws/build/pcl_processing' returned '2': CMAKE_PREFIX_PATH=${CMAKE_PREFIX_PATH}:/home/jun/ros2_ws/install/py_pubsub:/opt/ros/humble /usr/bin/cmake --build /home/jun/ros2_ws/build/pcl_processing -- -j8 -l8
